[0.931s] Invoking command in '/home/engineer/ros2_ws/src/Autonomous-Wheelchair-System/Positioning/SensorFusion/sensor_fusion': PYTHONPATH=/home/engineer/ros2_ws/src/Autonomous-Wheelchair-System/Positioning/SensorFusion/build/sensor_fusion/prefix_override:/usr/lib/python3/dist-packages/colcon_core/task/python/colcon_distutils_commands:/home/engineer/ros2_ws/src/Autonomous-Wheelchair-System/Positioning/SensorFusion/install/sensor_fusion/lib/python3.12/site-packages:${PYTHONPATH} /usr/bin/python3 -W ignore:setup.py install is deprecated -W ignore:easy_install command is deprecated setup.py egg_info --egg-base ../build/sensor_fusion build --build-base /home/engineer/ros2_ws/src/Autonomous-Wheelchair-System/Positioning/SensorFusion/build/sensor_fusion/build install --record /home/engineer/ros2_ws/src/Autonomous-Wheelchair-System/Positioning/SensorFusion/build/sensor_fusion/install.log --single-version-externally-managed install_data
[1.111s] running egg_info
[1.112s] creating ../build/sensor_fusion/sensor_fusion.egg-info
[1.124s] writing ../build/sensor_fusion/sensor_fusion.egg-info/PKG-INFO
[1.125s] writing dependency_links to ../build/sensor_fusion/sensor_fusion.egg-info/dependency_links.txt
[1.125s] writing requirements to ../build/sensor_fusion/sensor_fusion.egg-info/requires.txt
[1.125s] writing top-level names to ../build/sensor_fusion/sensor_fusion.egg-info/top_level.txt
[1.125s] writing manifest file '../build/sensor_fusion/sensor_fusion.egg-info/SOURCES.txt'
[1.151s] reading manifest file '../build/sensor_fusion/sensor_fusion.egg-info/SOURCES.txt'
[1.152s] writing manifest file '../build/sensor_fusion/sensor_fusion.egg-info/SOURCES.txt'
[1.152s] running build
[1.152s] running build_py
[1.153s] creating /home/engineer/ros2_ws/src/Autonomous-Wheelchair-System/Positioning/SensorFusion/build/sensor_fusion/build
[1.153s] creating /home/engineer/ros2_ws/src/Autonomous-Wheelchair-System/Positioning/SensorFusion/build/sensor_fusion/build/lib
[1.153s] creating /home/engineer/ros2_ws/src/Autonomous-Wheelchair-System/Positioning/SensorFusion/build/sensor_fusion/build/lib/sensor_fusion
[1.153s] copying sensor_fusion/__init__.py -> /home/engineer/ros2_ws/src/Autonomous-Wheelchair-System/Positioning/SensorFusion/build/sensor_fusion/build/lib/sensor_fusion
[1.153s] running install
[1.158s] running install_lib
[1.171s] creating /home/engineer/ros2_ws/src/Autonomous-Wheelchair-System/Positioning/SensorFusion/install/sensor_fusion/lib/python3.12/site-packages/sensor_fusion
[1.171s] copying /home/engineer/ros2_ws/src/Autonomous-Wheelchair-System/Positioning/SensorFusion/build/sensor_fusion/build/lib/sensor_fusion/__init__.py -> /home/engineer/ros2_ws/src/Autonomous-Wheelchair-System/Positioning/SensorFusion/install/sensor_fusion/lib/python3.12/site-packages/sensor_fusion
[1.171s] byte-compiling /home/engineer/ros2_ws/src/Autonomous-Wheelchair-System/Positioning/SensorFusion/install/sensor_fusion/lib/python3.12/site-packages/sensor_fusion/__init__.py to __init__.cpython-312.pyc
[1.172s] running install_data
[1.172s] creating /home/engineer/ros2_ws/src/Autonomous-Wheelchair-System/Positioning/SensorFusion/install/sensor_fusion/share/ament_index
[1.172s] creating /home/engineer/ros2_ws/src/Autonomous-Wheelchair-System/Positioning/SensorFusion/install/sensor_fusion/share/ament_index/resource_index
[1.172s] creating /home/engineer/ros2_ws/src/Autonomous-Wheelchair-System/Positioning/SensorFusion/install/sensor_fusion/share/ament_index/resource_index/packages
[1.173s] copying resource/sensor_fusion -> /home/engineer/ros2_ws/src/Autonomous-Wheelchair-System/Positioning/SensorFusion/install/sensor_fusion/share/ament_index/resource_index/packages
[1.173s] copying package.xml -> /home/engineer/ros2_ws/src/Autonomous-Wheelchair-System/Positioning/SensorFusion/install/sensor_fusion/share/sensor_fusion
[1.173s] running install_egg_info
[1.187s] Copying ../build/sensor_fusion/sensor_fusion.egg-info to /home/engineer/ros2_ws/src/Autonomous-Wheelchair-System/Positioning/SensorFusion/install/sensor_fusion/lib/python3.12/site-packages/sensor_fusion-0.0.0-py3.12.egg-info
[1.189s] running install_scripts
[1.278s] writing list of installed files to '/home/engineer/ros2_ws/src/Autonomous-Wheelchair-System/Positioning/SensorFusion/build/sensor_fusion/install.log'
[1.301s] Invoked command in '/home/engineer/ros2_ws/src/Autonomous-Wheelchair-System/Positioning/SensorFusion/sensor_fusion' returned '0': PYTHONPATH=/home/engineer/ros2_ws/src/Autonomous-Wheelchair-System/Positioning/SensorFusion/build/sensor_fusion/prefix_override:/usr/lib/python3/dist-packages/colcon_core/task/python/colcon_distutils_commands:/home/engineer/ros2_ws/src/Autonomous-Wheelchair-System/Positioning/SensorFusion/install/sensor_fusion/lib/python3.12/site-packages:${PYTHONPATH} /usr/bin/python3 -W ignore:setup.py install is deprecated -W ignore:easy_install command is deprecated setup.py egg_info --egg-base ../build/sensor_fusion build --build-base /home/engineer/ros2_ws/src/Autonomous-Wheelchair-System/Positioning/SensorFusion/build/sensor_fusion/build install --record /home/engineer/ros2_ws/src/Autonomous-Wheelchair-System/Positioning/SensorFusion/build/sensor_fusion/install.log --single-version-externally-managed install_data
