[0.721s] Invoking command in '/home/rudrh/Autonomous-Wheelchair-System/Navigation/Pathfinding/Navigation/build/navigation': PYTHONPATH=/home/rudrh/Autonomous-Wheelchair-System/Navigation/Pathfinding/Navigation/build/navigation/prefix_override:/usr/lib/python3/dist-packages/colcon_core/task/python/colcon_distutils_commands:/home/rudrh/Autonomous-Wheelchair-System/Navigation/Pathfinding/Navigation/install/navigation/lib/python3.12/site-packages:${PYTHONPATH} /usr/bin/python3 -W ignore:setup.py install is deprecated -W ignore:easy_install command is deprecated setup.py develop --editable --build-directory /home/rudrh/Autonomous-Wheelchair-System/Navigation/Pathfinding/Navigation/build/navigation/build --no-deps symlink_data
[1.010s] running develop
[1.180s] running egg_info
[1.180s] creating navigation.egg-info
[1.196s] writing navigation.egg-info/PKG-INFO
[1.196s] writing dependency_links to navigation.egg-info/dependency_links.txt
[1.196s] writing entry points to navigation.egg-info/entry_points.txt
[1.197s] writing requirements to navigation.egg-info/requires.txt
[1.197s] writing top-level names to navigation.egg-info/top_level.txt
[1.197s] writing manifest file 'navigation.egg-info/SOURCES.txt'
[1.238s] reading manifest file 'navigation.egg-info/SOURCES.txt'
[1.239s] writing manifest file 'navigation.egg-info/SOURCES.txt'
[1.256s] running build_ext
[1.256s] Creating /home/rudrh/Autonomous-Wheelchair-System/Navigation/Pathfinding/Navigation/install/navigation/lib/python3.12/site-packages/navigation.egg-link (link to .)
[1.257s] Installing cmd_vel_to_joystick script to /home/rudrh/Autonomous-Wheelchair-System/Navigation/Pathfinding/Navigation/install/navigation/lib/navigation
[1.257s] 
[1.258s] Installed /home/rudrh/Autonomous-Wheelchair-System/Navigation/Pathfinding/Navigation/build/navigation
[1.258s] running symlink_data
[1.258s] creating /home/rudrh/Autonomous-Wheelchair-System/Navigation/Pathfinding/Navigation/install/navigation/share/ament_index
[1.258s] creating /home/rudrh/Autonomous-Wheelchair-System/Navigation/Pathfinding/Navigation/install/navigation/share/ament_index/resource_index
[1.258s] creating /home/rudrh/Autonomous-Wheelchair-System/Navigation/Pathfinding/Navigation/install/navigation/share/ament_index/resource_index/packages
[1.258s] symbolically linking /home/rudrh/Autonomous-Wheelchair-System/Navigation/Pathfinding/Navigation/build/navigation/resource/navigation -> /home/rudrh/Autonomous-Wheelchair-System/Navigation/Pathfinding/Navigation/install/navigation/share/ament_index/resource_index/packages
[1.258s] symbolically linking /home/rudrh/Autonomous-Wheelchair-System/Navigation/Pathfinding/Navigation/build/navigation/package.xml -> /home/rudrh/Autonomous-Wheelchair-System/Navigation/Pathfinding/Navigation/install/navigation/share/navigation
[1.258s] creating /home/rudrh/Autonomous-Wheelchair-System/Navigation/Pathfinding/Navigation/install/navigation/share/navigation/launch
[1.259s] symbolically linking /home/rudrh/Autonomous-Wheelchair-System/Navigation/Pathfinding/Navigation/build/navigation/launch/navigation.launch.py -> /home/rudrh/Autonomous-Wheelchair-System/Navigation/Pathfinding/Navigation/install/navigation/share/navigation/launch
[1.259s] creating /home/rudrh/Autonomous-Wheelchair-System/Navigation/Pathfinding/Navigation/install/navigation/share/navigation/config
[1.259s] symbolically linking /home/rudrh/Autonomous-Wheelchair-System/Navigation/Pathfinding/Navigation/build/navigation/config/nav2_params.yaml -> /home/rudrh/Autonomous-Wheelchair-System/Navigation/Pathfinding/Navigation/install/navigation/share/navigation/config
[1.259s] creating /home/rudrh/Autonomous-Wheelchair-System/Navigation/Pathfinding/Navigation/install/navigation/share/navigation/rviz
[1.260s] symbolically linking /home/rudrh/Autonomous-Wheelchair-System/Navigation/Pathfinding/Navigation/build/navigation/rviz/navigation.rviz -> /home/rudrh/Autonomous-Wheelchair-System/Navigation/Pathfinding/Navigation/install/navigation/share/navigation/rviz
[1.285s] Invoked command in '/home/rudrh/Autonomous-Wheelchair-System/Navigation/Pathfinding/Navigation/build/navigation' returned '0': PYTHONPATH=/home/rudrh/Autonomous-Wheelchair-System/Navigation/Pathfinding/Navigation/build/navigation/prefix_override:/usr/lib/python3/dist-packages/colcon_core/task/python/colcon_distutils_commands:/home/rudrh/Autonomous-Wheelchair-System/Navigation/Pathfinding/Navigation/install/navigation/lib/python3.12/site-packages:${PYTHONPATH} /usr/bin/python3 -W ignore:setup.py install is deprecated -W ignore:easy_install command is deprecated setup.py develop --editable --build-directory /home/rudrh/Autonomous-Wheelchair-System/Navigation/Pathfinding/Navigation/build/navigation/build --no-deps symlink_data
