[2.160s] Invoking command in '/home/rudrh/Autonomous-Wheelchair-System/Positioning/MapGeneration/Mapping/build/map_generator': AMENT_PREFIX_PATH=/home/rudrh/Autonomous-Wheelchair-System/Positioning/MapGeneration/Mapping/install/sllidar_ros2:/home/rudrh/Autonomous-Wheelchair-System/Positioning/MapGeneration/Mapping/install/ros2_laser_scan_merger:${AMENT_PREFIX_PATH} CMAKE_PREFIX_PATH=/home/rudrh/Autonomous-Wheelchair-System/Positioning/MapGeneration/Mapping/install/sllidar_ros2:/home/rudrh/Autonomous-Wheelchair-System/Positioning/MapGeneration/Mapping/install/ros2_laser_scan_merger:${CMAKE_PREFIX_PATH} PYTHONPATH=/home/rudrh/Autonomous-Wheelchair-System/Positioning/MapGeneration/Mapping/build/map_generator/prefix_override:/usr/lib/python3/dist-packages/colcon_core/task/python/colcon_distutils_commands:/home/rudrh/Autonomous-Wheelchair-System/Positioning/MapGeneration/Mapping/install/map_generator/lib/python3.12/site-packages:${PYTHONPATH} /usr/bin/python3 -W ignore:setup.py install is deprecated -W ignore:easy_install command is deprecated setup.py develop --editable --build-directory /home/rudrh/Autonomous-Wheelchair-System/Positioning/MapGeneration/Mapping/build/map_generator/build --no-deps symlink_data
[2.481s] running develop
[2.674s] running egg_info
[2.674s] creating map_generator.egg-info
[2.691s] writing map_generator.egg-info/PKG-INFO
[2.692s] writing dependency_links to map_generator.egg-info/dependency_links.txt
[2.692s] writing entry points to map_generator.egg-info/entry_points.txt
[2.692s] writing requirements to map_generator.egg-info/requires.txt
[2.692s] writing top-level names to map_generator.egg-info/top_level.txt
[2.693s] writing manifest file 'map_generator.egg-info/SOURCES.txt'
[2.729s] reading manifest file 'map_generator.egg-info/SOURCES.txt'
[2.729s] writing manifest file 'map_generator.egg-info/SOURCES.txt'
[2.749s] running build_ext
[2.749s] Creating /home/rudrh/Autonomous-Wheelchair-System/Positioning/MapGeneration/Mapping/install/map_generator/lib/python3.12/site-packages/map-generator.egg-link (link to .)
[2.749s] Installing arduino_sensor_node script to /home/rudrh/Autonomous-Wheelchair-System/Positioning/MapGeneration/Mapping/install/map_generator/lib/map_generator
[2.750s] Installing arduino_sensor_node2 script to /home/rudrh/Autonomous-Wheelchair-System/Positioning/MapGeneration/Mapping/install/map_generator/lib/map_generator
[2.750s] Installing lidar_scan_merger script to /home/rudrh/Autonomous-Wheelchair-System/Positioning/MapGeneration/Mapping/install/map_generator/lib/map_generator
[2.750s] 
[2.750s] Installed /home/rudrh/Autonomous-Wheelchair-System/Positioning/MapGeneration/Mapping/build/map_generator
[2.751s] running symlink_data
[2.751s] creating /home/rudrh/Autonomous-Wheelchair-System/Positioning/MapGeneration/Mapping/install/map_generator/share/ament_index
[2.751s] creating /home/rudrh/Autonomous-Wheelchair-System/Positioning/MapGeneration/Mapping/install/map_generator/share/ament_index/resource_index
[2.751s] creating /home/rudrh/Autonomous-Wheelchair-System/Positioning/MapGeneration/Mapping/install/map_generator/share/ament_index/resource_index/packages
[2.752s] symbolically linking /home/rudrh/Autonomous-Wheelchair-System/Positioning/MapGeneration/Mapping/build/map_generator/resource/map_generator -> /home/rudrh/Autonomous-Wheelchair-System/Positioning/MapGeneration/Mapping/install/map_generator/share/ament_index/resource_index/packages
[2.752s] symbolically linking /home/rudrh/Autonomous-Wheelchair-System/Positioning/MapGeneration/Mapping/build/map_generator/package.xml -> /home/rudrh/Autonomous-Wheelchair-System/Positioning/MapGeneration/Mapping/install/map_generator/share/map_generator
[2.752s] creating /home/rudrh/Autonomous-Wheelchair-System/Positioning/MapGeneration/Mapping/install/map_generator/share/map_generator/launch
[2.752s] symbolically linking /home/rudrh/Autonomous-Wheelchair-System/Positioning/MapGeneration/Mapping/build/map_generator/launch/mapping.launch.py -> /home/rudrh/Autonomous-Wheelchair-System/Positioning/MapGeneration/Mapping/install/map_generator/share/map_generator/launch
[2.752s] symbolically linking /home/rudrh/Autonomous-Wheelchair-System/Positioning/MapGeneration/Mapping/build/map_generator/launch/sensors.launch2.py -> /home/rudrh/Autonomous-Wheelchair-System/Positioning/MapGeneration/Mapping/install/map_generator/share/map_generator/launch
[2.753s] symbolically linking /home/rudrh/Autonomous-Wheelchair-System/Positioning/MapGeneration/Mapping/build/map_generator/launch/lidars_merger.launch.py -> /home/rudrh/Autonomous-Wheelchair-System/Positioning/MapGeneration/Mapping/install/map_generator/share/map_generator/launch
[2.753s] symbolically linking /home/rudrh/Autonomous-Wheelchair-System/Positioning/MapGeneration/Mapping/build/map_generator/launch/sensors.launch.py -> /home/rudrh/Autonomous-Wheelchair-System/Positioning/MapGeneration/Mapping/install/map_generator/share/map_generator/launch
[2.753s] symbolically linking /home/rudrh/Autonomous-Wheelchair-System/Positioning/MapGeneration/Mapping/build/map_generator/launch/mapping.launch2.py -> /home/rudrh/Autonomous-Wheelchair-System/Positioning/MapGeneration/Mapping/install/map_generator/share/map_generator/launch
[2.753s] creating /home/rudrh/Autonomous-Wheelchair-System/Positioning/MapGeneration/Mapping/install/map_generator/share/map_generator/config
[2.753s] symbolically linking /home/rudrh/Autonomous-Wheelchair-System/Positioning/MapGeneration/Mapping/build/map_generator/config/slam_toolbox.yaml -> /home/rudrh/Autonomous-Wheelchair-System/Positioning/MapGeneration/Mapping/install/map_generator/share/map_generator/config
[2.754s] symbolically linking /home/rudrh/Autonomous-Wheelchair-System/Positioning/MapGeneration/Mapping/build/map_generator/config/sensor_params.yaml -> /home/rudrh/Autonomous-Wheelchair-System/Positioning/MapGeneration/Mapping/install/map_generator/share/map_generator/config
[2.754s] symbolically linking /home/rudrh/Autonomous-Wheelchair-System/Positioning/MapGeneration/Mapping/build/map_generator/config/ekf.yaml -> /home/rudrh/Autonomous-Wheelchair-System/Positioning/MapGeneration/Mapping/install/map_generator/share/map_generator/config
[2.754s] symbolically linking /home/rudrh/Autonomous-Wheelchair-System/Positioning/MapGeneration/Mapping/build/map_generator/config/sensor_params2.yaml -> /home/rudrh/Autonomous-Wheelchair-System/Positioning/MapGeneration/Mapping/install/map_generator/share/map_generator/config
[2.754s] creating /home/rudrh/Autonomous-Wheelchair-System/Positioning/MapGeneration/Mapping/install/map_generator/share/map_generator/rviz
[2.754s] symbolically linking /home/rudrh/Autonomous-Wheelchair-System/Positioning/MapGeneration/Mapping/build/map_generator/rviz/mapping.rviz -> /home/rudrh/Autonomous-Wheelchair-System/Positioning/MapGeneration/Mapping/install/map_generator/share/map_generator/rviz
[2.789s] Invoked command in '/home/rudrh/Autonomous-Wheelchair-System/Positioning/MapGeneration/Mapping/build/map_generator' returned '0': AMENT_PREFIX_PATH=/home/rudrh/Autonomous-Wheelchair-System/Positioning/MapGeneration/Mapping/install/sllidar_ros2:/home/rudrh/Autonomous-Wheelchair-System/Positioning/MapGeneration/Mapping/install/ros2_laser_scan_merger:${AMENT_PREFIX_PATH} CMAKE_PREFIX_PATH=/home/rudrh/Autonomous-Wheelchair-System/Positioning/MapGeneration/Mapping/install/sllidar_ros2:/home/rudrh/Autonomous-Wheelchair-System/Positioning/MapGeneration/Mapping/install/ros2_laser_scan_merger:${CMAKE_PREFIX_PATH} PYTHONPATH=/home/rudrh/Autonomous-Wheelchair-System/Positioning/MapGeneration/Mapping/build/map_generator/prefix_override:/usr/lib/python3/dist-packages/colcon_core/task/python/colcon_distutils_commands:/home/rudrh/Autonomous-Wheelchair-System/Positioning/MapGeneration/Mapping/install/map_generator/lib/python3.12/site-packages:${PYTHONPATH} /usr/bin/python3 -W ignore:setup.py install is deprecated -W ignore:easy_install command is deprecated setup.py develop --editable --build-directory /home/rudrh/Autonomous-Wheelchair-System/Positioning/MapGeneration/Mapping/build/map_generator/build --no-deps symlink_data
