[0.022s] Invoking command in '/home/rudrh/Autonomous-Wheelchair-System/Positioning/MapGeneration/Mapping/build/ros2_laser_scan_merger': CMAKE_PREFIX_PATH=${CMAKE_PREFIX_PATH}:/opt/ros/jazzy /usr/bin/cmake /home/rudrh/Autonomous-Wheelchair-System/Positioning/MapGeneration/Mapping/ros2_laser_scan_merger -DAMENT_CMAKE_SYMLINK_INSTALL=1 -DCMAKE_INSTALL_PREFIX=/home/rudrh/Autonomous-Wheelchair-System/Positioning/MapGeneration/Mapping/install/ros2_laser_scan_merger
[0.358s] -- The C compiler identification is GNU 13.3.0
[1.296s] -- The CXX compiler identification is GNU 13.3.0
[2.013s] -- Detecting C compiler ABI info
[2.330s] -- Detecting C compiler ABI info - done
[2.340s] -- Check for working C compiler: /usr/bin/cc - skipped
[2.341s] -- Detecting C compile features
[2.341s] -- Detecting C compile features - done
[2.497s] -- Detecting CXX compiler ABI info
[2.858s] -- Detecting CXX compiler ABI info - done
[2.867s] -- Check for working CXX compiler: /usr/bin/c++ - skipped
[2.867s] -- Detecting CXX compile features
[2.868s] -- Detecting CXX compile features - done
[2.888s] -- Found ament_cmake: 2.5.6 (/opt/ros/jazzy/share/ament_cmake/cmake)
[3.069s] -- Found Python3: /usr/bin/python3 (found version "3.12.3") found components: Interpreter 
[3.175s] -- Override CMake install command with custom implementation using symlinks instead of copying resources
[3.264s] -- Found rclcpp: 28.1.18 (/opt/ros/jazzy/share/rclcpp/cmake)
[3.590s] -- Found rosidl_generator_c: 4.6.7 (/opt/ros/jazzy/share/rosidl_generator_c/cmake)
[3.618s] -- Found rosidl_generator_cpp: 4.6.7 (/opt/ros/jazzy/share/rosidl_generator_cpp/cmake)
[3.659s] -- Using all available rosidl_typesupport_c: rosidl_typesupport_fastrtps_c;rosidl_typesupport_introspection_c
[3.698s] -- Using all available rosidl_typesupport_cpp: rosidl_typesupport_fastrtps_cpp;rosidl_typesupport_introspection_cpp
[3.856s] -- Found rmw_implementation_cmake: 7.3.3 (/opt/ros/jazzy/share/rmw_implementation_cmake/cmake)
[3.864s] -- Found rmw_fastrtps_cpp: 8.4.3 (/opt/ros/jazzy/share/rmw_fastrtps_cpp/cmake)
[4.006s] -- Found OpenSSL: /usr/lib/x86_64-linux-gnu/libcrypto.so (found version "3.0.13")  
[4.290s] -- Found FastRTPS: /opt/ros/jazzy/include (Required is at least version "2.13") 
[4.450s] -- Using RMW implementation 'rmw_fastrtps_cpp' as default
[4.774s] -- Found sensor_msgs: 5.3.7 (/opt/ros/jazzy/share/sensor_msgs/cmake)
[4.890s] -- Found pcl_conversions: 2.6.4 (/opt/ros/jazzy/share/pcl_conversions/cmake)
[5.042s] [33mCMake Warning (dev) at /usr/lib/x86_64-linux-gnu/cmake/pcl/Modules/FindFLANN.cmake:45 (find_package):
[5.043s]   Policy CMP0144 is not set: find_package uses upper-case <PACKAGENAME>_ROOT
[5.043s]   variables.  Run "cmake --help-policy CMP0144" for policy details.  Use the
[5.043s]   cmake_policy command to set the policy and suppress this warning.
[5.043s] 
[5.043s]   CMake variable FLANN_ROOT is set to:
[5.043s] 
[5.043s]     /usr
[5.043s] 
[5.043s]   For compatibility, find_package is ignoring the variable, but code in a
[5.043s]   .cmake module might still use it.
[5.043s] Call Stack (most recent call first):
[5.043s]   /usr/lib/x86_64-linux-gnu/cmake/pcl/PCLConfig.cmake:261 (find_package)
[5.043s]   /usr/lib/x86_64-linux-gnu/cmake/pcl/PCLConfig.cmake:306 (find_flann)
[5.044s]   /usr/lib/x86_64-linux-gnu/cmake/pcl/PCLConfig.cmake:570 (find_external_library)
[5.044s]   /opt/ros/jazzy/share/pcl_conversions/cmake/ament_cmake_export_dependencies-extras.cmake:21 (find_package)
[5.044s]   /opt/ros/jazzy/share/pcl_conversions/cmake/pcl_conversionsConfig.cmake:41 (include)
[5.044s]   CMakeLists.txt:23 (find_package)
[5.044s] This warning is for project developers.  Use -Wno-dev to suppress it.
[5.044s] [0m
[5.046s] -- Found flann version 1.9.2
[6.614s] -- Found OpenMP_CXX: -fopenmp (found version "4.5") 
[6.614s] -- Found OpenMP: TRUE (found version "4.5") found components: CXX 
[38.857s] -- Checking for module 'libusb-1.0'
[38.877s] --   Found libusb-1.0, version 1.0.27
[39.114s] -- Found libusb: /usr/lib/x86_64-linux-gnu/libusb-1.0.so  
[39.126s] -- OpenNI found (version: 1.5.4.0, include: /usr/include/ni, lib: /usr/lib/libOpenNI.so;libusb::libusb)
[39.916s] -- OpenNI2 found (version: 2.2.0.33, include: /usr/include/openni2, lib: /usr/lib/x86_64-linux-gnu/libOpenNI2.so;libusb::libusb)
[40.328s] -- Found Pcap: /usr/lib/x86_64-linux-gnu/libpcap.so  
[42.930s] -- Found ZLIB: /usr/lib/x86_64-linux-gnu/libz.so (found version "1.3")  
[45.843s] -- Found PNG: /usr/lib/x86_64-linux-gnu/libpng.so (found version "1.6.43") 
[83.074s] -- OpenNI found (version: 1.5.4.0, include: /usr/include/ni, lib: /usr/lib/libOpenNI.so;libusb::libusb)
[83.085s] -- OpenNI2 found (version: 2.2.0.33, include: /usr/include/openni2, lib: /usr/lib/x86_64-linux-gnu/libOpenNI2.so;libusb::libusb)
[142.852s] -- Found Qhull version 8.0.2
[194.984s] -- OpenNI found (version: 1.5.4.0, include: /usr/include/ni, lib: /usr/lib/libOpenNI.so;libusb::libusb)
[229.795s] -- Found PCL_COMMON: /usr/lib/x86_64-linux-gnu/libpcl_common.so  
[229.808s] -- Found PCL_KDTREE: /usr/lib/x86_64-linux-gnu/libpcl_kdtree.so  
[229.811s] -- Found PCL_OCTREE: /usr/lib/x86_64-linux-gnu/libpcl_octree.so  
[229.813s] -- Found PCL_SEARCH: /usr/lib/x86_64-linux-gnu/libpcl_search.so  
[229.815s] -- Found PCL_SAMPLE_CONSENSUS: /usr/lib/x86_64-linux-gnu/libpcl_sample_consensus.so  
[229.817s] -- Found PCL_FILTERS: /usr/lib/x86_64-linux-gnu/libpcl_filters.so  
[229.818s] -- Found PCL_2D: /usr/include/pcl-1.14  
[229.819s] -- Found PCL_GEOMETRY: /usr/include/pcl-1.14  
[229.821s] -- Found PCL_IO: /usr/lib/x86_64-linux-gnu/libpcl_io.so  
[229.822s] -- Found PCL_FEATURES: /usr/lib/x86_64-linux-gnu/libpcl_features.so  
[229.825s] -- Found PCL_ML: /usr/lib/x86_64-linux-gnu/libpcl_ml.so  
[229.826s] -- Found PCL_SEGMENTATION: /usr/lib/x86_64-linux-gnu/libpcl_segmentation.so  
[229.829s] -- Found PCL_VISUALIZATION: /usr/lib/x86_64-linux-gnu/libpcl_visualization.so  
[229.830s] -- Found PCL_SURFACE: /usr/lib/x86_64-linux-gnu/libpcl_surface.so  
[229.832s] -- Found PCL_REGISTRATION: /usr/lib/x86_64-linux-gnu/libpcl_registration.so  
[229.834s] -- Found PCL_KEYPOINTS: /usr/lib/x86_64-linux-gnu/libpcl_keypoints.so  
[229.836s] -- Found PCL_TRACKING: /usr/lib/x86_64-linux-gnu/libpcl_tracking.so  
[229.838s] -- Found PCL_RECOGNITION: /usr/lib/x86_64-linux-gnu/libpcl_recognition.so  
[229.840s] -- Found PCL_STEREO: /usr/lib/x86_64-linux-gnu/libpcl_stereo.so  
[229.842s] -- Found PCL_APPS: /usr/lib/x86_64-linux-gnu/libpcl_apps.so  
[229.844s] -- Found PCL_IN_HAND_SCANNER: /usr/include/pcl-1.14  
[229.845s] -- Found PCL_MODELER: /usr/include/pcl-1.14  
[229.846s] -- Found PCL_POINT_CLOUD_EDITOR: /usr/include/pcl-1.14  
[229.848s] -- Found PCL_OUTOFCORE: /usr/lib/x86_64-linux-gnu/libpcl_outofcore.so  
[229.850s] -- Found PCL_PEOPLE: /usr/lib/x86_64-linux-gnu/libpcl_people.so  
[229.859s] -- Found tf2_geometry_msgs: 0.36.20 (/opt/ros/jazzy/share/tf2_geometry_msgs/cmake)
[230.047s] -- Found eigen3_cmake_module: 0.3.0 (/opt/ros/jazzy/share/eigen3_cmake_module/cmake)
[230.052s] -- Found Eigen3: TRUE (found version "3.4.0") 
[230.053s] -- Ensuring Eigen3 include directory is part of orocos-kdl CMake target
[230.315s] -- Found Boost: /usr/lib/x86_64-linux-gnu/cmake/Boost-1.83.0/BoostConfig.cmake (found version "1.83.0") found components: system 
[230.316s] [33mCMake Warning (dev) at CMakeLists.txt:29 (find_package):
[230.316s]   Policy CMP0074 is not set: find_package uses <PackageName>_ROOT variables.
[230.316s]   Run "cmake --help-policy CMP0074" for policy details.  Use the cmake_policy
[230.316s]   command to set the policy and suppress this warning.
[230.316s] 
[230.316s]   CMake variable PCL_ROOT is set to:
[230.316s] 
[230.316s]     /usr
[230.316s] 
[230.316s]   For compatibility, CMake is ignoring the variable.
[230.317s] This warning is for project developers.  Use -Wno-dev to suppress it.
[230.317s] [0m
[230.342s] -- Found ament_lint_auto: 0.17.5 (/opt/ros/jazzy/share/ament_lint_auto/cmake)
[230.522s] -- Added test 'copyright' to check source files copyright and LICENSE
[230.527s] -- Added test 'cppcheck' to perform static code analysis on C / C++ code
[230.527s] -- Configured cppcheck include dirs: /home/rudrh/Autonomous-Wheelchair-System/Positioning/MapGeneration/Mapping/ros2_laser_scan_merger/include
[230.527s] -- Configured cppcheck exclude dirs and/or files: 
[230.531s] -- Added test 'cpplint' to check C / C++ code against the Google style
[230.532s] -- Configured cpplint exclude dirs and/or files: 
[230.533s] -- Added test 'flake8' to check Python code syntax and style conventions
[230.534s] -- Configured 'flake8' exclude dirs and/or files: 
[230.536s] -- Added test 'lint_cmake' to check CMake code style
[230.538s] -- Added test 'pep257' to check Python code against some of the docstring style conventions in PEP 257
[230.542s] -- Added test 'uncrustify' to check C / C++ code style
[230.542s] -- Configured uncrustify additional arguments: 
[230.544s] -- Added test 'xmllint' to check XML markup files
[230.547s] -- Configuring done (230.5s)
[230.640s] -- Generating done (0.1s)
[230.651s] -- Build files have been written to: /home/rudrh/Autonomous-Wheelchair-System/Positioning/MapGeneration/Mapping/build/ros2_laser_scan_merger
[230.676s] Invoked command in '/home/rudrh/Autonomous-Wheelchair-System/Positioning/MapGeneration/Mapping/build/ros2_laser_scan_merger' returned '0': CMAKE_PREFIX_PATH=${CMAKE_PREFIX_PATH}:/opt/ros/jazzy /usr/bin/cmake /home/rudrh/Autonomous-Wheelchair-System/Positioning/MapGeneration/Mapping/ros2_laser_scan_merger -DAMENT_CMAKE_SYMLINK_INSTALL=1 -DCMAKE_INSTALL_PREFIX=/home/rudrh/Autonomous-Wheelchair-System/Positioning/MapGeneration/Mapping/install/ros2_laser_scan_merger
[230.676s] Invoking command in '/home/rudrh/Autonomous-Wheelchair-System/Positioning/MapGeneration/Mapping/build/ros2_laser_scan_merger': CMAKE_PREFIX_PATH=${CMAKE_PREFIX_PATH}:/opt/ros/jazzy /usr/bin/cmake --build /home/rudrh/Autonomous-Wheelchair-System/Positioning/MapGeneration/Mapping/build/ros2_laser_scan_merger -- -j20 -l20
[230.734s] [ 50%] [32mBuilding CXX object CMakeFiles/ros2_laser_scan_merger.dir/src/main.cpp.o[0m
[237.023s] [01m[K/home/rudrh/Autonomous-Wheelchair-System/Positioning/MapGeneration/Mapping/ros2_laser_scan_merger/src/main.cpp:[m[K In member function ‘[01m[Kvoid scanMerger::[01;32m[Kupdate_point_cloud_rgb[m[K()[m[K’:
[237.023s] [01m[K/home/rudrh/Autonomous-Wheelchair-System/Positioning/MapGeneration/Mapping/ros2_laser_scan_merger/src/main.cpp:76:57:[m[K [01;35m[Kwarning: [m[Kcomparison of integer expressions of different signedness: ‘[01m[Kint[m[K’ and ‘[01m[Kstd::vector<float>::size_type[m[K’ {aka ‘[01m[Klong unsigned int[m[K’} [[01;35m[K]8;;https://gcc.gnu.org/onlinedocs/gcc/Warning-Options.html#index-Wsign-compare-Wsign-compare]8;;[m[K]
[237.023s]    76 |       for (float i = temp_min_; i <= temp_max_ && [01;35m[Kcount < laser1_->ranges.size()[m[K;
[237.023s]       |                                                   [01;35m[K~~~~~~^~~~~~~~~~~~~~~~~~~~~~~~[m[K
[237.024s] [01m[K/home/rudrh/Autonomous-Wheelchair-System/Positioning/MapGeneration/Mapping/ros2_laser_scan_merger/src/main.cpp:158:57:[m[K [01;35m[Kwarning: [m[Kcomparison of integer expressions of different signedness: ‘[01m[Kint[m[K’ and ‘[01m[Kstd::vector<float>::size_type[m[K’ {aka ‘[01m[Klong unsigned int[m[K’} [[01;35m[K]8;;https://gcc.gnu.org/onlinedocs/gcc/Warning-Options.html#index-Wsign-compare-Wsign-compare]8;;[m[K]
[237.024s]   158 |       for (float i = temp_min_; i <= temp_max_ && [01;35m[Kcount < laser2_->ranges.size()[m[K;
[237.024s]       |                                                   [01;35m[K~~~~~~^~~~~~~~~~~~~~~~~~~~~~~~[m[K
[244.898s] [100%] [32m[1mLinking CXX executable ros2_laser_scan_merger[0m
[246.081s] [100%] Built target ros2_laser_scan_merger
[246.094s] Invoked command in '/home/rudrh/Autonomous-Wheelchair-System/Positioning/MapGeneration/Mapping/build/ros2_laser_scan_merger' returned '0': CMAKE_PREFIX_PATH=${CMAKE_PREFIX_PATH}:/opt/ros/jazzy /usr/bin/cmake --build /home/rudrh/Autonomous-Wheelchair-System/Positioning/MapGeneration/Mapping/build/ros2_laser_scan_merger -- -j20 -l20
[246.097s] Invoking command in '/home/rudrh/Autonomous-Wheelchair-System/Positioning/MapGeneration/Mapping/build/ros2_laser_scan_merger': CMAKE_PREFIX_PATH=${CMAKE_PREFIX_PATH}:/opt/ros/jazzy /usr/bin/cmake --install /home/rudrh/Autonomous-Wheelchair-System/Positioning/MapGeneration/Mapping/build/ros2_laser_scan_merger
[246.106s] -- Install configuration: ""
[246.106s] -- Execute custom install script
[246.108s] -- Symlinking: /home/rudrh/Autonomous-Wheelchair-System/Positioning/MapGeneration/Mapping/install/ros2_laser_scan_merger/share/ros2_laser_scan_merger/launch/merge_2_scan.launch.py
[246.119s] -- Symlinking: /home/rudrh/Autonomous-Wheelchair-System/Positioning/MapGeneration/Mapping/install/ros2_laser_scan_merger/share/ros2_laser_scan_merger/launch/visualize_merge_2_scan.launch.py
[246.129s] -- Symlinking: /home/rudrh/Autonomous-Wheelchair-System/Positioning/MapGeneration/Mapping/install/ros2_laser_scan_merger/share/ros2_laser_scan_merger/config/params.yaml
[246.141s] -- Symlinking: /home/rudrh/Autonomous-Wheelchair-System/Positioning/MapGeneration/Mapping/install/ros2_laser_scan_merger/share/ros2_laser_scan_merger/rviz/ros2_laser_scan_merge.rviz
[246.152s] -- Symlinking: /home/rudrh/Autonomous-Wheelchair-System/Positioning/MapGeneration/Mapping/install/ros2_laser_scan_merger/lib/ros2_laser_scan_merger/ros2_laser_scan_merger
[246.164s] -- Symlinking: /home/rudrh/Autonomous-Wheelchair-System/Positioning/MapGeneration/Mapping/install/ros2_laser_scan_merger/share/ament_index/resource_index/package_run_dependencies/ros2_laser_scan_merger
[246.175s] -- Symlinking: /home/rudrh/Autonomous-Wheelchair-System/Positioning/MapGeneration/Mapping/install/ros2_laser_scan_merger/share/ament_index/resource_index/parent_prefix_path/ros2_laser_scan_merger
[246.186s] -- Symlinking: /home/rudrh/Autonomous-Wheelchair-System/Positioning/MapGeneration/Mapping/install/ros2_laser_scan_merger/share/ros2_laser_scan_merger/environment/ament_prefix_path.sh
[246.196s] -- Symlinking: /home/rudrh/Autonomous-Wheelchair-System/Positioning/MapGeneration/Mapping/install/ros2_laser_scan_merger/share/ros2_laser_scan_merger/environment/ament_prefix_path.dsv
[246.207s] -- Symlinking: /home/rudrh/Autonomous-Wheelchair-System/Positioning/MapGeneration/Mapping/install/ros2_laser_scan_merger/share/ros2_laser_scan_merger/environment/path.sh
[246.217s] -- Symlinking: /home/rudrh/Autonomous-Wheelchair-System/Positioning/MapGeneration/Mapping/install/ros2_laser_scan_merger/share/ros2_laser_scan_merger/environment/path.dsv
[246.228s] -- Symlinking: /home/rudrh/Autonomous-Wheelchair-System/Positioning/MapGeneration/Mapping/install/ros2_laser_scan_merger/share/ros2_laser_scan_merger/local_setup.bash
[246.238s] -- Symlinking: /home/rudrh/Autonomous-Wheelchair-System/Positioning/MapGeneration/Mapping/install/ros2_laser_scan_merger/share/ros2_laser_scan_merger/local_setup.sh
[246.249s] -- Symlinking: /home/rudrh/Autonomous-Wheelchair-System/Positioning/MapGeneration/Mapping/install/ros2_laser_scan_merger/share/ros2_laser_scan_merger/local_setup.zsh
[246.260s] -- Symlinking: /home/rudrh/Autonomous-Wheelchair-System/Positioning/MapGeneration/Mapping/install/ros2_laser_scan_merger/share/ros2_laser_scan_merger/local_setup.dsv
[246.271s] -- Symlinking: /home/rudrh/Autonomous-Wheelchair-System/Positioning/MapGeneration/Mapping/install/ros2_laser_scan_merger/share/ros2_laser_scan_merger/package.dsv
[246.282s] -- Symlinking: /home/rudrh/Autonomous-Wheelchair-System/Positioning/MapGeneration/Mapping/install/ros2_laser_scan_merger/share/ament_index/resource_index/packages/ros2_laser_scan_merger
[246.293s] -- Symlinking: /home/rudrh/Autonomous-Wheelchair-System/Positioning/MapGeneration/Mapping/install/ros2_laser_scan_merger/share/ros2_laser_scan_merger/cmake/ros2_laser_scan_mergerConfig.cmake
[246.303s] -- Symlinking: /home/rudrh/Autonomous-Wheelchair-System/Positioning/MapGeneration/Mapping/install/ros2_laser_scan_merger/share/ros2_laser_scan_merger/cmake/ros2_laser_scan_mergerConfig-version.cmake
[246.315s] -- Symlinking: /home/rudrh/Autonomous-Wheelchair-System/Positioning/MapGeneration/Mapping/install/ros2_laser_scan_merger/share/ros2_laser_scan_merger/package.xml
[246.336s] Invoked command in '/home/rudrh/Autonomous-Wheelchair-System/Positioning/MapGeneration/Mapping/build/ros2_laser_scan_merger' returned '0': CMAKE_PREFIX_PATH=${CMAKE_PREFIX_PATH}:/opt/ros/jazzy /usr/bin/cmake --install /home/rudrh/Autonomous-Wheelchair-System/Positioning/MapGeneration/Mapping/build/ros2_laser_scan_merger
