[5.398s] Invoking command in '/home/engineer/ros2_ws/src/Autonomous-Wheelchair-System/Positioning/Localization/Localization/build/localization': PYTHONPATH=/home/engineer/ros2_ws/src/Autonomous-Wheelchair-System/Positioning/Localization/Localization/build/localization/prefix_override:/usr/lib/python3/dist-packages/colcon_core/task/python/colcon_distutils_commands:/home/engineer/ros2_ws/src/Autonomous-Wheelchair-System/Positioning/Localization/Localization/install/localization/lib/python3.12/site-packages:${PYTHONPATH} /usr/bin/python3 -W ignore:setup.py install is deprecated -W ignore:easy_install command is deprecated setup.py develop --editable --build-directory /home/engineer/ros2_ws/src/Autonomous-Wheelchair-System/Positioning/Localization/Localization/build/localization/build --no-deps symlink_data
[6.304s] running develop
[6.580s] /usr/lib/python3/dist-packages/setuptools/command/easy_install.py:363: UserWarning: Unbuilt egg for pytest-repeat [unknown version] (/usr/lib/python3/dist-packages)
[6.581s]   self.local_index = Environment(self.shadow_path + sys.path)
[6.667s] running egg_info
[6.667s] creating localization.egg-info
[6.756s] writing localization.egg-info/PKG-INFO
[6.757s] writing dependency_links to localization.egg-info/dependency_links.txt
[6.758s] writing requirements to localization.egg-info/requires.txt
[6.759s] writing top-level names to localization.egg-info/top_level.txt
[6.760s] writing manifest file 'localization.egg-info/SOURCES.txt'
[6.805s] reading manifest file 'localization.egg-info/SOURCES.txt'
[6.806s] writing manifest file 'localization.egg-info/SOURCES.txt'
[6.835s] running build_ext
[6.842s] Creating /home/engineer/ros2_ws/src/Autonomous-Wheelchair-System/Positioning/Localization/Localization/install/localization/lib/python3.12/site-packages/localization.egg-link (link to .)
[6.846s] 
[6.847s] Installed /home/engineer/ros2_ws/src/Autonomous-Wheelchair-System/Positioning/Localization/Localization/build/localization
[6.848s] running symlink_data
[6.850s] creating /home/engineer/ros2_ws/src/Autonomous-Wheelchair-System/Positioning/Localization/Localization/install/localization/share/ament_index
[6.851s] creating /home/engineer/ros2_ws/src/Autonomous-Wheelchair-System/Positioning/Localization/Localization/install/localization/share/ament_index/resource_index
[6.851s] creating /home/engineer/ros2_ws/src/Autonomous-Wheelchair-System/Positioning/Localization/Localization/install/localization/share/ament_index/resource_index/packages
[6.852s] symbolically linking /home/engineer/ros2_ws/src/Autonomous-Wheelchair-System/Positioning/Localization/Localization/build/localization/resource/localization -> /home/engineer/ros2_ws/src/Autonomous-Wheelchair-System/Positioning/Localization/Localization/install/localization/share/ament_index/resource_index/packages
[6.853s] symbolically linking /home/engineer/ros2_ws/src/Autonomous-Wheelchair-System/Positioning/Localization/Localization/build/localization/package.xml -> /home/engineer/ros2_ws/src/Autonomous-Wheelchair-System/Positioning/Localization/Localization/install/localization/share/localization
[6.854s] creating /home/engineer/ros2_ws/src/Autonomous-Wheelchair-System/Positioning/Localization/Localization/install/localization/share/localization/launch
[6.855s] symbolically linking /home/engineer/ros2_ws/src/Autonomous-Wheelchair-System/Positioning/Localization/Localization/build/localization/launch/localization.launch.py -> /home/engineer/ros2_ws/src/Autonomous-Wheelchair-System/Positioning/Localization/Localization/install/localization/share/localization/launch
[6.857s] creating /home/engineer/ros2_ws/src/Autonomous-Wheelchair-System/Positioning/Localization/Localization/install/localization/share/localization/config
[6.857s] symbolically linking /home/engineer/ros2_ws/src/Autonomous-Wheelchair-System/Positioning/Localization/Localization/build/localization/config/amcl.yaml -> /home/engineer/ros2_ws/src/Autonomous-Wheelchair-System/Positioning/Localization/Localization/install/localization/share/localization/config
[6.858s] creating /home/engineer/ros2_ws/src/Autonomous-Wheelchair-System/Positioning/Localization/Localization/install/localization/share/localization/rviz
[6.858s] symbolically linking /home/engineer/ros2_ws/src/Autonomous-Wheelchair-System/Positioning/Localization/Localization/build/localization/rviz/localization.rviz -> /home/engineer/ros2_ws/src/Autonomous-Wheelchair-System/Positioning/Localization/Localization/install/localization/share/localization/rviz
[6.954s] Invoked command in '/home/engineer/ros2_ws/src/Autonomous-Wheelchair-System/Positioning/Localization/Localization/build/localization' returned '0': PYTHONPATH=/home/engineer/ros2_ws/src/Autonomous-Wheelchair-System/Positioning/Localization/Localization/build/localization/prefix_override:/usr/lib/python3/dist-packages/colcon_core/task/python/colcon_distutils_commands:/home/engineer/ros2_ws/src/Autonomous-Wheelchair-System/Positioning/Localization/Localization/install/localization/lib/python3.12/site-packages:${PYTHONPATH} /usr/bin/python3 -W ignore:setup.py install is deprecated -W ignore:easy_install command is deprecated setup.py develop --editable --build-directory /home/engineer/ros2_ws/src/Autonomous-Wheelchair-System/Positioning/Localization/Localization/build/localization/build --no-deps symlink_data
