[0.256s] DEBUG:colcon:Command line arguments: ['/usr/bin/colcon', 'build']
[0.256s] DEBUG:colcon:Parsed command line arguments: Namespace(log_base=None, log_level=None, verb_name='build', build_base='build', install_base='install', merge_install=False, symlink_install=False, test_result_base=None, continue_on_error=False, executor='parallel', parallel_workers=12, event_handlers=None, ignore_user_meta=False, metas=['./colcon.meta'], base_paths=['.'], packages_ignore=None, packages_ignore_regex=None, paths=None, packages_up_to=None, packages_up_to_regex=None, packages_above=None, packages_above_and_dependencies=None, packages_above_depth=None, packages_select_by_dep=None, packages_skip_by_dep=None, packages_skip_up_to=None, packages_select_build_failed=False, packages_skip_build_finished=False, packages_select_test_failures=False, packages_skip_test_passed=False, packages_select=None, packages_skip=None, packages_select_regex=None, packages_skip_regex=None, packages_start=None, packages_end=None, allow_overriding=[], cmake_args=None, cmake_target=None, cmake_target_skip_unavailable=False, cmake_clean_cache=False, cmake_clean_first=False, cmake_force_configure=False, ament_cmake_args=None, catkin_cmake_args=None, catkin_skip_building_tests=False, mixin_files=None, mixin=None, verb_parser=<colcon_mixin.mixin.mixin_argument.MixinArgumentDecorator object at 0x78c1f689b380>, verb_extension=<colcon_core.verb.build.BuildVerb object at 0x78c1f69cfb00>, main=<bound method BuildVerb.main of <colcon_core.verb.build.BuildVerb object at 0x78c1f69cfb00>>, mixin_verb=('build',))
[0.319s] Level 1:colcon.colcon_core.package_discovery:discover_packages(colcon_meta) check parameters
[0.319s] Level 1:colcon.colcon_core.package_discovery:discover_packages(recursive) check parameters
[0.319s] Level 1:colcon.colcon_core.package_discovery:discover_packages(ignore) check parameters
[0.319s] Level 1:colcon.colcon_core.package_discovery:discover_packages(path) check parameters
[0.319s] Level 1:colcon.colcon_core.package_discovery:discover_packages(colcon_meta) discover
[0.319s] Level 1:colcon.colcon_core.package_discovery:discover_packages(recursive) discover
[0.319s] INFO:colcon.colcon_core.package_discovery:Crawling recursively for packages in '/home/engineer/ros2_ws/src/Autonomous-Wheelchair-System/Positioning/SensorFusion'
[0.319s] Level 1:colcon.colcon_core.package_identification:_identify(.) by extensions ['ignore', 'ignore_ament_install']
[0.319s] Level 1:colcon.colcon_core.package_identification:_identify(.) by extension 'ignore'
[0.319s] Level 1:colcon.colcon_core.package_identification:_identify(.) by extension 'ignore_ament_install'
[0.319s] Level 1:colcon.colcon_core.package_identification:_identify(.) by extensions ['colcon_pkg']
[0.320s] Level 1:colcon.colcon_core.package_identification:_identify(.) by extension 'colcon_pkg'
[0.320s] Level 1:colcon.colcon_core.package_identification:_identify(.) by extensions ['colcon_meta']
[0.320s] Level 1:colcon.colcon_core.package_identification:_identify(.) by extension 'colcon_meta'
[0.320s] Level 1:colcon.colcon_core.package_identification:_identify(.) by extensions ['ros']
[0.320s] Level 1:colcon.colcon_core.package_identification:_identify(.) by extension 'ros'
[0.340s] Level 1:colcon.colcon_core.package_identification:_identify(.) by extensions ['cmake', 'python']
[0.340s] Level 1:colcon.colcon_core.package_identification:_identify(.) by extension 'cmake'
[0.340s] Level 1:colcon.colcon_core.package_identification:_identify(.) by extension 'python'
[0.340s] Level 1:colcon.colcon_core.package_identification:_identify(.) by extensions ['python_setup_py']
[0.340s] Level 1:colcon.colcon_core.package_identification:_identify(.) by extension 'python_setup_py'
[0.340s] Level 1:colcon.colcon_core.package_identification:_identify(build) by extensions ['ignore', 'ignore_ament_install']
[0.340s] Level 1:colcon.colcon_core.package_identification:_identify(build) by extension 'ignore'
[0.340s] Level 1:colcon.colcon_core.package_identification:_identify(build) ignored
[0.340s] Level 1:colcon.colcon_core.package_identification:_identify(install) by extensions ['ignore', 'ignore_ament_install']
[0.340s] Level 1:colcon.colcon_core.package_identification:_identify(install) by extension 'ignore'
[0.340s] Level 1:colcon.colcon_core.package_identification:_identify(install) ignored
[0.340s] Level 1:colcon.colcon_core.package_identification:_identify(log) by extensions ['ignore', 'ignore_ament_install']
[0.340s] Level 1:colcon.colcon_core.package_identification:_identify(log) by extension 'ignore'
[0.340s] Level 1:colcon.colcon_core.package_identification:_identify(log) ignored
[0.341s] Level 1:colcon.colcon_core.package_identification:_identify(sensor_fusion) by extensions ['ignore', 'ignore_ament_install']
[0.341s] Level 1:colcon.colcon_core.package_identification:_identify(sensor_fusion) by extension 'ignore'
[0.341s] Level 1:colcon.colcon_core.package_identification:_identify(sensor_fusion) by extension 'ignore_ament_install'
[0.341s] Level 1:colcon.colcon_core.package_identification:_identify(sensor_fusion) by extensions ['colcon_pkg']
[0.341s] Level 1:colcon.colcon_core.package_identification:_identify(sensor_fusion) by extension 'colcon_pkg'
[0.341s] Level 1:colcon.colcon_core.package_identification:_identify(sensor_fusion) by extensions ['colcon_meta']
[0.341s] Level 1:colcon.colcon_core.package_identification:_identify(sensor_fusion) by extension 'colcon_meta'
[0.341s] Level 1:colcon.colcon_core.package_identification:_identify(sensor_fusion) by extensions ['ros']
[0.341s] Level 1:colcon.colcon_core.package_identification:_identify(sensor_fusion) by extension 'ros'
[0.345s] DEBUG:colcon.colcon_core.package_identification:Package 'sensor_fusion' with type 'ros.ament_python' and name 'sensor_fusion'
[0.345s] Level 1:colcon.colcon_core.package_discovery:discover_packages(recursive) using defaults
[0.345s] Level 1:colcon.colcon_core.package_discovery:discover_packages(ignore) discover
[0.345s] Level 1:colcon.colcon_core.package_discovery:discover_packages(ignore) using defaults
[0.345s] Level 1:colcon.colcon_core.package_discovery:discover_packages(path) discover
[0.345s] Level 1:colcon.colcon_core.package_discovery:discover_packages(path) using defaults
[0.374s] Level 1:colcon.colcon_core.package_discovery:discover_packages(prefix_path) check parameters
[0.374s] Level 1:colcon.colcon_core.package_discovery:discover_packages(prefix_path) discover
[0.385s] DEBUG:colcon.colcon_installed_package_information.package_discovery:Found 432 installed packages in /opt/ros/jazzy
[0.387s] Level 1:colcon.colcon_core.package_discovery:discover_packages(prefix_path) using defaults
[0.427s] Level 5:colcon.colcon_core.verb:set package 'sensor_fusion' build argument 'cmake_args' from command line to 'None'
[0.427s] Level 5:colcon.colcon_core.verb:set package 'sensor_fusion' build argument 'cmake_target' from command line to 'None'
[0.427s] Level 5:colcon.colcon_core.verb:set package 'sensor_fusion' build argument 'cmake_target_skip_unavailable' from command line to 'False'
[0.427s] Level 5:colcon.colcon_core.verb:set package 'sensor_fusion' build argument 'cmake_clean_cache' from command line to 'False'
[0.427s] Level 5:colcon.colcon_core.verb:set package 'sensor_fusion' build argument 'cmake_clean_first' from command line to 'False'
[0.427s] Level 5:colcon.colcon_core.verb:set package 'sensor_fusion' build argument 'cmake_force_configure' from command line to 'False'
[0.427s] Level 5:colcon.colcon_core.verb:set package 'sensor_fusion' build argument 'ament_cmake_args' from command line to 'None'
[0.427s] Level 5:colcon.colcon_core.verb:set package 'sensor_fusion' build argument 'catkin_cmake_args' from command line to 'None'
[0.427s] Level 5:colcon.colcon_core.verb:set package 'sensor_fusion' build argument 'catkin_skip_building_tests' from command line to 'False'
[0.428s] DEBUG:colcon.colcon_core.verb:Building package 'sensor_fusion' with the following arguments: {'ament_cmake_args': None, 'build_base': '/home/engineer/ros2_ws/src/Autonomous-Wheelchair-System/Positioning/SensorFusion/build/sensor_fusion', 'catkin_cmake_args': None, 'catkin_skip_building_tests': False, 'cmake_args': None, 'cmake_clean_cache': False, 'cmake_clean_first': False, 'cmake_force_configure': False, 'cmake_target': None, 'cmake_target_skip_unavailable': False, 'install_base': '/home/engineer/ros2_ws/src/Autonomous-Wheelchair-System/Positioning/SensorFusion/install/sensor_fusion', 'merge_install': False, 'path': '/home/engineer/ros2_ws/src/Autonomous-Wheelchair-System/Positioning/SensorFusion/sensor_fusion', 'symlink_install': False, 'test_result_base': None}
[0.428s] INFO:colcon.colcon_core.executor:Executing jobs using 'parallel' executor
[0.428s] DEBUG:colcon.colcon_parallel_executor.executor.parallel:run_until_complete
[0.429s] INFO:colcon.colcon_ros.task.ament_python.build:Building ROS package in '/home/engineer/ros2_ws/src/Autonomous-Wheelchair-System/Positioning/SensorFusion/sensor_fusion' with build type 'ament_python'
[0.429s] Level 1:colcon.colcon_core.shell:create_environment_hook('sensor_fusion', 'ament_prefix_path')
[0.437s] INFO:colcon.colcon_core.plugin_system:Skipping extension 'colcon_core.shell.bat': Not used on non-Windows systems
[0.438s] INFO:colcon.colcon_core.shell:Creating environment hook '/home/engineer/ros2_ws/src/Autonomous-Wheelchair-System/Positioning/SensorFusion/install/sensor_fusion/share/sensor_fusion/hook/ament_prefix_path.ps1'
[0.439s] INFO:colcon.colcon_core.shell:Creating environment descriptor '/home/engineer/ros2_ws/src/Autonomous-Wheelchair-System/Positioning/SensorFusion/install/sensor_fusion/share/sensor_fusion/hook/ament_prefix_path.dsv'
[0.440s] INFO:colcon.colcon_core.shell:Creating environment hook '/home/engineer/ros2_ws/src/Autonomous-Wheelchair-System/Positioning/SensorFusion/install/sensor_fusion/share/sensor_fusion/hook/ament_prefix_path.sh'
[0.441s] INFO:colcon.colcon_core.shell:Skip shell extension 'powershell' for command environment: Not usable outside of PowerShell
[0.441s] DEBUG:colcon.colcon_core.shell:Skip shell extension 'dsv' for command environment
[0.601s] INFO:colcon.colcon_core.task.python.build:Building Python package in '/home/engineer/ros2_ws/src/Autonomous-Wheelchair-System/Positioning/SensorFusion/sensor_fusion'
[0.601s] INFO:colcon.colcon_core.shell:Skip shell extension 'powershell' for command environment: Not usable outside of PowerShell
[0.601s] DEBUG:colcon.colcon_core.shell:Skip shell extension 'dsv' for command environment
[1.360s] DEBUG:colcon.colcon_core.event_handler.log_command:Invoking command in '/home/engineer/ros2_ws/src/Autonomous-Wheelchair-System/Positioning/SensorFusion/sensor_fusion': PYTHONPATH=/home/engineer/ros2_ws/src/Autonomous-Wheelchair-System/Positioning/SensorFusion/build/sensor_fusion/prefix_override:/usr/lib/python3/dist-packages/colcon_core/task/python/colcon_distutils_commands:/home/engineer/ros2_ws/src/Autonomous-Wheelchair-System/Positioning/SensorFusion/install/sensor_fusion/lib/python3.12/site-packages:${PYTHONPATH} /usr/bin/python3 -W ignore:setup.py install is deprecated -W ignore:easy_install command is deprecated setup.py egg_info --egg-base ../build/sensor_fusion build --build-base /home/engineer/ros2_ws/src/Autonomous-Wheelchair-System/Positioning/SensorFusion/build/sensor_fusion/build install --record /home/engineer/ros2_ws/src/Autonomous-Wheelchair-System/Positioning/SensorFusion/build/sensor_fusion/install.log --single-version-externally-managed install_data
[1.730s] DEBUG:colcon.colcon_core.event_handler.log_command:Invoked command in '/home/engineer/ros2_ws/src/Autonomous-Wheelchair-System/Positioning/SensorFusion/sensor_fusion' returned '0': PYTHONPATH=/home/engineer/ros2_ws/src/Autonomous-Wheelchair-System/Positioning/SensorFusion/build/sensor_fusion/prefix_override:/usr/lib/python3/dist-packages/colcon_core/task/python/colcon_distutils_commands:/home/engineer/ros2_ws/src/Autonomous-Wheelchair-System/Positioning/SensorFusion/install/sensor_fusion/lib/python3.12/site-packages:${PYTHONPATH} /usr/bin/python3 -W ignore:setup.py install is deprecated -W ignore:easy_install command is deprecated setup.py egg_info --egg-base ../build/sensor_fusion build --build-base /home/engineer/ros2_ws/src/Autonomous-Wheelchair-System/Positioning/SensorFusion/build/sensor_fusion/build install --record /home/engineer/ros2_ws/src/Autonomous-Wheelchair-System/Positioning/SensorFusion/build/sensor_fusion/install.log --single-version-externally-managed install_data
[1.739s] Level 1:colcon.colcon_core.environment:checking '/home/engineer/ros2_ws/src/Autonomous-Wheelchair-System/Positioning/SensorFusion/install/sensor_fusion' for CMake module files
[1.739s] Level 1:colcon.colcon_core.environment:checking '/home/engineer/ros2_ws/src/Autonomous-Wheelchair-System/Positioning/SensorFusion/install/sensor_fusion' for CMake config files
[1.740s] Level 1:colcon.colcon_core.environment:checking '/home/engineer/ros2_ws/src/Autonomous-Wheelchair-System/Positioning/SensorFusion/install/sensor_fusion/lib'
[1.740s] Level 1:colcon.colcon_core.environment:checking '/home/engineer/ros2_ws/src/Autonomous-Wheelchair-System/Positioning/SensorFusion/install/sensor_fusion/bin'
[1.740s] Level 1:colcon.colcon_core.environment:checking '/home/engineer/ros2_ws/src/Autonomous-Wheelchair-System/Positioning/SensorFusion/install/sensor_fusion/lib/pkgconfig/sensor_fusion.pc'
[1.740s] Level 1:colcon.colcon_core.environment:checking '/home/engineer/ros2_ws/src/Autonomous-Wheelchair-System/Positioning/SensorFusion/install/sensor_fusion/lib/python3.12/site-packages'
[1.740s] Level 1:colcon.colcon_core.shell:create_environment_hook('sensor_fusion', 'pythonpath')
[1.740s] INFO:colcon.colcon_core.shell:Creating environment hook '/home/engineer/ros2_ws/src/Autonomous-Wheelchair-System/Positioning/SensorFusion/install/sensor_fusion/share/sensor_fusion/hook/pythonpath.ps1'
[1.741s] INFO:colcon.colcon_core.shell:Creating environment descriptor '/home/engineer/ros2_ws/src/Autonomous-Wheelchair-System/Positioning/SensorFusion/install/sensor_fusion/share/sensor_fusion/hook/pythonpath.dsv'
[1.741s] INFO:colcon.colcon_core.shell:Creating environment hook '/home/engineer/ros2_ws/src/Autonomous-Wheelchair-System/Positioning/SensorFusion/install/sensor_fusion/share/sensor_fusion/hook/pythonpath.sh'
[1.742s] Level 1:colcon.colcon_core.environment:checking '/home/engineer/ros2_ws/src/Autonomous-Wheelchair-System/Positioning/SensorFusion/install/sensor_fusion/bin'
[1.742s] Level 1:colcon.colcon_core.environment:create_environment_scripts_only(sensor_fusion)
[1.742s] INFO:colcon.colcon_core.shell:Creating package script '/home/engineer/ros2_ws/src/Autonomous-Wheelchair-System/Positioning/SensorFusion/install/sensor_fusion/share/sensor_fusion/package.ps1'
[1.743s] INFO:colcon.colcon_core.shell:Creating package descriptor '/home/engineer/ros2_ws/src/Autonomous-Wheelchair-System/Positioning/SensorFusion/install/sensor_fusion/share/sensor_fusion/package.dsv'
[1.744s] INFO:colcon.colcon_core.shell:Creating package script '/home/engineer/ros2_ws/src/Autonomous-Wheelchair-System/Positioning/SensorFusion/install/sensor_fusion/share/sensor_fusion/package.sh'
[1.745s] INFO:colcon.colcon_core.shell:Creating package script '/home/engineer/ros2_ws/src/Autonomous-Wheelchair-System/Positioning/SensorFusion/install/sensor_fusion/share/sensor_fusion/package.bash'
[1.746s] INFO:colcon.colcon_core.shell:Creating package script '/home/engineer/ros2_ws/src/Autonomous-Wheelchair-System/Positioning/SensorFusion/install/sensor_fusion/share/sensor_fusion/package.zsh'
[1.747s] Level 1:colcon.colcon_core.environment:create_file_with_runtime_dependencies(/home/engineer/ros2_ws/src/Autonomous-Wheelchair-System/Positioning/SensorFusion/install/sensor_fusion/share/colcon-core/packages/sensor_fusion)
[1.748s] DEBUG:colcon.colcon_parallel_executor.executor.parallel:closing loop
[1.748s] DEBUG:colcon.colcon_parallel_executor.executor.parallel:loop closed
[1.748s] DEBUG:colcon.colcon_parallel_executor.executor.parallel:run_until_complete finished with '0'
[1.748s] DEBUG:colcon.colcon_core.event_reactor:joining thread
[1.844s] INFO:colcon.colcon_core.plugin_system:Skipping extension 'colcon_notification.desktop_notification.notify_send': Could not find 'notify-send'
[1.844s] INFO:colcon.colcon_core.plugin_system:Skipping extension 'colcon_notification.desktop_notification.terminal_notifier': Not used on non-Darwin systems
[1.844s] INFO:colcon.colcon_core.plugin_system:Skipping extension 'colcon_notification.desktop_notification.win32': Not used on non-Windows systems
[1.844s] INFO:colcon.colcon_notification.desktop_notification:Sending desktop notification using 'notify2'
[1.883s] DEBUG:colcon.colcon_notification.desktop_notification.notify2:Failed to initialize notify2: org.freedesktop.DBus.Error.ServiceUnknown: The name org.freedesktop.Notifications was not provided by any .service files
[1.884s] DEBUG:colcon.colcon_core.event_reactor:joined thread
[1.884s] INFO:colcon.colcon_core.shell:Creating prefix script '/home/engineer/ros2_ws/src/Autonomous-Wheelchair-System/Positioning/SensorFusion/install/local_setup.ps1'
[1.885s] INFO:colcon.colcon_core.shell:Creating prefix util module '/home/engineer/ros2_ws/src/Autonomous-Wheelchair-System/Positioning/SensorFusion/install/_local_setup_util_ps1.py'
[1.886s] INFO:colcon.colcon_core.shell:Creating prefix chain script '/home/engineer/ros2_ws/src/Autonomous-Wheelchair-System/Positioning/SensorFusion/install/setup.ps1'
[1.887s] INFO:colcon.colcon_core.shell:Creating prefix script '/home/engineer/ros2_ws/src/Autonomous-Wheelchair-System/Positioning/SensorFusion/install/local_setup.sh'
[1.888s] INFO:colcon.colcon_core.shell:Creating prefix util module '/home/engineer/ros2_ws/src/Autonomous-Wheelchair-System/Positioning/SensorFusion/install/_local_setup_util_sh.py'
[1.888s] INFO:colcon.colcon_core.shell:Creating prefix chain script '/home/engineer/ros2_ws/src/Autonomous-Wheelchair-System/Positioning/SensorFusion/install/setup.sh'
[1.889s] INFO:colcon.colcon_core.shell:Creating prefix script '/home/engineer/ros2_ws/src/Autonomous-Wheelchair-System/Positioning/SensorFusion/install/local_setup.bash'
[1.890s] INFO:colcon.colcon_core.shell:Creating prefix chain script '/home/engineer/ros2_ws/src/Autonomous-Wheelchair-System/Positioning/SensorFusion/install/setup.bash'
[1.890s] INFO:colcon.colcon_core.shell:Creating prefix script '/home/engineer/ros2_ws/src/Autonomous-Wheelchair-System/Positioning/SensorFusion/install/local_setup.zsh'
[1.891s] INFO:colcon.colcon_core.shell:Creating prefix chain script '/home/engineer/ros2_ws/src/Autonomous-Wheelchair-System/Positioning/SensorFusion/install/setup.zsh'
