[1.404s] Invoking command in '/home/rudrh/Autonomous-Wheelchair-System/Positioning/Localization/Localization/build/localization': PYTHONPATH=/home/rudrh/Autonomous-Wheelchair-System/Positioning/Localization/Localization/build/localization/prefix_override:/usr/lib/python3/dist-packages/colcon_core/task/python/colcon_distutils_commands:/home/rudrh/Autonomous-Wheelchair-System/Positioning/Localization/Localization/install/localization/lib/python3.12/site-packages:${PYTHONPATH} /usr/bin/python3 -W ignore:setup.py install is deprecated -W ignore:easy_install command is deprecated setup.py develop --editable --build-directory /home/rudrh/Autonomous-Wheelchair-System/Positioning/Localization/Localization/build/localization/build --no-deps symlink_data
[1.749s] running develop
[1.951s] running egg_info
[1.951s] creating localization.egg-info
[1.972s] writing localization.egg-info/PKG-INFO
[1.972s] writing dependency_links to localization.egg-info/dependency_links.txt
[1.972s] writing requirements to localization.egg-info/requires.txt
[1.972s] writing top-level names to localization.egg-info/top_level.txt
[1.972s] writing manifest file 'localization.egg-info/SOURCES.txt'
[2.012s] reading manifest file 'localization.egg-info/SOURCES.txt'
[2.012s] writing manifest file 'localization.egg-info/SOURCES.txt'
[2.034s] running build_ext
[2.034s] Creating /home/rudrh/Autonomous-Wheelchair-System/Positioning/Localization/Localization/install/localization/lib/python3.12/site-packages/localization.egg-link (link to .)
[2.035s] 
[2.035s] Installed /home/rudrh/Autonomous-Wheelchair-System/Positioning/Localization/Localization/build/localization
[2.035s] running symlink_data
[2.035s] creating /home/rudrh/Autonomous-Wheelchair-System/Positioning/Localization/Localization/install/localization/share/ament_index
[2.036s] creating /home/rudrh/Autonomous-Wheelchair-System/Positioning/Localization/Localization/install/localization/share/ament_index/resource_index
[2.037s] creating /home/rudrh/Autonomous-Wheelchair-System/Positioning/Localization/Localization/install/localization/share/ament_index/resource_index/packages
[2.037s] symbolically linking /home/rudrh/Autonomous-Wheelchair-System/Positioning/Localization/Localization/build/localization/resource/localization -> /home/rudrh/Autonomous-Wheelchair-System/Positioning/Localization/Localization/install/localization/share/ament_index/resource_index/packages
[2.038s] symbolically linking /home/rudrh/Autonomous-Wheelchair-System/Positioning/Localization/Localization/build/localization/package.xml -> /home/rudrh/Autonomous-Wheelchair-System/Positioning/Localization/Localization/install/localization/share/localization
[2.038s] creating /home/rudrh/Autonomous-Wheelchair-System/Positioning/Localization/Localization/install/localization/share/localization/launch
[2.038s] symbolically linking /home/rudrh/Autonomous-Wheelchair-System/Positioning/Localization/Localization/build/localization/launch/localization.launch.py -> /home/rudrh/Autonomous-Wheelchair-System/Positioning/Localization/Localization/install/localization/share/localization/launch
[2.039s] creating /home/rudrh/Autonomous-Wheelchair-System/Positioning/Localization/Localization/install/localization/share/localization/config
[2.039s] symbolically linking /home/rudrh/Autonomous-Wheelchair-System/Positioning/Localization/Localization/build/localization/config/amcl.yaml -> /home/rudrh/Autonomous-Wheelchair-System/Positioning/Localization/Localization/install/localization/share/localization/config
[2.040s] creating /home/rudrh/Autonomous-Wheelchair-System/Positioning/Localization/Localization/install/localization/share/localization/maps
[2.040s] creating /home/rudrh/Autonomous-Wheelchair-System/Positioning/Localization/Localization/install/localization/share/localization/rviz
[2.041s] symbolically linking /home/rudrh/Autonomous-Wheelchair-System/Positioning/Localization/Localization/build/localization/rviz/localization.rviz -> /home/rudrh/Autonomous-Wheelchair-System/Positioning/Localization/Localization/install/localization/share/localization/rviz
[2.074s] Invoked command in '/home/rudrh/Autonomous-Wheelchair-System/Positioning/Localization/Localization/build/localization' returned '0': PYTHONPATH=/home/rudrh/Autonomous-Wheelchair-System/Positioning/Localization/Localization/build/localization/prefix_override:/usr/lib/python3/dist-packages/colcon_core/task/python/colcon_distutils_commands:/home/rudrh/Autonomous-Wheelchair-System/Positioning/Localization/Localization/install/localization/lib/python3.12/site-packages:${PYTHONPATH} /usr/bin/python3 -W ignore:setup.py install is deprecated -W ignore:easy_install command is deprecated setup.py develop --editable --build-directory /home/rudrh/Autonomous-Wheelchair-System/Positioning/Localization/Localization/build/localization/build --no-deps symlink_data
