[0.023s] Invoking command in '/home/rudrh/Autonomous-Wheelchair-System/Positioning/MapGeneration/Mapping/build/ros2_laser_scan_merger': CMAKE_PREFIX_PATH=${CMAKE_PREFIX_PATH}:/opt/ros/jazzy /usr/bin/cmake /home/rudrh/Autonomous-Wheelchair-System/Positioning/MapGeneration/Mapping/ros2_laser_scan_merger -DAMENT_CMAKE_SYMLINK_INSTALL=1 -DCMAKE_INSTALL_PREFIX=/home/rudrh/Autonomous-Wheelchair-System/Positioning/MapGeneration/Mapping/install/ros2_laser_scan_merger
[0.561s] -- The C compiler identification is GNU 13.3.0
[3.124s] -- The CXX compiler identification is GNU 13.3.0
[5.817s] -- Detecting C compiler ABI info
[6.608s] -- Detecting C compiler ABI info - done
[6.619s] -- Check for working C compiler: /usr/bin/cc - skipped
[6.628s] -- Detecting C compile features
[6.629s] -- Detecting C compile features - done
[6.900s] -- Detecting CXX compiler ABI info
[7.587s] -- Detecting CXX compiler ABI info - done
[7.597s] -- Check for working CXX compiler: /usr/bin/c++ - skipped
[7.597s] -- Detecting CXX compile features
[7.598s] -- Detecting CXX compile features - done
[7.649s] -- Found ament_cmake: 2.5.6 (/opt/ros/jazzy/share/ament_cmake/cmake)
[7.833s] -- Found Python3: /usr/bin/python3 (found version "3.12.3") found components: Interpreter 
[7.947s] -- Override CMake install command with custom implementation using symlinks instead of copying resources
[8.038s] -- Found rclcpp: 28.1.18 (/opt/ros/jazzy/share/rclcpp/cmake)
[8.517s] -- Found rosidl_generator_c: 4.6.7 (/opt/ros/jazzy/share/rosidl_generator_c/cmake)
[8.545s] -- Found rosidl_generator_cpp: 4.6.7 (/opt/ros/jazzy/share/rosidl_generator_cpp/cmake)
[8.591s] -- Using all available rosidl_typesupport_c: rosidl_typesupport_fastrtps_c;rosidl_typesupport_introspection_c
[8.629s] -- Using all available rosidl_typesupport_cpp: rosidl_typesupport_fastrtps_cpp;rosidl_typesupport_introspection_cpp
[8.788s] -- Found rmw_implementation_cmake: 7.3.3 (/opt/ros/jazzy/share/rmw_implementation_cmake/cmake)
[8.796s] -- Found rmw_fastrtps_cpp: 8.4.3 (/opt/ros/jazzy/share/rmw_fastrtps_cpp/cmake)
[8.948s] -- Found OpenSSL: /usr/lib/x86_64-linux-gnu/libcrypto.so (found version "3.0.13")  
[9.562s] -- Found FastRTPS: /opt/ros/jazzy/include (Required is at least version "2.13") 
[9.884s] -- Using RMW implementation 'rmw_fastrtps_cpp' as default
[10.486s] -- Found sensor_msgs: 5.3.7 (/opt/ros/jazzy/share/sensor_msgs/cmake)
[10.611s] -- Found pcl_conversions: 2.6.4 (/opt/ros/jazzy/share/pcl_conversions/cmake)
[10.792s] [33mCMake Warning (dev) at /usr/lib/x86_64-linux-gnu/cmake/pcl/Modules/FindFLANN.cmake:45 (find_package):
[10.792s]   Policy CMP0144 is not set: find_package uses upper-case <PACKAGENAME>_ROOT
[10.792s]   variables.  Run "cmake --help-policy CMP0144" for policy details.  Use the
[10.792s]   cmake_policy command to set the policy and suppress this warning.
[10.792s] 
[10.792s]   CMake variable FLANN_ROOT is set to:
[10.792s] 
[10.792s]     /usr
[10.792s] 
[10.792s]   For compatibility, find_package is ignoring the variable, but code in a
[10.792s]   .cmake module might still use it.
[10.792s] Call Stack (most recent call first):
[10.792s]   /usr/lib/x86_64-linux-gnu/cmake/pcl/PCLConfig.cmake:261 (find_package)
[10.793s]   /usr/lib/x86_64-linux-gnu/cmake/pcl/PCLConfig.cmake:306 (find_flann)
[10.793s]   /usr/lib/x86_64-linux-gnu/cmake/pcl/PCLConfig.cmake:570 (find_external_library)
[10.793s]   /opt/ros/jazzy/share/pcl_conversions/cmake/ament_cmake_export_dependencies-extras.cmake:21 (find_package)
[10.793s]   /opt/ros/jazzy/share/pcl_conversions/cmake/pcl_conversionsConfig.cmake:41 (include)
[10.793s]   CMakeLists.txt:23 (find_package)
[10.793s] This warning is for project developers.  Use -Wno-dev to suppress it.
[10.793s] [0m
[10.796s] -- Found flann version 1.9.2
[12.446s] -- Found OpenMP_CXX: -fopenmp (found version "4.5") 
[12.446s] -- Found OpenMP: TRUE (found version "4.5") found components: CXX 
[64.377s] -- Checking for module 'libusb-1.0'
[64.395s] --   Found libusb-1.0, version 1.0.27
[64.594s] -- Found libusb: /usr/lib/x86_64-linux-gnu/libusb-1.0.so  
[64.606s] -- OpenNI found (version: 1.5.4.0, include: /usr/include/ni, lib: /usr/lib/libOpenNI.so;libusb::libusb)
[65.411s] -- OpenNI2 found (version: 2.2.0.33, include: /usr/include/openni2, lib: /usr/lib/x86_64-linux-gnu/libOpenNI2.so;libusb::libusb)
[65.720s] -- Found Pcap: /usr/lib/x86_64-linux-gnu/libpcap.so  
[69.177s] -- Found ZLIB: /usr/lib/x86_64-linux-gnu/libz.so (found version "1.3")  
[73.117s] -- Found PNG: /usr/lib/x86_64-linux-gnu/libpng.so (found version "1.6.43") 
[109.192s] -- OpenNI found (version: 1.5.4.0, include: /usr/include/ni, lib: /usr/lib/libOpenNI.so;libusb::libusb)
[109.198s] -- OpenNI2 found (version: 2.2.0.33, include: /usr/include/openni2, lib: /usr/lib/x86_64-linux-gnu/libOpenNI2.so;libusb::libusb)
[147.315s] -- Found Qhull version 8.0.2
[170.350s] -- OpenNI found (version: 1.5.4.0, include: /usr/include/ni, lib: /usr/lib/libOpenNI.so;libusb::libusb)
[193.703s] -- Found PCL_COMMON: /usr/lib/x86_64-linux-gnu/libpcl_common.so  
[193.717s] -- Found PCL_KDTREE: /usr/lib/x86_64-linux-gnu/libpcl_kdtree.so  
[193.718s] -- Found PCL_OCTREE: /usr/lib/x86_64-linux-gnu/libpcl_octree.so  
[193.721s] -- Found PCL_SEARCH: /usr/lib/x86_64-linux-gnu/libpcl_search.so  
[193.722s] -- Found PCL_SAMPLE_CONSENSUS: /usr/lib/x86_64-linux-gnu/libpcl_sample_consensus.so  
[193.723s] -- Found PCL_FILTERS: /usr/lib/x86_64-linux-gnu/libpcl_filters.so  
[193.724s] -- Found PCL_2D: /usr/include/pcl-1.14  
[193.724s] -- Found PCL_GEOMETRY: /usr/include/pcl-1.14  
[193.726s] -- Found PCL_IO: /usr/lib/x86_64-linux-gnu/libpcl_io.so  
[193.727s] -- Found PCL_FEATURES: /usr/lib/x86_64-linux-gnu/libpcl_features.so  
[193.729s] -- Found PCL_ML: /usr/lib/x86_64-linux-gnu/libpcl_ml.so  
[193.730s] -- Found PCL_SEGMENTATION: /usr/lib/x86_64-linux-gnu/libpcl_segmentation.so  
[193.731s] -- Found PCL_VISUALIZATION: /usr/lib/x86_64-linux-gnu/libpcl_visualization.so  
[193.733s] -- Found PCL_SURFACE: /usr/lib/x86_64-linux-gnu/libpcl_surface.so  
[193.734s] -- Found PCL_REGISTRATION: /usr/lib/x86_64-linux-gnu/libpcl_registration.so  
[193.736s] -- Found PCL_KEYPOINTS: /usr/lib/x86_64-linux-gnu/libpcl_keypoints.so  
[193.737s] -- Found PCL_TRACKING: /usr/lib/x86_64-linux-gnu/libpcl_tracking.so  
[193.738s] -- Found PCL_RECOGNITION: /usr/lib/x86_64-linux-gnu/libpcl_recognition.so  
[193.740s] -- Found PCL_STEREO: /usr/lib/x86_64-linux-gnu/libpcl_stereo.so  
[193.741s] -- Found PCL_APPS: /usr/lib/x86_64-linux-gnu/libpcl_apps.so  
[193.742s] -- Found PCL_IN_HAND_SCANNER: /usr/include/pcl-1.14  
[193.743s] -- Found PCL_MODELER: /usr/include/pcl-1.14  
[193.744s] -- Found PCL_POINT_CLOUD_EDITOR: /usr/include/pcl-1.14  
[193.745s] -- Found PCL_OUTOFCORE: /usr/lib/x86_64-linux-gnu/libpcl_outofcore.so  
[193.747s] -- Found PCL_PEOPLE: /usr/lib/x86_64-linux-gnu/libpcl_people.so  
[193.756s] -- Found tf2_geometry_msgs: 0.36.20 (/opt/ros/jazzy/share/tf2_geometry_msgs/cmake)
[193.856s] -- Found eigen3_cmake_module: 0.3.0 (/opt/ros/jazzy/share/eigen3_cmake_module/cmake)
[193.859s] -- Found Eigen3: TRUE (found version "3.4.0") 
[193.860s] -- Ensuring Eigen3 include directory is part of orocos-kdl CMake target
[194.125s] -- Found Boost: /usr/lib/x86_64-linux-gnu/cmake/Boost-1.83.0/BoostConfig.cmake (found version "1.83.0") found components: system 
[194.125s] [33mCMake Warning (dev) at CMakeLists.txt:29 (find_package):
[194.126s]   Policy CMP0074 is not set: find_package uses <PackageName>_ROOT variables.
[194.126s]   Run "cmake --help-policy CMP0074" for policy details.  Use the cmake_policy
[194.126s]   command to set the policy and suppress this warning.
[194.126s] 
[194.126s]   CMake variable PCL_ROOT is set to:
[194.126s] 
[194.126s]     /usr
[194.126s] 
[194.126s]   For compatibility, CMake is ignoring the variable.
[194.126s] This warning is for project developers.  Use -Wno-dev to suppress it.
[194.126s] [0m
[194.155s] -- Found ament_lint_auto: 0.17.5 (/opt/ros/jazzy/share/ament_lint_auto/cmake)
[194.333s] -- Added test 'copyright' to check source files copyright and LICENSE
[194.343s] -- Added test 'cppcheck' to perform static code analysis on C / C++ code
[194.343s] -- Configured cppcheck include dirs: /home/rudrh/Autonomous-Wheelchair-System/Positioning/MapGeneration/Mapping/ros2_laser_scan_merger/include
[194.343s] -- Configured cppcheck exclude dirs and/or files: 
[194.347s] -- Added test 'cpplint' to check C / C++ code against the Google style
[194.347s] -- Configured cpplint exclude dirs and/or files: 
[194.350s] -- Added test 'flake8' to check Python code syntax and style conventions
[194.351s] -- Configured 'flake8' exclude dirs and/or files: 
[194.352s] -- Added test 'lint_cmake' to check CMake code style
[194.354s] -- Added test 'pep257' to check Python code against some of the docstring style conventions in PEP 257
[194.357s] -- Added test 'uncrustify' to check C / C++ code style
[194.358s] -- Configured uncrustify additional arguments: 
[194.359s] -- Added test 'xmllint' to check XML markup files
[194.362s] -- Configuring done (194.3s)
[194.471s] -- Generating done (0.1s)
[194.480s] -- Build files have been written to: /home/rudrh/Autonomous-Wheelchair-System/Positioning/MapGeneration/Mapping/build/ros2_laser_scan_merger
[194.503s] Invoked command in '/home/rudrh/Autonomous-Wheelchair-System/Positioning/MapGeneration/Mapping/build/ros2_laser_scan_merger' returned '0': CMAKE_PREFIX_PATH=${CMAKE_PREFIX_PATH}:/opt/ros/jazzy /usr/bin/cmake /home/rudrh/Autonomous-Wheelchair-System/Positioning/MapGeneration/Mapping/ros2_laser_scan_merger -DAMENT_CMAKE_SYMLINK_INSTALL=1 -DCMAKE_INSTALL_PREFIX=/home/rudrh/Autonomous-Wheelchair-System/Positioning/MapGeneration/Mapping/install/ros2_laser_scan_merger
[194.505s] Invoking command in '/home/rudrh/Autonomous-Wheelchair-System/Positioning/MapGeneration/Mapping/build/ros2_laser_scan_merger': CMAKE_PREFIX_PATH=${CMAKE_PREFIX_PATH}:/opt/ros/jazzy /usr/bin/cmake --build /home/rudrh/Autonomous-Wheelchair-System/Positioning/MapGeneration/Mapping/build/ros2_laser_scan_merger -- -j20 -l20
[194.566s] [ 50%] [32mBuilding CXX object CMakeFiles/ros2_laser_scan_merger.dir/src/main.cpp.o[0m
[201.112s] [01m[K/home/rudrh/Autonomous-Wheelchair-System/Positioning/MapGeneration/Mapping/ros2_laser_scan_merger/src/main.cpp:[m[K In member function ‘[01m[Kvoid scanMerger::[01;32m[Kupdate_point_cloud_rgb[m[K()[m[K’:
[201.112s] [01m[K/home/rudrh/Autonomous-Wheelchair-System/Positioning/MapGeneration/Mapping/ros2_laser_scan_merger/src/main.cpp:76:57:[m[K [01;35m[Kwarning: [m[Kcomparison of integer expressions of different signedness: ‘[01m[Kint[m[K’ and ‘[01m[Kstd::vector<float>::size_type[m[K’ {aka ‘[01m[Klong unsigned int[m[K’} [[01;35m[K]8;;https://gcc.gnu.org/onlinedocs/gcc/Warning-Options.html#index-Wsign-compare-Wsign-compare]8;;[m[K]
[201.112s]    76 |       for (float i = temp_min_; i <= temp_max_ && [01;35m[Kcount < laser1_->ranges.size()[m[K;
[201.112s]       |                                                   [01;35m[K~~~~~~^~~~~~~~~~~~~~~~~~~~~~~~[m[K
[201.113s] [01m[K/home/rudrh/Autonomous-Wheelchair-System/Positioning/MapGeneration/Mapping/ros2_laser_scan_merger/src/main.cpp:158:57:[m[K [01;35m[Kwarning: [m[Kcomparison of integer expressions of different signedness: ‘[01m[Kint[m[K’ and ‘[01m[Kstd::vector<float>::size_type[m[K’ {aka ‘[01m[Klong unsigned int[m[K’} [[01;35m[K]8;;https://gcc.gnu.org/onlinedocs/gcc/Warning-Options.html#index-Wsign-compare-Wsign-compare]8;;[m[K]
[201.113s]   158 |       for (float i = temp_min_; i <= temp_max_ && [01;35m[Kcount < laser2_->ranges.size()[m[K;
[201.113s]       |                                                   [01;35m[K~~~~~~^~~~~~~~~~~~~~~~~~~~~~~~[m[K
[208.754s] [100%] [32m[1mLinking CXX executable ros2_laser_scan_merger[0m
[210.035s] [100%] Built target ros2_laser_scan_merger
[210.048s] Invoked command in '/home/rudrh/Autonomous-Wheelchair-System/Positioning/MapGeneration/Mapping/build/ros2_laser_scan_merger' returned '0': CMAKE_PREFIX_PATH=${CMAKE_PREFIX_PATH}:/opt/ros/jazzy /usr/bin/cmake --build /home/rudrh/Autonomous-Wheelchair-System/Positioning/MapGeneration/Mapping/build/ros2_laser_scan_merger -- -j20 -l20
[210.050s] Invoking command in '/home/rudrh/Autonomous-Wheelchair-System/Positioning/MapGeneration/Mapping/build/ros2_laser_scan_merger': CMAKE_PREFIX_PATH=${CMAKE_PREFIX_PATH}:/opt/ros/jazzy /usr/bin/cmake --install /home/rudrh/Autonomous-Wheelchair-System/Positioning/MapGeneration/Mapping/build/ros2_laser_scan_merger
[210.059s] -- Install configuration: ""
[210.060s] -- Execute custom install script
[210.061s] -- Symlinking: /home/rudrh/Autonomous-Wheelchair-System/Positioning/MapGeneration/Mapping/install/ros2_laser_scan_merger/share/ros2_laser_scan_merger/launch/merge_2_scan.launch.py
[210.071s] -- Symlinking: /home/rudrh/Autonomous-Wheelchair-System/Positioning/MapGeneration/Mapping/install/ros2_laser_scan_merger/share/ros2_laser_scan_merger/launch/visualize_merge_2_scan.launch.py
[210.082s] -- Symlinking: /home/rudrh/Autonomous-Wheelchair-System/Positioning/MapGeneration/Mapping/install/ros2_laser_scan_merger/share/ros2_laser_scan_merger/config/params.yaml
[210.094s] -- Symlinking: /home/rudrh/Autonomous-Wheelchair-System/Positioning/MapGeneration/Mapping/install/ros2_laser_scan_merger/share/ros2_laser_scan_merger/rviz/ros2_laser_scan_merge.rviz
[210.104s] -- Symlinking: /home/rudrh/Autonomous-Wheelchair-System/Positioning/MapGeneration/Mapping/install/ros2_laser_scan_merger/lib/ros2_laser_scan_merger/ros2_laser_scan_merger
[210.115s] -- Symlinking: /home/rudrh/Autonomous-Wheelchair-System/Positioning/MapGeneration/Mapping/install/ros2_laser_scan_merger/share/ament_index/resource_index/package_run_dependencies/ros2_laser_scan_merger
[210.126s] -- Symlinking: /home/rudrh/Autonomous-Wheelchair-System/Positioning/MapGeneration/Mapping/install/ros2_laser_scan_merger/share/ament_index/resource_index/parent_prefix_path/ros2_laser_scan_merger
[210.138s] -- Symlinking: /home/rudrh/Autonomous-Wheelchair-System/Positioning/MapGeneration/Mapping/install/ros2_laser_scan_merger/share/ros2_laser_scan_merger/environment/ament_prefix_path.sh
[210.148s] -- Symlinking: /home/rudrh/Autonomous-Wheelchair-System/Positioning/MapGeneration/Mapping/install/ros2_laser_scan_merger/share/ros2_laser_scan_merger/environment/ament_prefix_path.dsv
[210.158s] -- Symlinking: /home/rudrh/Autonomous-Wheelchair-System/Positioning/MapGeneration/Mapping/install/ros2_laser_scan_merger/share/ros2_laser_scan_merger/environment/path.sh
[210.168s] -- Symlinking: /home/rudrh/Autonomous-Wheelchair-System/Positioning/MapGeneration/Mapping/install/ros2_laser_scan_merger/share/ros2_laser_scan_merger/environment/path.dsv
[210.179s] -- Symlinking: /home/rudrh/Autonomous-Wheelchair-System/Positioning/MapGeneration/Mapping/install/ros2_laser_scan_merger/share/ros2_laser_scan_merger/local_setup.bash
[210.190s] -- Symlinking: /home/rudrh/Autonomous-Wheelchair-System/Positioning/MapGeneration/Mapping/install/ros2_laser_scan_merger/share/ros2_laser_scan_merger/local_setup.sh
[210.201s] -- Symlinking: /home/rudrh/Autonomous-Wheelchair-System/Positioning/MapGeneration/Mapping/install/ros2_laser_scan_merger/share/ros2_laser_scan_merger/local_setup.zsh
[210.212s] -- Symlinking: /home/rudrh/Autonomous-Wheelchair-System/Positioning/MapGeneration/Mapping/install/ros2_laser_scan_merger/share/ros2_laser_scan_merger/local_setup.dsv
[210.222s] -- Symlinking: /home/rudrh/Autonomous-Wheelchair-System/Positioning/MapGeneration/Mapping/install/ros2_laser_scan_merger/share/ros2_laser_scan_merger/package.dsv
[210.234s] -- Symlinking: /home/rudrh/Autonomous-Wheelchair-System/Positioning/MapGeneration/Mapping/install/ros2_laser_scan_merger/share/ament_index/resource_index/packages/ros2_laser_scan_merger
[210.245s] -- Symlinking: /home/rudrh/Autonomous-Wheelchair-System/Positioning/MapGeneration/Mapping/install/ros2_laser_scan_merger/share/ros2_laser_scan_merger/cmake/ros2_laser_scan_mergerConfig.cmake
[210.257s] -- Symlinking: /home/rudrh/Autonomous-Wheelchair-System/Positioning/MapGeneration/Mapping/install/ros2_laser_scan_merger/share/ros2_laser_scan_merger/cmake/ros2_laser_scan_mergerConfig-version.cmake
[210.269s] -- Symlinking: /home/rudrh/Autonomous-Wheelchair-System/Positioning/MapGeneration/Mapping/install/ros2_laser_scan_merger/share/ros2_laser_scan_merger/package.xml
[210.282s] Invoked command in '/home/rudrh/Autonomous-Wheelchair-System/Positioning/MapGeneration/Mapping/build/ros2_laser_scan_merger' returned '0': CMAKE_PREFIX_PATH=${CMAKE_PREFIX_PATH}:/opt/ros/jazzy /usr/bin/cmake --install /home/rudrh/Autonomous-Wheelchair-System/Positioning/MapGeneration/Mapping/build/ros2_laser_scan_merger
