[0.466s] DEBUG:colcon:Command line arguments: ['/usr/bin/colcon', 'build', '--symlink-install', '--base-paths', '.', 'sllidar_ros2', 'ros2_laser_scan_merger']
[0.466s] DEBUG:colcon:Parsed command line arguments: Namespace(log_base=None, log_level=None, verb_name='build', build_base='build', install_base='install', merge_install=False, symlink_install=True, test_result_base=None, continue_on_error=False, executor='parallel', parallel_workers=20, event_handlers=None, ignore_user_meta=False, metas=['./colcon.meta'], base_paths=['.', 'sllidar_ros2', 'ros2_laser_scan_merger'], packages_ignore=None, packages_ignore_regex=None, paths=None, packages_up_to=None, packages_up_to_regex=None, packages_above=None, packages_above_and_dependencies=None, packages_above_depth=None, packages_select_by_dep=None, packages_skip_by_dep=None, packages_skip_up_to=None, packages_select_build_failed=False, packages_skip_build_finished=False, packages_select_test_failures=False, packages_skip_test_passed=False, packages_select=None, packages_skip=None, packages_select_regex=None, packages_skip_regex=None, packages_start=None, packages_end=None, allow_overriding=[], cmake_args=None, cmake_target=None, cmake_target_skip_unavailable=False, cmake_clean_cache=False, cmake_clean_first=False, cmake_force_configure=False, ament_cmake_args=None, catkin_cmake_args=None, catkin_skip_building_tests=False, verb_parser=<colcon_defaults.argument_parser.defaults.DefaultArgumentsDecorator object at 0x70cee4978ef0>, verb_extension=<colcon_core.verb.build.BuildVerb object at 0x70cee4978e00>, main=<bound method BuildVerb.main of <colcon_core.verb.build.BuildVerb object at 0x70cee4978e00>>)
[0.559s] Level 1:colcon.colcon_core.package_discovery:discover_packages(colcon_meta) check parameters
[0.559s] Level 1:colcon.colcon_core.package_discovery:discover_packages(recursive) check parameters
[0.559s] Level 1:colcon.colcon_core.package_discovery:discover_packages(ignore) check parameters
[0.559s] Level 1:colcon.colcon_core.package_discovery:discover_packages(path) check parameters
[0.559s] Level 1:colcon.colcon_core.package_discovery:discover_packages(recursive) discover
[0.560s] INFO:colcon.colcon_core.package_discovery:Crawling recursively for packages in '/home/rudrh/Autonomous-Wheelchair-System/Positioning/MapGeneration/Mapping', '/home/rudrh/Autonomous-Wheelchair-System/Positioning/MapGeneration/Mapping/sllidar_ros2', '/home/rudrh/Autonomous-Wheelchair-System/Positioning/MapGeneration/Mapping/ros2_laser_scan_merger'
[0.560s] Level 1:colcon.colcon_core.package_identification:_identify(.) by extensions ['ignore', 'ignore_ament_install']
[0.560s] Level 1:colcon.colcon_core.package_identification:_identify(.) by extension 'ignore'
[0.560s] Level 1:colcon.colcon_core.package_identification:_identify(.) by extension 'ignore_ament_install'
[0.560s] Level 1:colcon.colcon_core.package_identification:_identify(.) by extensions ['colcon_pkg']
[0.560s] Level 1:colcon.colcon_core.package_identification:_identify(.) by extension 'colcon_pkg'
[0.560s] Level 1:colcon.colcon_core.package_identification:_identify(.) by extensions ['colcon_meta']
[0.560s] Level 1:colcon.colcon_core.package_identification:_identify(.) by extension 'colcon_meta'
[0.560s] Level 1:colcon.colcon_core.package_identification:_identify(.) by extensions ['ros']
[0.560s] Level 1:colcon.colcon_core.package_identification:_identify(.) by extension 'ros'
[0.615s] DEBUG:colcon.colcon_core.package_identification:Package '.' with type 'ros.ament_python' and name 'map_generator'
[0.615s] Level 1:colcon.colcon_core.package_identification:_identify(sllidar_ros2) by extensions ['ignore', 'ignore_ament_install']
[0.616s] Level 1:colcon.colcon_core.package_identification:_identify(sllidar_ros2) by extension 'ignore'
[0.616s] Level 1:colcon.colcon_core.package_identification:_identify(sllidar_ros2) by extension 'ignore_ament_install'
[0.616s] Level 1:colcon.colcon_core.package_identification:_identify(sllidar_ros2) by extensions ['colcon_pkg']
[0.616s] Level 1:colcon.colcon_core.package_identification:_identify(sllidar_ros2) by extension 'colcon_pkg'
[0.616s] Level 1:colcon.colcon_core.package_identification:_identify(sllidar_ros2) by extensions ['colcon_meta']
[0.616s] Level 1:colcon.colcon_core.package_identification:_identify(sllidar_ros2) by extension 'colcon_meta'
[0.616s] Level 1:colcon.colcon_core.package_identification:_identify(sllidar_ros2) by extensions ['ros']
[0.616s] Level 1:colcon.colcon_core.package_identification:_identify(sllidar_ros2) by extension 'ros'
[0.617s] DEBUG:colcon.colcon_core.package_identification:Package 'sllidar_ros2' with type 'ros.ament_cmake' and name 'sllidar_ros2'
[0.617s] Level 1:colcon.colcon_core.package_identification:_identify(ros2_laser_scan_merger) by extensions ['ignore', 'ignore_ament_install']
[0.618s] Level 1:colcon.colcon_core.package_identification:_identify(ros2_laser_scan_merger) by extension 'ignore'
[0.618s] Level 1:colcon.colcon_core.package_identification:_identify(ros2_laser_scan_merger) by extension 'ignore_ament_install'
[0.618s] Level 1:colcon.colcon_core.package_identification:_identify(ros2_laser_scan_merger) by extensions ['colcon_pkg']
[0.618s] Level 1:colcon.colcon_core.package_identification:_identify(ros2_laser_scan_merger) by extension 'colcon_pkg'
[0.618s] Level 1:colcon.colcon_core.package_identification:_identify(ros2_laser_scan_merger) by extensions ['colcon_meta']
[0.618s] Level 1:colcon.colcon_core.package_identification:_identify(ros2_laser_scan_merger) by extension 'colcon_meta'
[0.618s] Level 1:colcon.colcon_core.package_identification:_identify(ros2_laser_scan_merger) by extensions ['ros']
[0.618s] Level 1:colcon.colcon_core.package_identification:_identify(ros2_laser_scan_merger) by extension 'ros'
[0.619s] DEBUG:colcon.colcon_core.package_identification:Package 'ros2_laser_scan_merger' with type 'ros.ament_cmake' and name 'ros2_laser_scan_merger'
[0.620s] Level 1:colcon.colcon_core.package_discovery:discover_packages(recursive) using defaults
[0.653s] Level 1:colcon.colcon_core.package_discovery:discover_packages(prefix_path) check parameters
[0.653s] Level 1:colcon.colcon_core.package_discovery:discover_packages(prefix_path) discover
[0.660s] DEBUG:colcon.colcon_installed_package_information.package_discovery:Found 439 installed packages in /opt/ros/jazzy
[0.661s] Level 1:colcon.colcon_core.package_discovery:discover_packages(prefix_path) using defaults
[0.713s] Level 5:colcon.colcon_core.verb:set package 'ros2_laser_scan_merger' build argument 'cmake_args' from command line to 'None'
[0.713s] Level 5:colcon.colcon_core.verb:set package 'ros2_laser_scan_merger' build argument 'cmake_target' from command line to 'None'
[0.713s] Level 5:colcon.colcon_core.verb:set package 'ros2_laser_scan_merger' build argument 'cmake_target_skip_unavailable' from command line to 'False'
[0.713s] Level 5:colcon.colcon_core.verb:set package 'ros2_laser_scan_merger' build argument 'cmake_clean_cache' from command line to 'False'
[0.713s] Level 5:colcon.colcon_core.verb:set package 'ros2_laser_scan_merger' build argument 'cmake_clean_first' from command line to 'False'
[0.713s] Level 5:colcon.colcon_core.verb:set package 'ros2_laser_scan_merger' build argument 'cmake_force_configure' from command line to 'False'
[0.713s] Level 5:colcon.colcon_core.verb:set package 'ros2_laser_scan_merger' build argument 'ament_cmake_args' from command line to 'None'
[0.713s] Level 5:colcon.colcon_core.verb:set package 'ros2_laser_scan_merger' build argument 'catkin_cmake_args' from command line to 'None'
[0.713s] Level 5:colcon.colcon_core.verb:set package 'ros2_laser_scan_merger' build argument 'catkin_skip_building_tests' from command line to 'False'
[0.713s] DEBUG:colcon.colcon_core.verb:Building package 'ros2_laser_scan_merger' with the following arguments: {'ament_cmake_args': None, 'build_base': '/home/rudrh/Autonomous-Wheelchair-System/Positioning/MapGeneration/Mapping/build/ros2_laser_scan_merger', 'catkin_cmake_args': None, 'catkin_skip_building_tests': False, 'cmake_args': None, 'cmake_clean_cache': False, 'cmake_clean_first': False, 'cmake_force_configure': False, 'cmake_target': None, 'cmake_target_skip_unavailable': False, 'install_base': '/home/rudrh/Autonomous-Wheelchair-System/Positioning/MapGeneration/Mapping/install/ros2_laser_scan_merger', 'merge_install': False, 'path': '/home/rudrh/Autonomous-Wheelchair-System/Positioning/MapGeneration/Mapping/ros2_laser_scan_merger', 'symlink_install': True, 'test_result_base': None}
[0.713s] Level 5:colcon.colcon_core.verb:set package 'sllidar_ros2' build argument 'cmake_args' from command line to 'None'
[0.714s] Level 5:colcon.colcon_core.verb:set package 'sllidar_ros2' build argument 'cmake_target' from command line to 'None'
[0.714s] Level 5:colcon.colcon_core.verb:set package 'sllidar_ros2' build argument 'cmake_target_skip_unavailable' from command line to 'False'
[0.714s] Level 5:colcon.colcon_core.verb:set package 'sllidar_ros2' build argument 'cmake_clean_cache' from command line to 'False'
[0.714s] Level 5:colcon.colcon_core.verb:set package 'sllidar_ros2' build argument 'cmake_clean_first' from command line to 'False'
[0.714s] Level 5:colcon.colcon_core.verb:set package 'sllidar_ros2' build argument 'cmake_force_configure' from command line to 'False'
[0.714s] Level 5:colcon.colcon_core.verb:set package 'sllidar_ros2' build argument 'ament_cmake_args' from command line to 'None'
[0.714s] Level 5:colcon.colcon_core.verb:set package 'sllidar_ros2' build argument 'catkin_cmake_args' from command line to 'None'
[0.714s] Level 5:colcon.colcon_core.verb:set package 'sllidar_ros2' build argument 'catkin_skip_building_tests' from command line to 'False'
[0.714s] DEBUG:colcon.colcon_core.verb:Building package 'sllidar_ros2' with the following arguments: {'ament_cmake_args': None, 'build_base': '/home/rudrh/Autonomous-Wheelchair-System/Positioning/MapGeneration/Mapping/build/sllidar_ros2', 'catkin_cmake_args': None, 'catkin_skip_building_tests': False, 'cmake_args': None, 'cmake_clean_cache': False, 'cmake_clean_first': False, 'cmake_force_configure': False, 'cmake_target': None, 'cmake_target_skip_unavailable': False, 'install_base': '/home/rudrh/Autonomous-Wheelchair-System/Positioning/MapGeneration/Mapping/install/sllidar_ros2', 'merge_install': False, 'path': '/home/rudrh/Autonomous-Wheelchair-System/Positioning/MapGeneration/Mapping/sllidar_ros2', 'symlink_install': True, 'test_result_base': None}
[0.714s] Level 5:colcon.colcon_core.verb:set package 'map_generator' build argument 'cmake_args' from command line to 'None'
[0.714s] Level 5:colcon.colcon_core.verb:set package 'map_generator' build argument 'cmake_target' from command line to 'None'
[0.714s] Level 5:colcon.colcon_core.verb:set package 'map_generator' build argument 'cmake_target_skip_unavailable' from command line to 'False'
[0.714s] Level 5:colcon.colcon_core.verb:set package 'map_generator' build argument 'cmake_clean_cache' from command line to 'False'
[0.714s] Level 5:colcon.colcon_core.verb:set package 'map_generator' build argument 'cmake_clean_first' from command line to 'False'
[0.714s] Level 5:colcon.colcon_core.verb:set package 'map_generator' build argument 'cmake_force_configure' from command line to 'False'
[0.714s] Level 5:colcon.colcon_core.verb:set package 'map_generator' build argument 'ament_cmake_args' from command line to 'None'
[0.714s] Level 5:colcon.colcon_core.verb:set package 'map_generator' build argument 'catkin_cmake_args' from command line to 'None'
[0.714s] Level 5:colcon.colcon_core.verb:set package 'map_generator' build argument 'catkin_skip_building_tests' from command line to 'False'
[0.714s] DEBUG:colcon.colcon_core.verb:Building package 'map_generator' with the following arguments: {'ament_cmake_args': None, 'build_base': '/home/rudrh/Autonomous-Wheelchair-System/Positioning/MapGeneration/Mapping/build/map_generator', 'catkin_cmake_args': None, 'catkin_skip_building_tests': False, 'cmake_args': None, 'cmake_clean_cache': False, 'cmake_clean_first': False, 'cmake_force_configure': False, 'cmake_target': None, 'cmake_target_skip_unavailable': False, 'install_base': '/home/rudrh/Autonomous-Wheelchair-System/Positioning/MapGeneration/Mapping/install/map_generator', 'merge_install': False, 'path': '/home/rudrh/Autonomous-Wheelchair-System/Positioning/MapGeneration/Mapping', 'symlink_install': True, 'test_result_base': None}
[0.714s] INFO:colcon.colcon_core.executor:Executing jobs using 'parallel' executor
[0.715s] DEBUG:colcon.colcon_parallel_executor.executor.parallel:run_until_complete
[0.716s] INFO:colcon.colcon_ros.task.ament_cmake.build:Building ROS package in '/home/rudrh/Autonomous-Wheelchair-System/Positioning/MapGeneration/Mapping/ros2_laser_scan_merger' with build type 'ament_cmake'
[0.716s] INFO:colcon.colcon_cmake.task.cmake.build:Building CMake package in '/home/rudrh/Autonomous-Wheelchair-System/Positioning/MapGeneration/Mapping/ros2_laser_scan_merger'
[0.720s] INFO:colcon.colcon_core.plugin_system:Skipping extension 'colcon_core.shell.bat': Not used on non-Windows systems
[0.720s] INFO:colcon.colcon_core.shell:Skip shell extension 'powershell' for command environment: Not usable outside of PowerShell
[0.721s] DEBUG:colcon.colcon_core.shell:Skip shell extension 'dsv' for command environment
[0.725s] INFO:colcon.colcon_ros.task.ament_cmake.build:Building ROS package in '/home/rudrh/Autonomous-Wheelchair-System/Positioning/MapGeneration/Mapping/sllidar_ros2' with build type 'ament_cmake'
[0.726s] INFO:colcon.colcon_cmake.task.cmake.build:Building CMake package in '/home/rudrh/Autonomous-Wheelchair-System/Positioning/MapGeneration/Mapping/sllidar_ros2'
[0.726s] INFO:colcon.colcon_core.shell:Skip shell extension 'powershell' for command environment: Not usable outside of PowerShell
[0.726s] DEBUG:colcon.colcon_core.shell:Skip shell extension 'dsv' for command environment
[0.733s] DEBUG:colcon.colcon_core.event_handler.log_command:Invoking command in '/home/rudrh/Autonomous-Wheelchair-System/Positioning/MapGeneration/Mapping/build/ros2_laser_scan_merger': CMAKE_PREFIX_PATH=${CMAKE_PREFIX_PATH}:/opt/ros/jazzy /usr/bin/cmake /home/rudrh/Autonomous-Wheelchair-System/Positioning/MapGeneration/Mapping/ros2_laser_scan_merger -DAMENT_CMAKE_SYMLINK_INSTALL=1 -DCMAKE_INSTALL_PREFIX=/home/rudrh/Autonomous-Wheelchair-System/Positioning/MapGeneration/Mapping/install/ros2_laser_scan_merger
[0.744s] DEBUG:colcon.colcon_core.event_handler.log_command:Invoking command in '/home/rudrh/Autonomous-Wheelchair-System/Positioning/MapGeneration/Mapping/build/sllidar_ros2': CMAKE_PREFIX_PATH=${CMAKE_PREFIX_PATH}:/opt/ros/jazzy /usr/bin/cmake /home/rudrh/Autonomous-Wheelchair-System/Positioning/MapGeneration/Mapping/sllidar_ros2 -DAMENT_CMAKE_SYMLINK_INSTALL=1 -DCMAKE_INSTALL_PREFIX=/home/rudrh/Autonomous-Wheelchair-System/Positioning/MapGeneration/Mapping/install/sllidar_ros2
[7.701s] DEBUG:colcon.colcon_core.event_handler.log_command:Invoked command in '/home/rudrh/Autonomous-Wheelchair-System/Positioning/MapGeneration/Mapping/build/sllidar_ros2' returned '0': CMAKE_PREFIX_PATH=${CMAKE_PREFIX_PATH}:/opt/ros/jazzy /usr/bin/cmake /home/rudrh/Autonomous-Wheelchair-System/Positioning/MapGeneration/Mapping/sllidar_ros2 -DAMENT_CMAKE_SYMLINK_INSTALL=1 -DCMAKE_INSTALL_PREFIX=/home/rudrh/Autonomous-Wheelchair-System/Positioning/MapGeneration/Mapping/install/sllidar_ros2
[7.702s] DEBUG:colcon.colcon_core.event_handler.log_command:Invoking command in '/home/rudrh/Autonomous-Wheelchair-System/Positioning/MapGeneration/Mapping/build/sllidar_ros2': CMAKE_PREFIX_PATH=${CMAKE_PREFIX_PATH}:/opt/ros/jazzy /usr/bin/cmake --build /home/rudrh/Autonomous-Wheelchair-System/Positioning/MapGeneration/Mapping/build/sllidar_ros2 -- -j20 -l20
[15.929s] DEBUG:colcon.colcon_core.event_handler.log_command:Invoked command in '/home/rudrh/Autonomous-Wheelchair-System/Positioning/MapGeneration/Mapping/build/sllidar_ros2' returned '0': CMAKE_PREFIX_PATH=${CMAKE_PREFIX_PATH}:/opt/ros/jazzy /usr/bin/cmake --build /home/rudrh/Autonomous-Wheelchair-System/Positioning/MapGeneration/Mapping/build/sllidar_ros2 -- -j20 -l20
[15.940s] DEBUG:colcon.colcon_core.event_handler.log_command:Invoking command in '/home/rudrh/Autonomous-Wheelchair-System/Positioning/MapGeneration/Mapping/build/sllidar_ros2': CMAKE_PREFIX_PATH=${CMAKE_PREFIX_PATH}:/opt/ros/jazzy /usr/bin/cmake --install /home/rudrh/Autonomous-Wheelchair-System/Positioning/MapGeneration/Mapping/build/sllidar_ros2
[16.403s] Level 1:colcon.colcon_core.environment:create_environment_scripts_only(sllidar_ros2)
[16.404s] DEBUG:colcon.colcon_core.event_handler.log_command:Invoked command in '/home/rudrh/Autonomous-Wheelchair-System/Positioning/MapGeneration/Mapping/build/sllidar_ros2' returned '0': CMAKE_PREFIX_PATH=${CMAKE_PREFIX_PATH}:/opt/ros/jazzy /usr/bin/cmake --install /home/rudrh/Autonomous-Wheelchair-System/Positioning/MapGeneration/Mapping/build/sllidar_ros2
[16.410s] Level 1:colcon.colcon_core.environment:checking '/home/rudrh/Autonomous-Wheelchair-System/Positioning/MapGeneration/Mapping/install/sllidar_ros2' for CMake module files
[16.411s] Level 1:colcon.colcon_core.environment:checking '/home/rudrh/Autonomous-Wheelchair-System/Positioning/MapGeneration/Mapping/install/sllidar_ros2' for CMake config files
[16.411s] Level 1:colcon.colcon_core.shell:create_environment_hook('sllidar_ros2', 'cmake_prefix_path')
[16.411s] INFO:colcon.colcon_core.shell:Creating environment hook '/home/rudrh/Autonomous-Wheelchair-System/Positioning/MapGeneration/Mapping/install/sllidar_ros2/share/sllidar_ros2/hook/cmake_prefix_path.ps1'
[16.413s] INFO:colcon.colcon_core.shell:Creating environment descriptor '/home/rudrh/Autonomous-Wheelchair-System/Positioning/MapGeneration/Mapping/install/sllidar_ros2/share/sllidar_ros2/hook/cmake_prefix_path.dsv'
[16.414s] INFO:colcon.colcon_core.shell:Creating environment hook '/home/rudrh/Autonomous-Wheelchair-System/Positioning/MapGeneration/Mapping/install/sllidar_ros2/share/sllidar_ros2/hook/cmake_prefix_path.sh'
[16.415s] Level 1:colcon.colcon_core.environment:checking '/home/rudrh/Autonomous-Wheelchair-System/Positioning/MapGeneration/Mapping/install/sllidar_ros2/lib'
[16.415s] Level 1:colcon.colcon_core.environment:checking '/home/rudrh/Autonomous-Wheelchair-System/Positioning/MapGeneration/Mapping/install/sllidar_ros2/bin'
[16.415s] Level 1:colcon.colcon_core.environment:checking '/home/rudrh/Autonomous-Wheelchair-System/Positioning/MapGeneration/Mapping/install/sllidar_ros2/lib/pkgconfig/sllidar_ros2.pc'
[16.415s] Level 1:colcon.colcon_core.environment:checking '/home/rudrh/Autonomous-Wheelchair-System/Positioning/MapGeneration/Mapping/install/sllidar_ros2/lib/python3.12/site-packages'
[16.415s] Level 1:colcon.colcon_core.environment:checking '/home/rudrh/Autonomous-Wheelchair-System/Positioning/MapGeneration/Mapping/install/sllidar_ros2/bin'
[16.416s] INFO:colcon.colcon_core.shell:Creating package script '/home/rudrh/Autonomous-Wheelchair-System/Positioning/MapGeneration/Mapping/install/sllidar_ros2/share/sllidar_ros2/package.ps1'
[16.417s] INFO:colcon.colcon_core.shell:Creating package descriptor '/home/rudrh/Autonomous-Wheelchair-System/Positioning/MapGeneration/Mapping/install/sllidar_ros2/share/sllidar_ros2/package.dsv'
[16.418s] INFO:colcon.colcon_core.shell:Creating package script '/home/rudrh/Autonomous-Wheelchair-System/Positioning/MapGeneration/Mapping/install/sllidar_ros2/share/sllidar_ros2/package.sh'
[16.419s] INFO:colcon.colcon_core.shell:Creating package script '/home/rudrh/Autonomous-Wheelchair-System/Positioning/MapGeneration/Mapping/install/sllidar_ros2/share/sllidar_ros2/package.bash'
[16.420s] INFO:colcon.colcon_core.shell:Creating package script '/home/rudrh/Autonomous-Wheelchair-System/Positioning/MapGeneration/Mapping/install/sllidar_ros2/share/sllidar_ros2/package.zsh'
[16.421s] Level 1:colcon.colcon_core.environment:create_file_with_runtime_dependencies(/home/rudrh/Autonomous-Wheelchair-System/Positioning/MapGeneration/Mapping/install/sllidar_ros2/share/colcon-core/packages/sllidar_ros2)
[16.422s] Level 1:colcon.colcon_core.environment:create_environment_scripts_only(sllidar_ros2)
[16.422s] Level 1:colcon.colcon_core.environment:checking '/home/rudrh/Autonomous-Wheelchair-System/Positioning/MapGeneration/Mapping/install/sllidar_ros2' for CMake module files
[16.423s] Level 1:colcon.colcon_core.environment:checking '/home/rudrh/Autonomous-Wheelchair-System/Positioning/MapGeneration/Mapping/install/sllidar_ros2' for CMake config files
[16.423s] Level 1:colcon.colcon_core.shell:create_environment_hook('sllidar_ros2', 'cmake_prefix_path')
[16.423s] INFO:colcon.colcon_core.shell:Creating environment hook '/home/rudrh/Autonomous-Wheelchair-System/Positioning/MapGeneration/Mapping/install/sllidar_ros2/share/sllidar_ros2/hook/cmake_prefix_path.ps1'
[16.424s] INFO:colcon.colcon_core.shell:Creating environment descriptor '/home/rudrh/Autonomous-Wheelchair-System/Positioning/MapGeneration/Mapping/install/sllidar_ros2/share/sllidar_ros2/hook/cmake_prefix_path.dsv'
[16.424s] INFO:colcon.colcon_core.shell:Creating environment hook '/home/rudrh/Autonomous-Wheelchair-System/Positioning/MapGeneration/Mapping/install/sllidar_ros2/share/sllidar_ros2/hook/cmake_prefix_path.sh'
[16.425s] Level 1:colcon.colcon_core.environment:checking '/home/rudrh/Autonomous-Wheelchair-System/Positioning/MapGeneration/Mapping/install/sllidar_ros2/lib'
[16.425s] Level 1:colcon.colcon_core.environment:checking '/home/rudrh/Autonomous-Wheelchair-System/Positioning/MapGeneration/Mapping/install/sllidar_ros2/bin'
[16.425s] Level 1:colcon.colcon_core.environment:checking '/home/rudrh/Autonomous-Wheelchair-System/Positioning/MapGeneration/Mapping/install/sllidar_ros2/lib/pkgconfig/sllidar_ros2.pc'
[16.425s] Level 1:colcon.colcon_core.environment:checking '/home/rudrh/Autonomous-Wheelchair-System/Positioning/MapGeneration/Mapping/install/sllidar_ros2/lib/python3.12/site-packages'
[16.426s] Level 1:colcon.colcon_core.environment:checking '/home/rudrh/Autonomous-Wheelchair-System/Positioning/MapGeneration/Mapping/install/sllidar_ros2/bin'
[16.426s] INFO:colcon.colcon_core.shell:Creating package script '/home/rudrh/Autonomous-Wheelchair-System/Positioning/MapGeneration/Mapping/install/sllidar_ros2/share/sllidar_ros2/package.ps1'
[16.427s] INFO:colcon.colcon_core.shell:Creating package descriptor '/home/rudrh/Autonomous-Wheelchair-System/Positioning/MapGeneration/Mapping/install/sllidar_ros2/share/sllidar_ros2/package.dsv'
[16.428s] INFO:colcon.colcon_core.shell:Creating package script '/home/rudrh/Autonomous-Wheelchair-System/Positioning/MapGeneration/Mapping/install/sllidar_ros2/share/sllidar_ros2/package.sh'
[16.428s] INFO:colcon.colcon_core.shell:Creating package script '/home/rudrh/Autonomous-Wheelchair-System/Positioning/MapGeneration/Mapping/install/sllidar_ros2/share/sllidar_ros2/package.bash'
[16.429s] INFO:colcon.colcon_core.shell:Creating package script '/home/rudrh/Autonomous-Wheelchair-System/Positioning/MapGeneration/Mapping/install/sllidar_ros2/share/sllidar_ros2/package.zsh'
[16.429s] Level 1:colcon.colcon_core.environment:create_file_with_runtime_dependencies(/home/rudrh/Autonomous-Wheelchair-System/Positioning/MapGeneration/Mapping/install/sllidar_ros2/share/colcon-core/packages/sllidar_ros2)
[117.709s] DEBUG:colcon.colcon_core.event_handler.log_command:Invoked command in '/home/rudrh/Autonomous-Wheelchair-System/Positioning/MapGeneration/Mapping/build/ros2_laser_scan_merger' returned '0': CMAKE_PREFIX_PATH=${CMAKE_PREFIX_PATH}:/opt/ros/jazzy /usr/bin/cmake /home/rudrh/Autonomous-Wheelchair-System/Positioning/MapGeneration/Mapping/ros2_laser_scan_merger -DAMENT_CMAKE_SYMLINK_INSTALL=1 -DCMAKE_INSTALL_PREFIX=/home/rudrh/Autonomous-Wheelchair-System/Positioning/MapGeneration/Mapping/install/ros2_laser_scan_merger
[117.711s] DEBUG:colcon.colcon_core.event_handler.log_command:Invoking command in '/home/rudrh/Autonomous-Wheelchair-System/Positioning/MapGeneration/Mapping/build/ros2_laser_scan_merger': CMAKE_PREFIX_PATH=${CMAKE_PREFIX_PATH}:/opt/ros/jazzy /usr/bin/cmake --build /home/rudrh/Autonomous-Wheelchair-System/Positioning/MapGeneration/Mapping/build/ros2_laser_scan_merger -- -j20 -l20
[129.955s] DEBUG:colcon.colcon_core.event_handler.log_command:Invoked command in '/home/rudrh/Autonomous-Wheelchair-System/Positioning/MapGeneration/Mapping/build/ros2_laser_scan_merger' returned '0': CMAKE_PREFIX_PATH=${CMAKE_PREFIX_PATH}:/opt/ros/jazzy /usr/bin/cmake --build /home/rudrh/Autonomous-Wheelchair-System/Positioning/MapGeneration/Mapping/build/ros2_laser_scan_merger -- -j20 -l20
[129.955s] DEBUG:colcon.colcon_core.event_handler.log_command:Invoking command in '/home/rudrh/Autonomous-Wheelchair-System/Positioning/MapGeneration/Mapping/build/ros2_laser_scan_merger': CMAKE_PREFIX_PATH=${CMAKE_PREFIX_PATH}:/opt/ros/jazzy /usr/bin/cmake --install /home/rudrh/Autonomous-Wheelchair-System/Positioning/MapGeneration/Mapping/build/ros2_laser_scan_merger
[130.135s] Level 1:colcon.colcon_core.environment:create_environment_scripts_only(ros2_laser_scan_merger)
[130.135s] DEBUG:colcon.colcon_core.event_handler.log_command:Invoked command in '/home/rudrh/Autonomous-Wheelchair-System/Positioning/MapGeneration/Mapping/build/ros2_laser_scan_merger' returned '0': CMAKE_PREFIX_PATH=${CMAKE_PREFIX_PATH}:/opt/ros/jazzy /usr/bin/cmake --install /home/rudrh/Autonomous-Wheelchair-System/Positioning/MapGeneration/Mapping/build/ros2_laser_scan_merger
[130.135s] Level 1:colcon.colcon_core.environment:checking '/home/rudrh/Autonomous-Wheelchair-System/Positioning/MapGeneration/Mapping/install/ros2_laser_scan_merger' for CMake module files
[130.136s] Level 1:colcon.colcon_core.environment:checking '/home/rudrh/Autonomous-Wheelchair-System/Positioning/MapGeneration/Mapping/install/ros2_laser_scan_merger' for CMake config files
[130.136s] Level 1:colcon.colcon_core.shell:create_environment_hook('ros2_laser_scan_merger', 'cmake_prefix_path')
[130.137s] INFO:colcon.colcon_core.shell:Creating environment hook '/home/rudrh/Autonomous-Wheelchair-System/Positioning/MapGeneration/Mapping/install/ros2_laser_scan_merger/share/ros2_laser_scan_merger/hook/cmake_prefix_path.ps1'
[130.137s] INFO:colcon.colcon_core.shell:Creating environment descriptor '/home/rudrh/Autonomous-Wheelchair-System/Positioning/MapGeneration/Mapping/install/ros2_laser_scan_merger/share/ros2_laser_scan_merger/hook/cmake_prefix_path.dsv'
[130.138s] INFO:colcon.colcon_core.shell:Creating environment hook '/home/rudrh/Autonomous-Wheelchair-System/Positioning/MapGeneration/Mapping/install/ros2_laser_scan_merger/share/ros2_laser_scan_merger/hook/cmake_prefix_path.sh'
[130.138s] Level 1:colcon.colcon_core.environment:checking '/home/rudrh/Autonomous-Wheelchair-System/Positioning/MapGeneration/Mapping/install/ros2_laser_scan_merger/lib'
[130.138s] Level 1:colcon.colcon_core.environment:checking '/home/rudrh/Autonomous-Wheelchair-System/Positioning/MapGeneration/Mapping/install/ros2_laser_scan_merger/bin'
[130.138s] Level 1:colcon.colcon_core.environment:checking '/home/rudrh/Autonomous-Wheelchair-System/Positioning/MapGeneration/Mapping/install/ros2_laser_scan_merger/lib/pkgconfig/ros2_laser_scan_merger.pc'
[130.139s] Level 1:colcon.colcon_core.environment:checking '/home/rudrh/Autonomous-Wheelchair-System/Positioning/MapGeneration/Mapping/install/ros2_laser_scan_merger/lib/python3.12/site-packages'
[130.139s] Level 1:colcon.colcon_core.environment:checking '/home/rudrh/Autonomous-Wheelchair-System/Positioning/MapGeneration/Mapping/install/ros2_laser_scan_merger/bin'
[130.139s] INFO:colcon.colcon_core.shell:Creating package script '/home/rudrh/Autonomous-Wheelchair-System/Positioning/MapGeneration/Mapping/install/ros2_laser_scan_merger/share/ros2_laser_scan_merger/package.ps1'
[130.140s] INFO:colcon.colcon_core.shell:Creating package descriptor '/home/rudrh/Autonomous-Wheelchair-System/Positioning/MapGeneration/Mapping/install/ros2_laser_scan_merger/share/ros2_laser_scan_merger/package.dsv'
[130.140s] INFO:colcon.colcon_core.shell:Creating package script '/home/rudrh/Autonomous-Wheelchair-System/Positioning/MapGeneration/Mapping/install/ros2_laser_scan_merger/share/ros2_laser_scan_merger/package.sh'
[130.140s] INFO:colcon.colcon_core.shell:Creating package script '/home/rudrh/Autonomous-Wheelchair-System/Positioning/MapGeneration/Mapping/install/ros2_laser_scan_merger/share/ros2_laser_scan_merger/package.bash'
[130.141s] INFO:colcon.colcon_core.shell:Creating package script '/home/rudrh/Autonomous-Wheelchair-System/Positioning/MapGeneration/Mapping/install/ros2_laser_scan_merger/share/ros2_laser_scan_merger/package.zsh'
[130.141s] Level 1:colcon.colcon_core.environment:create_file_with_runtime_dependencies(/home/rudrh/Autonomous-Wheelchair-System/Positioning/MapGeneration/Mapping/install/ros2_laser_scan_merger/share/colcon-core/packages/ros2_laser_scan_merger)
[130.142s] Level 1:colcon.colcon_core.environment:create_environment_scripts_only(ros2_laser_scan_merger)
[130.142s] Level 1:colcon.colcon_core.environment:checking '/home/rudrh/Autonomous-Wheelchair-System/Positioning/MapGeneration/Mapping/install/ros2_laser_scan_merger' for CMake module files
[130.142s] Level 1:colcon.colcon_core.environment:checking '/home/rudrh/Autonomous-Wheelchair-System/Positioning/MapGeneration/Mapping/install/ros2_laser_scan_merger' for CMake config files
[130.143s] Level 1:colcon.colcon_core.shell:create_environment_hook('ros2_laser_scan_merger', 'cmake_prefix_path')
[130.143s] INFO:colcon.colcon_core.shell:Creating environment hook '/home/rudrh/Autonomous-Wheelchair-System/Positioning/MapGeneration/Mapping/install/ros2_laser_scan_merger/share/ros2_laser_scan_merger/hook/cmake_prefix_path.ps1'
[130.143s] INFO:colcon.colcon_core.shell:Creating environment descriptor '/home/rudrh/Autonomous-Wheelchair-System/Positioning/MapGeneration/Mapping/install/ros2_laser_scan_merger/share/ros2_laser_scan_merger/hook/cmake_prefix_path.dsv'
[130.143s] INFO:colcon.colcon_core.shell:Creating environment hook '/home/rudrh/Autonomous-Wheelchair-System/Positioning/MapGeneration/Mapping/install/ros2_laser_scan_merger/share/ros2_laser_scan_merger/hook/cmake_prefix_path.sh'
[130.144s] Level 1:colcon.colcon_core.environment:checking '/home/rudrh/Autonomous-Wheelchair-System/Positioning/MapGeneration/Mapping/install/ros2_laser_scan_merger/lib'
[130.144s] Level 1:colcon.colcon_core.environment:checking '/home/rudrh/Autonomous-Wheelchair-System/Positioning/MapGeneration/Mapping/install/ros2_laser_scan_merger/bin'
[130.144s] Level 1:colcon.colcon_core.environment:checking '/home/rudrh/Autonomous-Wheelchair-System/Positioning/MapGeneration/Mapping/install/ros2_laser_scan_merger/lib/pkgconfig/ros2_laser_scan_merger.pc'
[130.144s] Level 1:colcon.colcon_core.environment:checking '/home/rudrh/Autonomous-Wheelchair-System/Positioning/MapGeneration/Mapping/install/ros2_laser_scan_merger/lib/python3.12/site-packages'
[130.145s] Level 1:colcon.colcon_core.environment:checking '/home/rudrh/Autonomous-Wheelchair-System/Positioning/MapGeneration/Mapping/install/ros2_laser_scan_merger/bin'
[130.145s] INFO:colcon.colcon_core.shell:Creating package script '/home/rudrh/Autonomous-Wheelchair-System/Positioning/MapGeneration/Mapping/install/ros2_laser_scan_merger/share/ros2_laser_scan_merger/package.ps1'
[130.145s] INFO:colcon.colcon_core.shell:Creating package descriptor '/home/rudrh/Autonomous-Wheelchair-System/Positioning/MapGeneration/Mapping/install/ros2_laser_scan_merger/share/ros2_laser_scan_merger/package.dsv'
[130.146s] INFO:colcon.colcon_core.shell:Creating package script '/home/rudrh/Autonomous-Wheelchair-System/Positioning/MapGeneration/Mapping/install/ros2_laser_scan_merger/share/ros2_laser_scan_merger/package.sh'
[130.146s] INFO:colcon.colcon_core.shell:Creating package script '/home/rudrh/Autonomous-Wheelchair-System/Positioning/MapGeneration/Mapping/install/ros2_laser_scan_merger/share/ros2_laser_scan_merger/package.bash'
[130.146s] INFO:colcon.colcon_core.shell:Creating package script '/home/rudrh/Autonomous-Wheelchair-System/Positioning/MapGeneration/Mapping/install/ros2_laser_scan_merger/share/ros2_laser_scan_merger/package.zsh'
[130.146s] Level 1:colcon.colcon_core.environment:create_file_with_runtime_dependencies(/home/rudrh/Autonomous-Wheelchair-System/Positioning/MapGeneration/Mapping/install/ros2_laser_scan_merger/share/colcon-core/packages/ros2_laser_scan_merger)
[130.147s] INFO:colcon.colcon_ros.task.ament_python.build:Building ROS package in '/home/rudrh/Autonomous-Wheelchair-System/Positioning/MapGeneration/Mapping' with build type 'ament_python'
[130.147s] Level 1:colcon.colcon_core.shell:create_environment_hook('map_generator', 'ament_prefix_path')
[130.147s] INFO:colcon.colcon_core.shell:Creating environment hook '/home/rudrh/Autonomous-Wheelchair-System/Positioning/MapGeneration/Mapping/install/map_generator/share/map_generator/hook/ament_prefix_path.ps1'
[130.149s] INFO:colcon.colcon_core.shell:Creating environment descriptor '/home/rudrh/Autonomous-Wheelchair-System/Positioning/MapGeneration/Mapping/install/map_generator/share/map_generator/hook/ament_prefix_path.dsv'
[130.149s] INFO:colcon.colcon_core.shell:Creating environment hook '/home/rudrh/Autonomous-Wheelchair-System/Positioning/MapGeneration/Mapping/install/map_generator/share/map_generator/hook/ament_prefix_path.sh'
[130.149s] INFO:colcon.colcon_core.shell:Skip shell extension 'powershell' for command environment: Not usable outside of PowerShell
[130.150s] DEBUG:colcon.colcon_core.shell:Skip shell extension 'dsv' for command environment
[130.790s] INFO:colcon.colcon_core.task.python.build:Building Python package in '/home/rudrh/Autonomous-Wheelchair-System/Positioning/MapGeneration/Mapping'
[130.791s] INFO:colcon.colcon_core.shell:Skip shell extension 'powershell' for command environment: Not usable outside of PowerShell
[130.791s] DEBUG:colcon.colcon_core.shell:Skip shell extension 'dsv' for command environment
[131.821s] DEBUG:colcon.colcon_core.event_handler.log_command:Invoking command in '/home/rudrh/Autonomous-Wheelchair-System/Positioning/MapGeneration/Mapping/build/map_generator': AMENT_PREFIX_PATH=/home/rudrh/Autonomous-Wheelchair-System/Positioning/MapGeneration/Mapping/install/sllidar_ros2:/home/rudrh/Autonomous-Wheelchair-System/Positioning/MapGeneration/Mapping/install/ros2_laser_scan_merger:${AMENT_PREFIX_PATH} CMAKE_PREFIX_PATH=/home/rudrh/Autonomous-Wheelchair-System/Positioning/MapGeneration/Mapping/install/sllidar_ros2:/home/rudrh/Autonomous-Wheelchair-System/Positioning/MapGeneration/Mapping/install/ros2_laser_scan_merger:${CMAKE_PREFIX_PATH} PYTHONPATH=/home/rudrh/Autonomous-Wheelchair-System/Positioning/MapGeneration/Mapping/build/map_generator/prefix_override:/usr/lib/python3/dist-packages/colcon_core/task/python/colcon_distutils_commands:/home/rudrh/Autonomous-Wheelchair-System/Positioning/MapGeneration/Mapping/install/map_generator/lib/python3.12/site-packages:${PYTHONPATH} /usr/bin/python3 -W ignore:setup.py install is deprecated -W ignore:easy_install command is deprecated setup.py develop --editable --build-directory /home/rudrh/Autonomous-Wheelchair-System/Positioning/MapGeneration/Mapping/build/map_generator/build --no-deps symlink_data
[132.395s] Level 1:colcon.colcon_core.shell:create_environment_hook('map_generator', 'pythonpath_develop')
[132.395s] INFO:colcon.colcon_core.shell:Creating environment hook '/home/rudrh/Autonomous-Wheelchair-System/Positioning/MapGeneration/Mapping/build/map_generator/share/map_generator/hook/pythonpath_develop.ps1'
[132.396s] DEBUG:colcon.colcon_core.event_handler.log_command:Invoked command in '/home/rudrh/Autonomous-Wheelchair-System/Positioning/MapGeneration/Mapping/build/map_generator' returned '0': AMENT_PREFIX_PATH=/home/rudrh/Autonomous-Wheelchair-System/Positioning/MapGeneration/Mapping/install/sllidar_ros2:/home/rudrh/Autonomous-Wheelchair-System/Positioning/MapGeneration/Mapping/install/ros2_laser_scan_merger:${AMENT_PREFIX_PATH} CMAKE_PREFIX_PATH=/home/rudrh/Autonomous-Wheelchair-System/Positioning/MapGeneration/Mapping/install/sllidar_ros2:/home/rudrh/Autonomous-Wheelchair-System/Positioning/MapGeneration/Mapping/install/ros2_laser_scan_merger:${CMAKE_PREFIX_PATH} PYTHONPATH=/home/rudrh/Autonomous-Wheelchair-System/Positioning/MapGeneration/Mapping/build/map_generator/prefix_override:/usr/lib/python3/dist-packages/colcon_core/task/python/colcon_distutils_commands:/home/rudrh/Autonomous-Wheelchair-System/Positioning/MapGeneration/Mapping/install/map_generator/lib/python3.12/site-packages:${PYTHONPATH} /usr/bin/python3 -W ignore:setup.py install is deprecated -W ignore:easy_install command is deprecated setup.py develop --editable --build-directory /home/rudrh/Autonomous-Wheelchair-System/Positioning/MapGeneration/Mapping/build/map_generator/build --no-deps symlink_data
[132.397s] INFO:colcon.colcon_core.shell:Creating environment descriptor '/home/rudrh/Autonomous-Wheelchair-System/Positioning/MapGeneration/Mapping/build/map_generator/share/map_generator/hook/pythonpath_develop.dsv'
[132.397s] INFO:colcon.colcon_core.shell:Creating environment hook '/home/rudrh/Autonomous-Wheelchair-System/Positioning/MapGeneration/Mapping/build/map_generator/share/map_generator/hook/pythonpath_develop.sh'
[132.398s] Level 1:colcon.colcon_core.environment:checking '/home/rudrh/Autonomous-Wheelchair-System/Positioning/MapGeneration/Mapping/install/map_generator' for CMake module files
[132.398s] Level 1:colcon.colcon_core.environment:checking '/home/rudrh/Autonomous-Wheelchair-System/Positioning/MapGeneration/Mapping/install/map_generator' for CMake config files
[132.399s] Level 1:colcon.colcon_core.environment:checking '/home/rudrh/Autonomous-Wheelchair-System/Positioning/MapGeneration/Mapping/install/map_generator/lib'
[132.399s] Level 1:colcon.colcon_core.environment:checking '/home/rudrh/Autonomous-Wheelchair-System/Positioning/MapGeneration/Mapping/install/map_generator/bin'
[132.400s] Level 1:colcon.colcon_core.environment:checking '/home/rudrh/Autonomous-Wheelchair-System/Positioning/MapGeneration/Mapping/install/map_generator/lib/pkgconfig/map_generator.pc'
[132.400s] Level 1:colcon.colcon_core.environment:checking '/home/rudrh/Autonomous-Wheelchair-System/Positioning/MapGeneration/Mapping/install/map_generator/lib/python3.12/site-packages'
[132.400s] Level 1:colcon.colcon_core.shell:create_environment_hook('map_generator', 'pythonpath')
[132.400s] INFO:colcon.colcon_core.shell:Creating environment hook '/home/rudrh/Autonomous-Wheelchair-System/Positioning/MapGeneration/Mapping/install/map_generator/share/map_generator/hook/pythonpath.ps1'
[132.401s] INFO:colcon.colcon_core.shell:Creating environment descriptor '/home/rudrh/Autonomous-Wheelchair-System/Positioning/MapGeneration/Mapping/install/map_generator/share/map_generator/hook/pythonpath.dsv'
[132.401s] INFO:colcon.colcon_core.shell:Creating environment hook '/home/rudrh/Autonomous-Wheelchair-System/Positioning/MapGeneration/Mapping/install/map_generator/share/map_generator/hook/pythonpath.sh'
[132.402s] Level 1:colcon.colcon_core.environment:checking '/home/rudrh/Autonomous-Wheelchair-System/Positioning/MapGeneration/Mapping/install/map_generator/bin'
[132.402s] Level 1:colcon.colcon_core.environment:create_environment_scripts_only(map_generator)
[132.402s] INFO:colcon.colcon_core.shell:Creating package script '/home/rudrh/Autonomous-Wheelchair-System/Positioning/MapGeneration/Mapping/install/map_generator/share/map_generator/package.ps1'
[132.403s] INFO:colcon.colcon_core.shell:Creating package descriptor '/home/rudrh/Autonomous-Wheelchair-System/Positioning/MapGeneration/Mapping/install/map_generator/share/map_generator/package.dsv'
[132.403s] INFO:colcon.colcon_core.shell:Creating package script '/home/rudrh/Autonomous-Wheelchair-System/Positioning/MapGeneration/Mapping/install/map_generator/share/map_generator/package.sh'
[132.403s] INFO:colcon.colcon_core.shell:Creating package script '/home/rudrh/Autonomous-Wheelchair-System/Positioning/MapGeneration/Mapping/install/map_generator/share/map_generator/package.bash'
[132.404s] INFO:colcon.colcon_core.shell:Creating package script '/home/rudrh/Autonomous-Wheelchair-System/Positioning/MapGeneration/Mapping/install/map_generator/share/map_generator/package.zsh'
[132.404s] Level 1:colcon.colcon_core.environment:create_file_with_runtime_dependencies(/home/rudrh/Autonomous-Wheelchair-System/Positioning/MapGeneration/Mapping/install/map_generator/share/colcon-core/packages/map_generator)
[132.405s] DEBUG:colcon.colcon_parallel_executor.executor.parallel:closing loop
[132.406s] DEBUG:colcon.colcon_parallel_executor.executor.parallel:loop closed
[132.406s] DEBUG:colcon.colcon_parallel_executor.executor.parallel:run_until_complete finished with '0'
[132.406s] DEBUG:colcon.colcon_core.event_reactor:joining thread
[132.553s] INFO:colcon.colcon_core.plugin_system:Skipping extension 'colcon_notification.desktop_notification.notify_send': Could not find 'notify-send'
[132.553s] INFO:colcon.colcon_core.plugin_system:Skipping extension 'colcon_notification.desktop_notification.terminal_notifier': Not used on non-Darwin systems
[132.553s] INFO:colcon.colcon_core.plugin_system:Skipping extension 'colcon_notification.desktop_notification.win32': Not used on non-Windows systems
[132.553s] INFO:colcon.colcon_notification.desktop_notification:Sending desktop notification using 'notify2'
[132.560s] DEBUG:colcon.colcon_notification.desktop_notification.notify2:Failed to initialize notify2: org.freedesktop.DBus.Error.ServiceUnknown: The name org.freedesktop.Notifications was not provided by any .service files
[132.560s] DEBUG:colcon.colcon_core.event_reactor:joined thread
[132.560s] INFO:colcon.colcon_core.shell:Creating prefix script '/home/rudrh/Autonomous-Wheelchair-System/Positioning/MapGeneration/Mapping/install/local_setup.ps1'
[132.562s] INFO:colcon.colcon_core.shell:Creating prefix util module '/home/rudrh/Autonomous-Wheelchair-System/Positioning/MapGeneration/Mapping/install/_local_setup_util_ps1.py'
[132.563s] INFO:colcon.colcon_core.shell:Creating prefix chain script '/home/rudrh/Autonomous-Wheelchair-System/Positioning/MapGeneration/Mapping/install/setup.ps1'
[132.564s] INFO:colcon.colcon_core.shell:Creating prefix script '/home/rudrh/Autonomous-Wheelchair-System/Positioning/MapGeneration/Mapping/install/local_setup.sh'
[132.565s] INFO:colcon.colcon_core.shell:Creating prefix util module '/home/rudrh/Autonomous-Wheelchair-System/Positioning/MapGeneration/Mapping/install/_local_setup_util_sh.py'
[132.566s] INFO:colcon.colcon_core.shell:Creating prefix chain script '/home/rudrh/Autonomous-Wheelchair-System/Positioning/MapGeneration/Mapping/install/setup.sh'
[132.567s] INFO:colcon.colcon_core.shell:Creating prefix script '/home/rudrh/Autonomous-Wheelchair-System/Positioning/MapGeneration/Mapping/install/local_setup.bash'
[132.567s] INFO:colcon.colcon_core.shell:Creating prefix chain script '/home/rudrh/Autonomous-Wheelchair-System/Positioning/MapGeneration/Mapping/install/setup.bash'
[132.568s] INFO:colcon.colcon_core.shell:Creating prefix script '/home/rudrh/Autonomous-Wheelchair-System/Positioning/MapGeneration/Mapping/install/local_setup.zsh'
[132.569s] INFO:colcon.colcon_core.shell:Creating prefix chain script '/home/rudrh/Autonomous-Wheelchair-System/Positioning/MapGeneration/Mapping/install/setup.zsh'
