[0.738s] Invoking command in '/home/rudrh/Autonomous-Wheelchair-System/Positioning/Localization/Localization/build/localization': PYTHONPATH=/home/rudrh/Autonomous-Wheelchair-System/Positioning/Localization/Localization/build/localization/prefix_override:/usr/lib/python3/dist-packages/colcon_core/task/python/colcon_distutils_commands:/home/rudrh/Autonomous-Wheelchair-System/Positioning/Localization/Localization/install/localization/lib/python3.12/site-packages:${PYTHONPATH} /usr/bin/python3 -W ignore:setup.py install is deprecated -W ignore:easy_install command is deprecated setup.py develop --editable --build-directory /home/rudrh/Autonomous-Wheelchair-System/Positioning/Localization/Localization/build/localization/build --no-deps symlink_data
[1.021s] running develop
[1.192s] running egg_info
[1.192s] creating localization.egg-info
[1.207s] writing localization.egg-info/PKG-INFO
[1.207s] writing dependency_links to localization.egg-info/dependency_links.txt
[1.207s] writing requirements to localization.egg-info/requires.txt
[1.207s] writing top-level names to localization.egg-info/top_level.txt
[1.208s] writing manifest file 'localization.egg-info/SOURCES.txt'
[1.243s] reading manifest file 'localization.egg-info/SOURCES.txt'
[1.243s] writing manifest file 'localization.egg-info/SOURCES.txt'
[1.262s] running build_ext
[1.263s] Creating /home/rudrh/Autonomous-Wheelchair-System/Positioning/Localization/Localization/install/localization/lib/python3.12/site-packages/localization.egg-link (link to .)
[1.263s] 
[1.263s] Installed /home/rudrh/Autonomous-Wheelchair-System/Positioning/Localization/Localization/build/localization
[1.263s] running symlink_data
[1.263s] creating /home/rudrh/Autonomous-Wheelchair-System/Positioning/Localization/Localization/install/localization/share/ament_index
[1.264s] creating /home/rudrh/Autonomous-Wheelchair-System/Positioning/Localization/Localization/install/localization/share/ament_index/resource_index
[1.264s] creating /home/rudrh/Autonomous-Wheelchair-System/Positioning/Localization/Localization/install/localization/share/ament_index/resource_index/packages
[1.264s] symbolically linking /home/rudrh/Autonomous-Wheelchair-System/Positioning/Localization/Localization/build/localization/resource/localization -> /home/rudrh/Autonomous-Wheelchair-System/Positioning/Localization/Localization/install/localization/share/ament_index/resource_index/packages
[1.264s] symbolically linking /home/rudrh/Autonomous-Wheelchair-System/Positioning/Localization/Localization/build/localization/package.xml -> /home/rudrh/Autonomous-Wheelchair-System/Positioning/Localization/Localization/install/localization/share/localization
[1.265s] creating /home/rudrh/Autonomous-Wheelchair-System/Positioning/Localization/Localization/install/localization/share/localization/launch
[1.265s] symbolically linking /home/rudrh/Autonomous-Wheelchair-System/Positioning/Localization/Localization/build/localization/launch/localization.launch.py -> /home/rudrh/Autonomous-Wheelchair-System/Positioning/Localization/Localization/install/localization/share/localization/launch
[1.265s] creating /home/rudrh/Autonomous-Wheelchair-System/Positioning/Localization/Localization/install/localization/share/localization/config
[1.265s] symbolically linking /home/rudrh/Autonomous-Wheelchair-System/Positioning/Localization/Localization/build/localization/config/amcl.yaml -> /home/rudrh/Autonomous-Wheelchair-System/Positioning/Localization/Localization/install/localization/share/localization/config
[1.265s] creating /home/rudrh/Autonomous-Wheelchair-System/Positioning/Localization/Localization/install/localization/share/localization/maps
[1.266s] creating /home/rudrh/Autonomous-Wheelchair-System/Positioning/Localization/Localization/install/localization/share/localization/rviz
[1.266s] symbolically linking /home/rudrh/Autonomous-Wheelchair-System/Positioning/Localization/Localization/build/localization/rviz/localization.rviz -> /home/rudrh/Autonomous-Wheelchair-System/Positioning/Localization/Localization/install/localization/share/localization/rviz
[1.293s] Invoked command in '/home/rudrh/Autonomous-Wheelchair-System/Positioning/Localization/Localization/build/localization' returned '0': PYTHONPATH=/home/rudrh/Autonomous-Wheelchair-System/Positioning/Localization/Localization/build/localization/prefix_override:/usr/lib/python3/dist-packages/colcon_core/task/python/colcon_distutils_commands:/home/rudrh/Autonomous-Wheelchair-System/Positioning/Localization/Localization/install/localization/lib/python3.12/site-packages:${PYTHONPATH} /usr/bin/python3 -W ignore:setup.py install is deprecated -W ignore:easy_install command is deprecated setup.py develop --editable --build-directory /home/rudrh/Autonomous-Wheelchair-System/Positioning/Localization/Localization/build/localization/build --no-deps symlink_data
