[0.431s] DEBUG:colcon:Command line arguments: ['/usr/bin/colcon', 'build', '--symlink-install', '--base-paths', '.', 'sllidar_ros2', 'ros2_laser_scan_merger']
[0.431s] DEBUG:colcon:Parsed command line arguments: Namespace(log_base=None, log_level=None, verb_name='build', build_base='build', install_base='install', merge_install=False, symlink_install=True, test_result_base=None, continue_on_error=False, executor='parallel', parallel_workers=20, event_handlers=None, ignore_user_meta=False, metas=['./colcon.meta'], base_paths=['.', 'sllidar_ros2', 'ros2_laser_scan_merger'], packages_ignore=None, packages_ignore_regex=None, paths=None, packages_up_to=None, packages_up_to_regex=None, packages_above=None, packages_above_and_dependencies=None, packages_above_depth=None, packages_select_by_dep=None, packages_skip_by_dep=None, packages_skip_up_to=None, packages_select_build_failed=False, packages_skip_build_finished=False, packages_select_test_failures=False, packages_skip_test_passed=False, packages_select=None, packages_skip=None, packages_select_regex=None, packages_skip_regex=None, packages_start=None, packages_end=None, allow_overriding=[], cmake_args=None, cmake_target=None, cmake_target_skip_unavailable=False, cmake_clean_cache=False, cmake_clean_first=False, cmake_force_configure=False, ament_cmake_args=None, catkin_cmake_args=None, catkin_skip_building_tests=False, verb_parser=<colcon_defaults.argument_parser.defaults.DefaultArgumentsDecorator object at 0x78202db7c0b0>, verb_extension=<colcon_core.verb.build.BuildVerb object at 0x78202db5bbf0>, main=<bound method BuildVerb.main of <colcon_core.verb.build.BuildVerb object at 0x78202db5bbf0>>)
[0.488s] Level 1:colcon.colcon_core.package_discovery:discover_packages(colcon_meta) check parameters
[0.488s] Level 1:colcon.colcon_core.package_discovery:discover_packages(recursive) check parameters
[0.488s] Level 1:colcon.colcon_core.package_discovery:discover_packages(ignore) check parameters
[0.488s] Level 1:colcon.colcon_core.package_discovery:discover_packages(path) check parameters
[0.488s] Level 1:colcon.colcon_core.package_discovery:discover_packages(recursive) discover
[0.488s] INFO:colcon.colcon_core.package_discovery:Crawling recursively for packages in '/home/rudrh/Autonomous-Wheelchair-System/Positioning/MapGeneration/Mapping', '/home/rudrh/Autonomous-Wheelchair-System/Positioning/MapGeneration/Mapping/sllidar_ros2', '/home/rudrh/Autonomous-Wheelchair-System/Positioning/MapGeneration/Mapping/ros2_laser_scan_merger'
[0.489s] Level 1:colcon.colcon_core.package_identification:_identify(.) by extensions ['ignore', 'ignore_ament_install']
[0.489s] Level 1:colcon.colcon_core.package_identification:_identify(.) by extension 'ignore'
[0.489s] Level 1:colcon.colcon_core.package_identification:_identify(.) by extension 'ignore_ament_install'
[0.489s] Level 1:colcon.colcon_core.package_identification:_identify(.) by extensions ['colcon_pkg']
[0.489s] Level 1:colcon.colcon_core.package_identification:_identify(.) by extension 'colcon_pkg'
[0.489s] Level 1:colcon.colcon_core.package_identification:_identify(.) by extensions ['colcon_meta']
[0.489s] Level 1:colcon.colcon_core.package_identification:_identify(.) by extension 'colcon_meta'
[0.489s] Level 1:colcon.colcon_core.package_identification:_identify(.) by extensions ['ros']
[0.489s] Level 1:colcon.colcon_core.package_identification:_identify(.) by extension 'ros'
[0.535s] DEBUG:colcon.colcon_core.package_identification:Package '.' with type 'ros.ament_python' and name 'map_generator'
[0.536s] Level 1:colcon.colcon_core.package_identification:_identify(sllidar_ros2) by extensions ['ignore', 'ignore_ament_install']
[0.536s] Level 1:colcon.colcon_core.package_identification:_identify(sllidar_ros2) by extension 'ignore'
[0.536s] Level 1:colcon.colcon_core.package_identification:_identify(sllidar_ros2) by extension 'ignore_ament_install'
[0.536s] Level 1:colcon.colcon_core.package_identification:_identify(sllidar_ros2) by extensions ['colcon_pkg']
[0.536s] Level 1:colcon.colcon_core.package_identification:_identify(sllidar_ros2) by extension 'colcon_pkg'
[0.536s] Level 1:colcon.colcon_core.package_identification:_identify(sllidar_ros2) by extensions ['colcon_meta']
[0.536s] Level 1:colcon.colcon_core.package_identification:_identify(sllidar_ros2) by extension 'colcon_meta'
[0.536s] Level 1:colcon.colcon_core.package_identification:_identify(sllidar_ros2) by extensions ['ros']
[0.536s] Level 1:colcon.colcon_core.package_identification:_identify(sllidar_ros2) by extension 'ros'
[0.538s] DEBUG:colcon.colcon_core.package_identification:Package 'sllidar_ros2' with type 'ros.ament_cmake' and name 'sllidar_ros2'
[0.538s] Level 1:colcon.colcon_core.package_identification:_identify(ros2_laser_scan_merger) by extensions ['ignore', 'ignore_ament_install']
[0.538s] Level 1:colcon.colcon_core.package_identification:_identify(ros2_laser_scan_merger) by extension 'ignore'
[0.538s] Level 1:colcon.colcon_core.package_identification:_identify(ros2_laser_scan_merger) by extension 'ignore_ament_install'
[0.538s] Level 1:colcon.colcon_core.package_identification:_identify(ros2_laser_scan_merger) by extensions ['colcon_pkg']
[0.538s] Level 1:colcon.colcon_core.package_identification:_identify(ros2_laser_scan_merger) by extension 'colcon_pkg'
[0.538s] Level 1:colcon.colcon_core.package_identification:_identify(ros2_laser_scan_merger) by extensions ['colcon_meta']
[0.538s] Level 1:colcon.colcon_core.package_identification:_identify(ros2_laser_scan_merger) by extension 'colcon_meta'
[0.538s] Level 1:colcon.colcon_core.package_identification:_identify(ros2_laser_scan_merger) by extensions ['ros']
[0.538s] Level 1:colcon.colcon_core.package_identification:_identify(ros2_laser_scan_merger) by extension 'ros'
[0.540s] DEBUG:colcon.colcon_core.package_identification:Package 'ros2_laser_scan_merger' with type 'ros.ament_cmake' and name 'ros2_laser_scan_merger'
[0.540s] Level 1:colcon.colcon_core.package_discovery:discover_packages(recursive) using defaults
[0.573s] Level 1:colcon.colcon_core.package_discovery:discover_packages(prefix_path) check parameters
[0.573s] Level 1:colcon.colcon_core.package_discovery:discover_packages(prefix_path) discover
[0.579s] DEBUG:colcon.colcon_installed_package_information.package_discovery:Found 439 installed packages in /opt/ros/jazzy
[0.580s] Level 1:colcon.colcon_core.package_discovery:discover_packages(prefix_path) using defaults
[0.642s] Level 5:colcon.colcon_core.verb:set package 'ros2_laser_scan_merger' build argument 'cmake_args' from command line to 'None'
[0.642s] Level 5:colcon.colcon_core.verb:set package 'ros2_laser_scan_merger' build argument 'cmake_target' from command line to 'None'
[0.642s] Level 5:colcon.colcon_core.verb:set package 'ros2_laser_scan_merger' build argument 'cmake_target_skip_unavailable' from command line to 'False'
[0.642s] Level 5:colcon.colcon_core.verb:set package 'ros2_laser_scan_merger' build argument 'cmake_clean_cache' from command line to 'False'
[0.642s] Level 5:colcon.colcon_core.verb:set package 'ros2_laser_scan_merger' build argument 'cmake_clean_first' from command line to 'False'
[0.642s] Level 5:colcon.colcon_core.verb:set package 'ros2_laser_scan_merger' build argument 'cmake_force_configure' from command line to 'False'
[0.642s] Level 5:colcon.colcon_core.verb:set package 'ros2_laser_scan_merger' build argument 'ament_cmake_args' from command line to 'None'
[0.643s] Level 5:colcon.colcon_core.verb:set package 'ros2_laser_scan_merger' build argument 'catkin_cmake_args' from command line to 'None'
[0.643s] Level 5:colcon.colcon_core.verb:set package 'ros2_laser_scan_merger' build argument 'catkin_skip_building_tests' from command line to 'False'
[0.643s] DEBUG:colcon.colcon_core.verb:Building package 'ros2_laser_scan_merger' with the following arguments: {'ament_cmake_args': None, 'build_base': '/home/rudrh/Autonomous-Wheelchair-System/Positioning/MapGeneration/Mapping/build/ros2_laser_scan_merger', 'catkin_cmake_args': None, 'catkin_skip_building_tests': False, 'cmake_args': None, 'cmake_clean_cache': False, 'cmake_clean_first': False, 'cmake_force_configure': False, 'cmake_target': None, 'cmake_target_skip_unavailable': False, 'install_base': '/home/rudrh/Autonomous-Wheelchair-System/Positioning/MapGeneration/Mapping/install/ros2_laser_scan_merger', 'merge_install': False, 'path': '/home/rudrh/Autonomous-Wheelchair-System/Positioning/MapGeneration/Mapping/ros2_laser_scan_merger', 'symlink_install': True, 'test_result_base': None}
[0.643s] Level 5:colcon.colcon_core.verb:set package 'sllidar_ros2' build argument 'cmake_args' from command line to 'None'
[0.643s] Level 5:colcon.colcon_core.verb:set package 'sllidar_ros2' build argument 'cmake_target' from command line to 'None'
[0.643s] Level 5:colcon.colcon_core.verb:set package 'sllidar_ros2' build argument 'cmake_target_skip_unavailable' from command line to 'False'
[0.643s] Level 5:colcon.colcon_core.verb:set package 'sllidar_ros2' build argument 'cmake_clean_cache' from command line to 'False'
[0.643s] Level 5:colcon.colcon_core.verb:set package 'sllidar_ros2' build argument 'cmake_clean_first' from command line to 'False'
[0.643s] Level 5:colcon.colcon_core.verb:set package 'sllidar_ros2' build argument 'cmake_force_configure' from command line to 'False'
[0.643s] Level 5:colcon.colcon_core.verb:set package 'sllidar_ros2' build argument 'ament_cmake_args' from command line to 'None'
[0.643s] Level 5:colcon.colcon_core.verb:set package 'sllidar_ros2' build argument 'catkin_cmake_args' from command line to 'None'
[0.643s] Level 5:colcon.colcon_core.verb:set package 'sllidar_ros2' build argument 'catkin_skip_building_tests' from command line to 'False'
[0.643s] DEBUG:colcon.colcon_core.verb:Building package 'sllidar_ros2' with the following arguments: {'ament_cmake_args': None, 'build_base': '/home/rudrh/Autonomous-Wheelchair-System/Positioning/MapGeneration/Mapping/build/sllidar_ros2', 'catkin_cmake_args': None, 'catkin_skip_building_tests': False, 'cmake_args': None, 'cmake_clean_cache': False, 'cmake_clean_first': False, 'cmake_force_configure': False, 'cmake_target': None, 'cmake_target_skip_unavailable': False, 'install_base': '/home/rudrh/Autonomous-Wheelchair-System/Positioning/MapGeneration/Mapping/install/sllidar_ros2', 'merge_install': False, 'path': '/home/rudrh/Autonomous-Wheelchair-System/Positioning/MapGeneration/Mapping/sllidar_ros2', 'symlink_install': True, 'test_result_base': None}
[0.643s] Level 5:colcon.colcon_core.verb:set package 'map_generator' build argument 'cmake_args' from command line to 'None'
[0.643s] Level 5:colcon.colcon_core.verb:set package 'map_generator' build argument 'cmake_target' from command line to 'None'
[0.644s] Level 5:colcon.colcon_core.verb:set package 'map_generator' build argument 'cmake_target_skip_unavailable' from command line to 'False'
[0.644s] Level 5:colcon.colcon_core.verb:set package 'map_generator' build argument 'cmake_clean_cache' from command line to 'False'
[0.644s] Level 5:colcon.colcon_core.verb:set package 'map_generator' build argument 'cmake_clean_first' from command line to 'False'
[0.644s] Level 5:colcon.colcon_core.verb:set package 'map_generator' build argument 'cmake_force_configure' from command line to 'False'
[0.644s] Level 5:colcon.colcon_core.verb:set package 'map_generator' build argument 'ament_cmake_args' from command line to 'None'
[0.644s] Level 5:colcon.colcon_core.verb:set package 'map_generator' build argument 'catkin_cmake_args' from command line to 'None'
[0.644s] Level 5:colcon.colcon_core.verb:set package 'map_generator' build argument 'catkin_skip_building_tests' from command line to 'False'
[0.644s] DEBUG:colcon.colcon_core.verb:Building package 'map_generator' with the following arguments: {'ament_cmake_args': None, 'build_base': '/home/rudrh/Autonomous-Wheelchair-System/Positioning/MapGeneration/Mapping/build/map_generator', 'catkin_cmake_args': None, 'catkin_skip_building_tests': False, 'cmake_args': None, 'cmake_clean_cache': False, 'cmake_clean_first': False, 'cmake_force_configure': False, 'cmake_target': None, 'cmake_target_skip_unavailable': False, 'install_base': '/home/rudrh/Autonomous-Wheelchair-System/Positioning/MapGeneration/Mapping/install/map_generator', 'merge_install': False, 'path': '/home/rudrh/Autonomous-Wheelchair-System/Positioning/MapGeneration/Mapping', 'symlink_install': True, 'test_result_base': None}
[0.644s] INFO:colcon.colcon_core.executor:Executing jobs using 'parallel' executor
[0.645s] DEBUG:colcon.colcon_parallel_executor.executor.parallel:run_until_complete
[0.645s] INFO:colcon.colcon_ros.task.ament_cmake.build:Building ROS package in '/home/rudrh/Autonomous-Wheelchair-System/Positioning/MapGeneration/Mapping/ros2_laser_scan_merger' with build type 'ament_cmake'
[0.646s] INFO:colcon.colcon_cmake.task.cmake.build:Building CMake package in '/home/rudrh/Autonomous-Wheelchair-System/Positioning/MapGeneration/Mapping/ros2_laser_scan_merger'
[0.652s] INFO:colcon.colcon_core.plugin_system:Skipping extension 'colcon_core.shell.bat': Not used on non-Windows systems
[0.652s] INFO:colcon.colcon_core.shell:Skip shell extension 'powershell' for command environment: Not usable outside of PowerShell
[0.652s] DEBUG:colcon.colcon_core.shell:Skip shell extension 'dsv' for command environment
[0.658s] INFO:colcon.colcon_ros.task.ament_cmake.build:Building ROS package in '/home/rudrh/Autonomous-Wheelchair-System/Positioning/MapGeneration/Mapping/sllidar_ros2' with build type 'ament_cmake'
[0.658s] INFO:colcon.colcon_cmake.task.cmake.build:Building CMake package in '/home/rudrh/Autonomous-Wheelchair-System/Positioning/MapGeneration/Mapping/sllidar_ros2'
[0.659s] INFO:colcon.colcon_core.shell:Skip shell extension 'powershell' for command environment: Not usable outside of PowerShell
[0.659s] DEBUG:colcon.colcon_core.shell:Skip shell extension 'dsv' for command environment
[0.669s] DEBUG:colcon.colcon_core.event_handler.log_command:Invoking command in '/home/rudrh/Autonomous-Wheelchair-System/Positioning/MapGeneration/Mapping/build/ros2_laser_scan_merger': CMAKE_PREFIX_PATH=${CMAKE_PREFIX_PATH}:/opt/ros/jazzy /usr/bin/cmake /home/rudrh/Autonomous-Wheelchair-System/Positioning/MapGeneration/Mapping/ros2_laser_scan_merger -DAMENT_CMAKE_SYMLINK_INSTALL=1 -DCMAKE_INSTALL_PREFIX=/home/rudrh/Autonomous-Wheelchair-System/Positioning/MapGeneration/Mapping/install/ros2_laser_scan_merger
[0.676s] DEBUG:colcon.colcon_core.event_handler.log_command:Invoking command in '/home/rudrh/Autonomous-Wheelchair-System/Positioning/MapGeneration/Mapping/build/sllidar_ros2': CMAKE_PREFIX_PATH=${CMAKE_PREFIX_PATH}:/opt/ros/jazzy /usr/bin/cmake /home/rudrh/Autonomous-Wheelchair-System/Positioning/MapGeneration/Mapping/sllidar_ros2 -DAMENT_CMAKE_SYMLINK_INSTALL=1 -DCMAKE_INSTALL_PREFIX=/home/rudrh/Autonomous-Wheelchair-System/Positioning/MapGeneration/Mapping/install/sllidar_ros2
[5.736s] DEBUG:colcon.colcon_core.event_handler.log_command:Invoked command in '/home/rudrh/Autonomous-Wheelchair-System/Positioning/MapGeneration/Mapping/build/sllidar_ros2' returned '0': CMAKE_PREFIX_PATH=${CMAKE_PREFIX_PATH}:/opt/ros/jazzy /usr/bin/cmake /home/rudrh/Autonomous-Wheelchair-System/Positioning/MapGeneration/Mapping/sllidar_ros2 -DAMENT_CMAKE_SYMLINK_INSTALL=1 -DCMAKE_INSTALL_PREFIX=/home/rudrh/Autonomous-Wheelchair-System/Positioning/MapGeneration/Mapping/install/sllidar_ros2
[5.737s] DEBUG:colcon.colcon_core.event_handler.log_command:Invoking command in '/home/rudrh/Autonomous-Wheelchair-System/Positioning/MapGeneration/Mapping/build/sllidar_ros2': CMAKE_PREFIX_PATH=${CMAKE_PREFIX_PATH}:/opt/ros/jazzy /usr/bin/cmake --build /home/rudrh/Autonomous-Wheelchair-System/Positioning/MapGeneration/Mapping/build/sllidar_ros2 -- -j20 -l20
[15.288s] DEBUG:colcon.colcon_core.event_handler.log_command:Invoked command in '/home/rudrh/Autonomous-Wheelchair-System/Positioning/MapGeneration/Mapping/build/sllidar_ros2' returned '0': CMAKE_PREFIX_PATH=${CMAKE_PREFIX_PATH}:/opt/ros/jazzy /usr/bin/cmake --build /home/rudrh/Autonomous-Wheelchair-System/Positioning/MapGeneration/Mapping/build/sllidar_ros2 -- -j20 -l20
[15.299s] DEBUG:colcon.colcon_core.event_handler.log_command:Invoking command in '/home/rudrh/Autonomous-Wheelchair-System/Positioning/MapGeneration/Mapping/build/sllidar_ros2': CMAKE_PREFIX_PATH=${CMAKE_PREFIX_PATH}:/opt/ros/jazzy /usr/bin/cmake --install /home/rudrh/Autonomous-Wheelchair-System/Positioning/MapGeneration/Mapping/build/sllidar_ros2
[15.740s] Level 1:colcon.colcon_core.environment:create_environment_scripts_only(sllidar_ros2)
[15.741s] DEBUG:colcon.colcon_core.event_handler.log_command:Invoked command in '/home/rudrh/Autonomous-Wheelchair-System/Positioning/MapGeneration/Mapping/build/sllidar_ros2' returned '0': CMAKE_PREFIX_PATH=${CMAKE_PREFIX_PATH}:/opt/ros/jazzy /usr/bin/cmake --install /home/rudrh/Autonomous-Wheelchair-System/Positioning/MapGeneration/Mapping/build/sllidar_ros2
[15.760s] Level 1:colcon.colcon_core.environment:checking '/home/rudrh/Autonomous-Wheelchair-System/Positioning/MapGeneration/Mapping/install/sllidar_ros2' for CMake module files
[15.761s] Level 1:colcon.colcon_core.environment:checking '/home/rudrh/Autonomous-Wheelchair-System/Positioning/MapGeneration/Mapping/install/sllidar_ros2' for CMake config files
[15.761s] Level 1:colcon.colcon_core.shell:create_environment_hook('sllidar_ros2', 'cmake_prefix_path')
[15.762s] INFO:colcon.colcon_core.shell:Creating environment hook '/home/rudrh/Autonomous-Wheelchair-System/Positioning/MapGeneration/Mapping/install/sllidar_ros2/share/sllidar_ros2/hook/cmake_prefix_path.ps1'
[15.763s] INFO:colcon.colcon_core.shell:Creating environment descriptor '/home/rudrh/Autonomous-Wheelchair-System/Positioning/MapGeneration/Mapping/install/sllidar_ros2/share/sllidar_ros2/hook/cmake_prefix_path.dsv'
[15.764s] INFO:colcon.colcon_core.shell:Creating environment hook '/home/rudrh/Autonomous-Wheelchair-System/Positioning/MapGeneration/Mapping/install/sllidar_ros2/share/sllidar_ros2/hook/cmake_prefix_path.sh'
[15.765s] Level 1:colcon.colcon_core.environment:checking '/home/rudrh/Autonomous-Wheelchair-System/Positioning/MapGeneration/Mapping/install/sllidar_ros2/lib'
[15.765s] Level 1:colcon.colcon_core.environment:checking '/home/rudrh/Autonomous-Wheelchair-System/Positioning/MapGeneration/Mapping/install/sllidar_ros2/bin'
[15.766s] Level 1:colcon.colcon_core.environment:checking '/home/rudrh/Autonomous-Wheelchair-System/Positioning/MapGeneration/Mapping/install/sllidar_ros2/lib/pkgconfig/sllidar_ros2.pc'
[15.766s] Level 1:colcon.colcon_core.environment:checking '/home/rudrh/Autonomous-Wheelchair-System/Positioning/MapGeneration/Mapping/install/sllidar_ros2/lib/python3.12/site-packages'
[15.766s] Level 1:colcon.colcon_core.environment:checking '/home/rudrh/Autonomous-Wheelchair-System/Positioning/MapGeneration/Mapping/install/sllidar_ros2/bin'
[15.766s] INFO:colcon.colcon_core.shell:Creating package script '/home/rudrh/Autonomous-Wheelchair-System/Positioning/MapGeneration/Mapping/install/sllidar_ros2/share/sllidar_ros2/package.ps1'
[15.768s] INFO:colcon.colcon_core.shell:Creating package descriptor '/home/rudrh/Autonomous-Wheelchair-System/Positioning/MapGeneration/Mapping/install/sllidar_ros2/share/sllidar_ros2/package.dsv'
[15.769s] INFO:colcon.colcon_core.shell:Creating package script '/home/rudrh/Autonomous-Wheelchair-System/Positioning/MapGeneration/Mapping/install/sllidar_ros2/share/sllidar_ros2/package.sh'
[15.770s] INFO:colcon.colcon_core.shell:Creating package script '/home/rudrh/Autonomous-Wheelchair-System/Positioning/MapGeneration/Mapping/install/sllidar_ros2/share/sllidar_ros2/package.bash'
[15.771s] INFO:colcon.colcon_core.shell:Creating package script '/home/rudrh/Autonomous-Wheelchair-System/Positioning/MapGeneration/Mapping/install/sllidar_ros2/share/sllidar_ros2/package.zsh'
[15.772s] Level 1:colcon.colcon_core.environment:create_file_with_runtime_dependencies(/home/rudrh/Autonomous-Wheelchair-System/Positioning/MapGeneration/Mapping/install/sllidar_ros2/share/colcon-core/packages/sllidar_ros2)
[15.773s] Level 1:colcon.colcon_core.environment:create_environment_scripts_only(sllidar_ros2)
[15.773s] Level 1:colcon.colcon_core.environment:checking '/home/rudrh/Autonomous-Wheelchair-System/Positioning/MapGeneration/Mapping/install/sllidar_ros2' for CMake module files
[15.774s] Level 1:colcon.colcon_core.environment:checking '/home/rudrh/Autonomous-Wheelchair-System/Positioning/MapGeneration/Mapping/install/sllidar_ros2' for CMake config files
[15.774s] Level 1:colcon.colcon_core.shell:create_environment_hook('sllidar_ros2', 'cmake_prefix_path')
[15.774s] INFO:colcon.colcon_core.shell:Creating environment hook '/home/rudrh/Autonomous-Wheelchair-System/Positioning/MapGeneration/Mapping/install/sllidar_ros2/share/sllidar_ros2/hook/cmake_prefix_path.ps1'
[15.775s] INFO:colcon.colcon_core.shell:Creating environment descriptor '/home/rudrh/Autonomous-Wheelchair-System/Positioning/MapGeneration/Mapping/install/sllidar_ros2/share/sllidar_ros2/hook/cmake_prefix_path.dsv'
[15.775s] INFO:colcon.colcon_core.shell:Creating environment hook '/home/rudrh/Autonomous-Wheelchair-System/Positioning/MapGeneration/Mapping/install/sllidar_ros2/share/sllidar_ros2/hook/cmake_prefix_path.sh'
[15.776s] Level 1:colcon.colcon_core.environment:checking '/home/rudrh/Autonomous-Wheelchair-System/Positioning/MapGeneration/Mapping/install/sllidar_ros2/lib'
[15.776s] Level 1:colcon.colcon_core.environment:checking '/home/rudrh/Autonomous-Wheelchair-System/Positioning/MapGeneration/Mapping/install/sllidar_ros2/bin'
[15.776s] Level 1:colcon.colcon_core.environment:checking '/home/rudrh/Autonomous-Wheelchair-System/Positioning/MapGeneration/Mapping/install/sllidar_ros2/lib/pkgconfig/sllidar_ros2.pc'
[15.776s] Level 1:colcon.colcon_core.environment:checking '/home/rudrh/Autonomous-Wheelchair-System/Positioning/MapGeneration/Mapping/install/sllidar_ros2/lib/python3.12/site-packages'
[15.776s] Level 1:colcon.colcon_core.environment:checking '/home/rudrh/Autonomous-Wheelchair-System/Positioning/MapGeneration/Mapping/install/sllidar_ros2/bin'
[15.777s] INFO:colcon.colcon_core.shell:Creating package script '/home/rudrh/Autonomous-Wheelchair-System/Positioning/MapGeneration/Mapping/install/sllidar_ros2/share/sllidar_ros2/package.ps1'
[15.777s] INFO:colcon.colcon_core.shell:Creating package descriptor '/home/rudrh/Autonomous-Wheelchair-System/Positioning/MapGeneration/Mapping/install/sllidar_ros2/share/sllidar_ros2/package.dsv'
[15.778s] INFO:colcon.colcon_core.shell:Creating package script '/home/rudrh/Autonomous-Wheelchair-System/Positioning/MapGeneration/Mapping/install/sllidar_ros2/share/sllidar_ros2/package.sh'
[15.778s] INFO:colcon.colcon_core.shell:Creating package script '/home/rudrh/Autonomous-Wheelchair-System/Positioning/MapGeneration/Mapping/install/sllidar_ros2/share/sllidar_ros2/package.bash'
[15.779s] INFO:colcon.colcon_core.shell:Creating package script '/home/rudrh/Autonomous-Wheelchair-System/Positioning/MapGeneration/Mapping/install/sllidar_ros2/share/sllidar_ros2/package.zsh'
[15.779s] Level 1:colcon.colcon_core.environment:create_file_with_runtime_dependencies(/home/rudrh/Autonomous-Wheelchair-System/Positioning/MapGeneration/Mapping/install/sllidar_ros2/share/colcon-core/packages/sllidar_ros2)
[231.322s] DEBUG:colcon.colcon_core.event_handler.log_command:Invoked command in '/home/rudrh/Autonomous-Wheelchair-System/Positioning/MapGeneration/Mapping/build/ros2_laser_scan_merger' returned '0': CMAKE_PREFIX_PATH=${CMAKE_PREFIX_PATH}:/opt/ros/jazzy /usr/bin/cmake /home/rudrh/Autonomous-Wheelchair-System/Positioning/MapGeneration/Mapping/ros2_laser_scan_merger -DAMENT_CMAKE_SYMLINK_INSTALL=1 -DCMAKE_INSTALL_PREFIX=/home/rudrh/Autonomous-Wheelchair-System/Positioning/MapGeneration/Mapping/install/ros2_laser_scan_merger
[231.323s] DEBUG:colcon.colcon_core.event_handler.log_command:Invoking command in '/home/rudrh/Autonomous-Wheelchair-System/Positioning/MapGeneration/Mapping/build/ros2_laser_scan_merger': CMAKE_PREFIX_PATH=${CMAKE_PREFIX_PATH}:/opt/ros/jazzy /usr/bin/cmake --build /home/rudrh/Autonomous-Wheelchair-System/Positioning/MapGeneration/Mapping/build/ros2_laser_scan_merger -- -j20 -l20
[246.741s] DEBUG:colcon.colcon_core.event_handler.log_command:Invoked command in '/home/rudrh/Autonomous-Wheelchair-System/Positioning/MapGeneration/Mapping/build/ros2_laser_scan_merger' returned '0': CMAKE_PREFIX_PATH=${CMAKE_PREFIX_PATH}:/opt/ros/jazzy /usr/bin/cmake --build /home/rudrh/Autonomous-Wheelchair-System/Positioning/MapGeneration/Mapping/build/ros2_laser_scan_merger -- -j20 -l20
[246.743s] DEBUG:colcon.colcon_core.event_handler.log_command:Invoking command in '/home/rudrh/Autonomous-Wheelchair-System/Positioning/MapGeneration/Mapping/build/ros2_laser_scan_merger': CMAKE_PREFIX_PATH=${CMAKE_PREFIX_PATH}:/opt/ros/jazzy /usr/bin/cmake --install /home/rudrh/Autonomous-Wheelchair-System/Positioning/MapGeneration/Mapping/build/ros2_laser_scan_merger
[246.981s] Level 1:colcon.colcon_core.environment:create_environment_scripts_only(ros2_laser_scan_merger)
[246.981s] Level 1:colcon.colcon_core.environment:checking '/home/rudrh/Autonomous-Wheelchair-System/Positioning/MapGeneration/Mapping/install/ros2_laser_scan_merger' for CMake module files
[246.982s] DEBUG:colcon.colcon_core.event_handler.log_command:Invoked command in '/home/rudrh/Autonomous-Wheelchair-System/Positioning/MapGeneration/Mapping/build/ros2_laser_scan_merger' returned '0': CMAKE_PREFIX_PATH=${CMAKE_PREFIX_PATH}:/opt/ros/jazzy /usr/bin/cmake --install /home/rudrh/Autonomous-Wheelchair-System/Positioning/MapGeneration/Mapping/build/ros2_laser_scan_merger
[246.983s] Level 1:colcon.colcon_core.environment:checking '/home/rudrh/Autonomous-Wheelchair-System/Positioning/MapGeneration/Mapping/install/ros2_laser_scan_merger' for CMake config files
[246.983s] Level 1:colcon.colcon_core.shell:create_environment_hook('ros2_laser_scan_merger', 'cmake_prefix_path')
[246.984s] INFO:colcon.colcon_core.shell:Creating environment hook '/home/rudrh/Autonomous-Wheelchair-System/Positioning/MapGeneration/Mapping/install/ros2_laser_scan_merger/share/ros2_laser_scan_merger/hook/cmake_prefix_path.ps1'
[246.985s] INFO:colcon.colcon_core.shell:Creating environment descriptor '/home/rudrh/Autonomous-Wheelchair-System/Positioning/MapGeneration/Mapping/install/ros2_laser_scan_merger/share/ros2_laser_scan_merger/hook/cmake_prefix_path.dsv'
[246.985s] INFO:colcon.colcon_core.shell:Creating environment hook '/home/rudrh/Autonomous-Wheelchair-System/Positioning/MapGeneration/Mapping/install/ros2_laser_scan_merger/share/ros2_laser_scan_merger/hook/cmake_prefix_path.sh'
[246.986s] Level 1:colcon.colcon_core.environment:checking '/home/rudrh/Autonomous-Wheelchair-System/Positioning/MapGeneration/Mapping/install/ros2_laser_scan_merger/lib'
[246.987s] Level 1:colcon.colcon_core.environment:checking '/home/rudrh/Autonomous-Wheelchair-System/Positioning/MapGeneration/Mapping/install/ros2_laser_scan_merger/bin'
[246.987s] Level 1:colcon.colcon_core.environment:checking '/home/rudrh/Autonomous-Wheelchair-System/Positioning/MapGeneration/Mapping/install/ros2_laser_scan_merger/lib/pkgconfig/ros2_laser_scan_merger.pc'
[246.987s] Level 1:colcon.colcon_core.environment:checking '/home/rudrh/Autonomous-Wheelchair-System/Positioning/MapGeneration/Mapping/install/ros2_laser_scan_merger/lib/python3.12/site-packages'
[246.987s] Level 1:colcon.colcon_core.environment:checking '/home/rudrh/Autonomous-Wheelchair-System/Positioning/MapGeneration/Mapping/install/ros2_laser_scan_merger/bin'
[246.988s] INFO:colcon.colcon_core.shell:Creating package script '/home/rudrh/Autonomous-Wheelchair-System/Positioning/MapGeneration/Mapping/install/ros2_laser_scan_merger/share/ros2_laser_scan_merger/package.ps1'
[246.989s] INFO:colcon.colcon_core.shell:Creating package descriptor '/home/rudrh/Autonomous-Wheelchair-System/Positioning/MapGeneration/Mapping/install/ros2_laser_scan_merger/share/ros2_laser_scan_merger/package.dsv'
[246.989s] INFO:colcon.colcon_core.shell:Creating package script '/home/rudrh/Autonomous-Wheelchair-System/Positioning/MapGeneration/Mapping/install/ros2_laser_scan_merger/share/ros2_laser_scan_merger/package.sh'
[246.990s] INFO:colcon.colcon_core.shell:Creating package script '/home/rudrh/Autonomous-Wheelchair-System/Positioning/MapGeneration/Mapping/install/ros2_laser_scan_merger/share/ros2_laser_scan_merger/package.bash'
[246.991s] INFO:colcon.colcon_core.shell:Creating package script '/home/rudrh/Autonomous-Wheelchair-System/Positioning/MapGeneration/Mapping/install/ros2_laser_scan_merger/share/ros2_laser_scan_merger/package.zsh'
[246.992s] Level 1:colcon.colcon_core.environment:create_file_with_runtime_dependencies(/home/rudrh/Autonomous-Wheelchair-System/Positioning/MapGeneration/Mapping/install/ros2_laser_scan_merger/share/colcon-core/packages/ros2_laser_scan_merger)
[246.993s] Level 1:colcon.colcon_core.environment:create_environment_scripts_only(ros2_laser_scan_merger)
[246.993s] Level 1:colcon.colcon_core.environment:checking '/home/rudrh/Autonomous-Wheelchair-System/Positioning/MapGeneration/Mapping/install/ros2_laser_scan_merger' for CMake module files
[246.994s] Level 1:colcon.colcon_core.environment:checking '/home/rudrh/Autonomous-Wheelchair-System/Positioning/MapGeneration/Mapping/install/ros2_laser_scan_merger' for CMake config files
[246.994s] Level 1:colcon.colcon_core.shell:create_environment_hook('ros2_laser_scan_merger', 'cmake_prefix_path')
[246.994s] INFO:colcon.colcon_core.shell:Creating environment hook '/home/rudrh/Autonomous-Wheelchair-System/Positioning/MapGeneration/Mapping/install/ros2_laser_scan_merger/share/ros2_laser_scan_merger/hook/cmake_prefix_path.ps1'
[246.995s] INFO:colcon.colcon_core.shell:Creating environment descriptor '/home/rudrh/Autonomous-Wheelchair-System/Positioning/MapGeneration/Mapping/install/ros2_laser_scan_merger/share/ros2_laser_scan_merger/hook/cmake_prefix_path.dsv'
[246.996s] INFO:colcon.colcon_core.shell:Creating environment hook '/home/rudrh/Autonomous-Wheelchair-System/Positioning/MapGeneration/Mapping/install/ros2_laser_scan_merger/share/ros2_laser_scan_merger/hook/cmake_prefix_path.sh'
[246.996s] Level 1:colcon.colcon_core.environment:checking '/home/rudrh/Autonomous-Wheelchair-System/Positioning/MapGeneration/Mapping/install/ros2_laser_scan_merger/lib'
[246.996s] Level 1:colcon.colcon_core.environment:checking '/home/rudrh/Autonomous-Wheelchair-System/Positioning/MapGeneration/Mapping/install/ros2_laser_scan_merger/bin'
[246.996s] Level 1:colcon.colcon_core.environment:checking '/home/rudrh/Autonomous-Wheelchair-System/Positioning/MapGeneration/Mapping/install/ros2_laser_scan_merger/lib/pkgconfig/ros2_laser_scan_merger.pc'
[246.997s] Level 1:colcon.colcon_core.environment:checking '/home/rudrh/Autonomous-Wheelchair-System/Positioning/MapGeneration/Mapping/install/ros2_laser_scan_merger/lib/python3.12/site-packages'
[246.997s] Level 1:colcon.colcon_core.environment:checking '/home/rudrh/Autonomous-Wheelchair-System/Positioning/MapGeneration/Mapping/install/ros2_laser_scan_merger/bin'
[246.997s] INFO:colcon.colcon_core.shell:Creating package script '/home/rudrh/Autonomous-Wheelchair-System/Positioning/MapGeneration/Mapping/install/ros2_laser_scan_merger/share/ros2_laser_scan_merger/package.ps1'
[246.998s] INFO:colcon.colcon_core.shell:Creating package descriptor '/home/rudrh/Autonomous-Wheelchair-System/Positioning/MapGeneration/Mapping/install/ros2_laser_scan_merger/share/ros2_laser_scan_merger/package.dsv'
[246.999s] INFO:colcon.colcon_core.shell:Creating package script '/home/rudrh/Autonomous-Wheelchair-System/Positioning/MapGeneration/Mapping/install/ros2_laser_scan_merger/share/ros2_laser_scan_merger/package.sh'
[246.999s] INFO:colcon.colcon_core.shell:Creating package script '/home/rudrh/Autonomous-Wheelchair-System/Positioning/MapGeneration/Mapping/install/ros2_laser_scan_merger/share/ros2_laser_scan_merger/package.bash'
[247.000s] INFO:colcon.colcon_core.shell:Creating package script '/home/rudrh/Autonomous-Wheelchair-System/Positioning/MapGeneration/Mapping/install/ros2_laser_scan_merger/share/ros2_laser_scan_merger/package.zsh'
[247.000s] Level 1:colcon.colcon_core.environment:create_file_with_runtime_dependencies(/home/rudrh/Autonomous-Wheelchair-System/Positioning/MapGeneration/Mapping/install/ros2_laser_scan_merger/share/colcon-core/packages/ros2_laser_scan_merger)
[247.000s] INFO:colcon.colcon_ros.task.ament_python.build:Building ROS package in '/home/rudrh/Autonomous-Wheelchair-System/Positioning/MapGeneration/Mapping' with build type 'ament_python'
[247.001s] Level 1:colcon.colcon_core.shell:create_environment_hook('map_generator', 'ament_prefix_path')
[247.002s] INFO:colcon.colcon_core.shell:Creating environment hook '/home/rudrh/Autonomous-Wheelchair-System/Positioning/MapGeneration/Mapping/install/map_generator/share/map_generator/hook/ament_prefix_path.ps1'
[247.003s] INFO:colcon.colcon_core.shell:Creating environment descriptor '/home/rudrh/Autonomous-Wheelchair-System/Positioning/MapGeneration/Mapping/install/map_generator/share/map_generator/hook/ament_prefix_path.dsv'
[247.004s] INFO:colcon.colcon_core.shell:Creating environment hook '/home/rudrh/Autonomous-Wheelchair-System/Positioning/MapGeneration/Mapping/install/map_generator/share/map_generator/hook/ament_prefix_path.sh'
[247.004s] INFO:colcon.colcon_core.shell:Skip shell extension 'powershell' for command environment: Not usable outside of PowerShell
[247.004s] DEBUG:colcon.colcon_core.shell:Skip shell extension 'dsv' for command environment
[247.626s] INFO:colcon.colcon_core.task.python.build:Building Python package in '/home/rudrh/Autonomous-Wheelchair-System/Positioning/MapGeneration/Mapping'
[247.626s] INFO:colcon.colcon_core.shell:Skip shell extension 'powershell' for command environment: Not usable outside of PowerShell
[247.626s] DEBUG:colcon.colcon_core.shell:Skip shell extension 'dsv' for command environment
[249.163s] DEBUG:colcon.colcon_core.event_handler.log_command:Invoking command in '/home/rudrh/Autonomous-Wheelchair-System/Positioning/MapGeneration/Mapping/build/map_generator': AMENT_PREFIX_PATH=/home/rudrh/Autonomous-Wheelchair-System/Positioning/MapGeneration/Mapping/install/sllidar_ros2:/home/rudrh/Autonomous-Wheelchair-System/Positioning/MapGeneration/Mapping/install/ros2_laser_scan_merger:${AMENT_PREFIX_PATH} CMAKE_PREFIX_PATH=/home/rudrh/Autonomous-Wheelchair-System/Positioning/MapGeneration/Mapping/install/sllidar_ros2:/home/rudrh/Autonomous-Wheelchair-System/Positioning/MapGeneration/Mapping/install/ros2_laser_scan_merger:${CMAKE_PREFIX_PATH} PYTHONPATH=/home/rudrh/Autonomous-Wheelchair-System/Positioning/MapGeneration/Mapping/build/map_generator/prefix_override:/usr/lib/python3/dist-packages/colcon_core/task/python/colcon_distutils_commands:/home/rudrh/Autonomous-Wheelchair-System/Positioning/MapGeneration/Mapping/install/map_generator/lib/python3.12/site-packages:${PYTHONPATH} /usr/bin/python3 -W ignore:setup.py install is deprecated -W ignore:easy_install command is deprecated setup.py develop --editable --build-directory /home/rudrh/Autonomous-Wheelchair-System/Positioning/MapGeneration/Mapping/build/map_generator/build --no-deps symlink_data
[249.790s] Level 1:colcon.colcon_core.shell:create_environment_hook('map_generator', 'pythonpath_develop')
[249.791s] INFO:colcon.colcon_core.shell:Creating environment hook '/home/rudrh/Autonomous-Wheelchair-System/Positioning/MapGeneration/Mapping/build/map_generator/share/map_generator/hook/pythonpath_develop.ps1'
[249.791s] DEBUG:colcon.colcon_core.event_handler.log_command:Invoked command in '/home/rudrh/Autonomous-Wheelchair-System/Positioning/MapGeneration/Mapping/build/map_generator' returned '0': AMENT_PREFIX_PATH=/home/rudrh/Autonomous-Wheelchair-System/Positioning/MapGeneration/Mapping/install/sllidar_ros2:/home/rudrh/Autonomous-Wheelchair-System/Positioning/MapGeneration/Mapping/install/ros2_laser_scan_merger:${AMENT_PREFIX_PATH} CMAKE_PREFIX_PATH=/home/rudrh/Autonomous-Wheelchair-System/Positioning/MapGeneration/Mapping/install/sllidar_ros2:/home/rudrh/Autonomous-Wheelchair-System/Positioning/MapGeneration/Mapping/install/ros2_laser_scan_merger:${CMAKE_PREFIX_PATH} PYTHONPATH=/home/rudrh/Autonomous-Wheelchair-System/Positioning/MapGeneration/Mapping/build/map_generator/prefix_override:/usr/lib/python3/dist-packages/colcon_core/task/python/colcon_distutils_commands:/home/rudrh/Autonomous-Wheelchair-System/Positioning/MapGeneration/Mapping/install/map_generator/lib/python3.12/site-packages:${PYTHONPATH} /usr/bin/python3 -W ignore:setup.py install is deprecated -W ignore:easy_install command is deprecated setup.py develop --editable --build-directory /home/rudrh/Autonomous-Wheelchair-System/Positioning/MapGeneration/Mapping/build/map_generator/build --no-deps symlink_data
[249.792s] INFO:colcon.colcon_core.shell:Creating environment descriptor '/home/rudrh/Autonomous-Wheelchair-System/Positioning/MapGeneration/Mapping/build/map_generator/share/map_generator/hook/pythonpath_develop.dsv'
[249.793s] INFO:colcon.colcon_core.shell:Creating environment hook '/home/rudrh/Autonomous-Wheelchair-System/Positioning/MapGeneration/Mapping/build/map_generator/share/map_generator/hook/pythonpath_develop.sh'
[249.793s] Level 1:colcon.colcon_core.environment:checking '/home/rudrh/Autonomous-Wheelchair-System/Positioning/MapGeneration/Mapping/install/map_generator' for CMake module files
[249.794s] Level 1:colcon.colcon_core.environment:checking '/home/rudrh/Autonomous-Wheelchair-System/Positioning/MapGeneration/Mapping/install/map_generator' for CMake config files
[249.794s] Level 1:colcon.colcon_core.environment:checking '/home/rudrh/Autonomous-Wheelchair-System/Positioning/MapGeneration/Mapping/install/map_generator/lib'
[249.794s] Level 1:colcon.colcon_core.environment:checking '/home/rudrh/Autonomous-Wheelchair-System/Positioning/MapGeneration/Mapping/install/map_generator/bin'
[249.795s] Level 1:colcon.colcon_core.environment:checking '/home/rudrh/Autonomous-Wheelchair-System/Positioning/MapGeneration/Mapping/install/map_generator/lib/pkgconfig/map_generator.pc'
[249.795s] Level 1:colcon.colcon_core.environment:checking '/home/rudrh/Autonomous-Wheelchair-System/Positioning/MapGeneration/Mapping/install/map_generator/lib/python3.12/site-packages'
[249.795s] Level 1:colcon.colcon_core.shell:create_environment_hook('map_generator', 'pythonpath')
[249.795s] INFO:colcon.colcon_core.shell:Creating environment hook '/home/rudrh/Autonomous-Wheelchair-System/Positioning/MapGeneration/Mapping/install/map_generator/share/map_generator/hook/pythonpath.ps1'
[249.796s] INFO:colcon.colcon_core.shell:Creating environment descriptor '/home/rudrh/Autonomous-Wheelchair-System/Positioning/MapGeneration/Mapping/install/map_generator/share/map_generator/hook/pythonpath.dsv'
[249.796s] INFO:colcon.colcon_core.shell:Creating environment hook '/home/rudrh/Autonomous-Wheelchair-System/Positioning/MapGeneration/Mapping/install/map_generator/share/map_generator/hook/pythonpath.sh'
[249.797s] Level 1:colcon.colcon_core.environment:checking '/home/rudrh/Autonomous-Wheelchair-System/Positioning/MapGeneration/Mapping/install/map_generator/bin'
[249.797s] Level 1:colcon.colcon_core.environment:create_environment_scripts_only(map_generator)
[249.797s] INFO:colcon.colcon_core.shell:Creating package script '/home/rudrh/Autonomous-Wheelchair-System/Positioning/MapGeneration/Mapping/install/map_generator/share/map_generator/package.ps1'
[249.798s] INFO:colcon.colcon_core.shell:Creating package descriptor '/home/rudrh/Autonomous-Wheelchair-System/Positioning/MapGeneration/Mapping/install/map_generator/share/map_generator/package.dsv'
[249.798s] INFO:colcon.colcon_core.shell:Creating package script '/home/rudrh/Autonomous-Wheelchair-System/Positioning/MapGeneration/Mapping/install/map_generator/share/map_generator/package.sh'
[249.799s] INFO:colcon.colcon_core.shell:Creating package script '/home/rudrh/Autonomous-Wheelchair-System/Positioning/MapGeneration/Mapping/install/map_generator/share/map_generator/package.bash'
[249.799s] INFO:colcon.colcon_core.shell:Creating package script '/home/rudrh/Autonomous-Wheelchair-System/Positioning/MapGeneration/Mapping/install/map_generator/share/map_generator/package.zsh'
[249.799s] Level 1:colcon.colcon_core.environment:create_file_with_runtime_dependencies(/home/rudrh/Autonomous-Wheelchair-System/Positioning/MapGeneration/Mapping/install/map_generator/share/colcon-core/packages/map_generator)
[249.800s] DEBUG:colcon.colcon_parallel_executor.executor.parallel:closing loop
[249.800s] DEBUG:colcon.colcon_parallel_executor.executor.parallel:loop closed
[249.800s] DEBUG:colcon.colcon_parallel_executor.executor.parallel:run_until_complete finished with '0'
[249.800s] DEBUG:colcon.colcon_core.event_reactor:joining thread
[250.029s] INFO:colcon.colcon_core.plugin_system:Skipping extension 'colcon_notification.desktop_notification.notify_send': Could not find 'notify-send'
[250.029s] INFO:colcon.colcon_core.plugin_system:Skipping extension 'colcon_notification.desktop_notification.terminal_notifier': Not used on non-Darwin systems
[250.029s] INFO:colcon.colcon_core.plugin_system:Skipping extension 'colcon_notification.desktop_notification.win32': Not used on non-Windows systems
[250.029s] INFO:colcon.colcon_notification.desktop_notification:Sending desktop notification using 'notify2'
[250.032s] DEBUG:colcon.colcon_notification.desktop_notification.notify2:Failed to initialize notify2: org.freedesktop.DBus.Error.ServiceUnknown: The name org.freedesktop.Notifications was not provided by any .service files
[250.032s] DEBUG:colcon.colcon_core.event_reactor:joined thread
[250.033s] INFO:colcon.colcon_core.shell:Creating prefix script '/home/rudrh/Autonomous-Wheelchair-System/Positioning/MapGeneration/Mapping/install/local_setup.ps1'
[250.045s] INFO:colcon.colcon_core.shell:Creating prefix util module '/home/rudrh/Autonomous-Wheelchair-System/Positioning/MapGeneration/Mapping/install/_local_setup_util_ps1.py'
[250.049s] INFO:colcon.colcon_core.shell:Creating prefix chain script '/home/rudrh/Autonomous-Wheelchair-System/Positioning/MapGeneration/Mapping/install/setup.ps1'
[250.051s] INFO:colcon.colcon_core.shell:Creating prefix script '/home/rudrh/Autonomous-Wheelchair-System/Positioning/MapGeneration/Mapping/install/local_setup.sh'
[250.052s] INFO:colcon.colcon_core.shell:Creating prefix util module '/home/rudrh/Autonomous-Wheelchair-System/Positioning/MapGeneration/Mapping/install/_local_setup_util_sh.py'
[250.053s] INFO:colcon.colcon_core.shell:Creating prefix chain script '/home/rudrh/Autonomous-Wheelchair-System/Positioning/MapGeneration/Mapping/install/setup.sh'
[250.054s] INFO:colcon.colcon_core.shell:Creating prefix script '/home/rudrh/Autonomous-Wheelchair-System/Positioning/MapGeneration/Mapping/install/local_setup.bash'
[250.056s] INFO:colcon.colcon_core.shell:Creating prefix chain script '/home/rudrh/Autonomous-Wheelchair-System/Positioning/MapGeneration/Mapping/install/setup.bash'
[250.057s] INFO:colcon.colcon_core.shell:Creating prefix script '/home/rudrh/Autonomous-Wheelchair-System/Positioning/MapGeneration/Mapping/install/local_setup.zsh'
[250.059s] INFO:colcon.colcon_core.shell:Creating prefix chain script '/home/rudrh/Autonomous-Wheelchair-System/Positioning/MapGeneration/Mapping/install/setup.zsh'
