[0.019s] Invoking command in '/home/rudrh/Autonomous-Wheelchair-System/Positioning/MapGeneration/Mapping/build/ros2_laser_scan_merger': CMAKE_PREFIX_PATH=${CMAKE_PREFIX_PATH}:/opt/ros/jazzy /usr/bin/cmake /home/rudrh/Autonomous-Wheelchair-System/Positioning/MapGeneration/Mapping/ros2_laser_scan_merger -DAMENT_CMAKE_SYMLINK_INSTALL=1 -DCMAKE_INSTALL_PREFIX=/home/rudrh/Autonomous-Wheelchair-System/Positioning/MapGeneration/Mapping/install/ros2_laser_scan_merger
[0.246s] -- The C compiler identification is GNU 13.3.0
[1.445s] -- The CXX compiler identification is GNU 13.3.0
[2.116s] -- Detecting C compiler ABI info
[2.428s] -- Detecting C compiler ABI info - done
[2.438s] -- Check for working C compiler: /usr/bin/cc - skipped
[2.439s] -- Detecting C compile features
[2.439s] -- Detecting C compile features - done
[2.549s] -- Detecting CXX compiler ABI info
[2.872s] -- Detecting CXX compiler ABI info - done
[2.883s] -- Check for working CXX compiler: /usr/bin/c++ - skipped
[2.883s] -- Detecting CXX compile features
[2.883s] -- Detecting CXX compile features - done
[2.889s] -- Found ament_cmake: 2.5.6 (/opt/ros/jazzy/share/ament_cmake/cmake)
[3.064s] -- Found Python3: /usr/bin/python3 (found version "3.12.3") found components: Interpreter 
[3.159s] -- Override CMake install command with custom implementation using symlinks instead of copying resources
[3.220s] -- Found rclcpp: 28.1.18 (/opt/ros/jazzy/share/rclcpp/cmake)
[3.449s] -- Found rosidl_generator_c: 4.6.7 (/opt/ros/jazzy/share/rosidl_generator_c/cmake)
[3.468s] -- Found rosidl_generator_cpp: 4.6.7 (/opt/ros/jazzy/share/rosidl_generator_cpp/cmake)
[3.492s] -- Using all available rosidl_typesupport_c: rosidl_typesupport_fastrtps_c;rosidl_typesupport_introspection_c
[3.517s] -- Using all available rosidl_typesupport_cpp: rosidl_typesupport_fastrtps_cpp;rosidl_typesupport_introspection_cpp
[3.626s] -- Found rmw_implementation_cmake: 7.3.3 (/opt/ros/jazzy/share/rmw_implementation_cmake/cmake)
[3.631s] -- Found rmw_fastrtps_cpp: 8.4.3 (/opt/ros/jazzy/share/rmw_fastrtps_cpp/cmake)
[3.733s] -- Found OpenSSL: /usr/lib/x86_64-linux-gnu/libcrypto.so (found version "3.0.13")  
[3.963s] -- Found FastRTPS: /opt/ros/jazzy/include (Required is at least version "2.13") 
[4.118s] -- Using RMW implementation 'rmw_fastrtps_cpp' as default
[4.570s] -- Found sensor_msgs: 5.3.7 (/opt/ros/jazzy/share/sensor_msgs/cmake)
[4.653s] -- Found pcl_conversions: 2.6.4 (/opt/ros/jazzy/share/pcl_conversions/cmake)
[4.753s] [33mCMake Warning (dev) at /usr/lib/x86_64-linux-gnu/cmake/pcl/Modules/FindFLANN.cmake:45 (find_package):
[4.754s]   Policy CMP0144 is not set: find_package uses upper-case <PACKAGENAME>_ROOT
[4.754s]   variables.  Run "cmake --help-policy CMP0144" for policy details.  Use the
[4.754s]   cmake_policy command to set the policy and suppress this warning.
[4.754s] 
[4.754s]   CMake variable FLANN_ROOT is set to:
[4.754s] 
[4.754s]     /usr
[4.754s] 
[4.754s]   For compatibility, find_package is ignoring the variable, but code in a
[4.754s]   .cmake module might still use it.
[4.754s] Call Stack (most recent call first):
[4.754s]   /usr/lib/x86_64-linux-gnu/cmake/pcl/PCLConfig.cmake:261 (find_package)
[4.754s]   /usr/lib/x86_64-linux-gnu/cmake/pcl/PCLConfig.cmake:306 (find_flann)
[4.754s]   /usr/lib/x86_64-linux-gnu/cmake/pcl/PCLConfig.cmake:570 (find_external_library)
[4.754s]   /opt/ros/jazzy/share/pcl_conversions/cmake/ament_cmake_export_dependencies-extras.cmake:21 (find_package)
[4.754s]   /opt/ros/jazzy/share/pcl_conversions/cmake/pcl_conversionsConfig.cmake:41 (include)
[4.754s]   CMakeLists.txt:23 (find_package)
[4.754s] This warning is for project developers.  Use -Wno-dev to suppress it.
[4.755s] [0m
[4.755s] -- Found flann version 1.9.2
[6.103s] -- Found OpenMP_CXX: -fopenmp (found version "4.5") 
[6.104s] -- Found OpenMP: TRUE (found version "4.5") found components: CXX 
[33.167s] -- Checking for module 'libusb-1.0'
[33.185s] --   Found libusb-1.0, version 1.0.27
[33.651s] -- Found libusb: /usr/lib/x86_64-linux-gnu/libusb-1.0.so  
[33.653s] -- OpenNI found (version: 1.5.4.0, include: /usr/include/ni, lib: /usr/lib/libOpenNI.so;libusb::libusb)
[34.003s] -- OpenNI2 found (version: 2.2.0.33, include: /usr/include/openni2, lib: /usr/lib/x86_64-linux-gnu/libOpenNI2.so;libusb::libusb)
[34.151s] -- Found Pcap: /usr/lib/x86_64-linux-gnu/libpcap.so  
[35.890s] -- Found ZLIB: /usr/lib/x86_64-linux-gnu/libz.so (found version "1.3")  
[37.476s] -- Found PNG: /usr/lib/x86_64-linux-gnu/libpng.so (found version "1.6.43") 
[58.313s] -- OpenNI found (version: 1.5.4.0, include: /usr/include/ni, lib: /usr/lib/libOpenNI.so;libusb::libusb)
[58.319s] -- OpenNI2 found (version: 2.2.0.33, include: /usr/include/openni2, lib: /usr/lib/x86_64-linux-gnu/libOpenNI2.so;libusb::libusb)
[80.017s] -- Found Qhull version 8.0.2
[100.437s] -- OpenNI found (version: 1.5.4.0, include: /usr/include/ni, lib: /usr/lib/libOpenNI.so;libusb::libusb)
[120.667s] -- Found PCL_COMMON: /usr/lib/x86_64-linux-gnu/libpcl_common.so  
[120.669s] -- Found PCL_KDTREE: /usr/lib/x86_64-linux-gnu/libpcl_kdtree.so  
[120.670s] -- Found PCL_OCTREE: /usr/lib/x86_64-linux-gnu/libpcl_octree.so  
[120.671s] -- Found PCL_SEARCH: /usr/lib/x86_64-linux-gnu/libpcl_search.so  
[120.672s] -- Found PCL_SAMPLE_CONSENSUS: /usr/lib/x86_64-linux-gnu/libpcl_sample_consensus.so  
[120.674s] -- Found PCL_FILTERS: /usr/lib/x86_64-linux-gnu/libpcl_filters.so  
[120.674s] -- Found PCL_2D: /usr/include/pcl-1.14  
[120.675s] -- Found PCL_GEOMETRY: /usr/include/pcl-1.14  
[120.676s] -- Found PCL_IO: /usr/lib/x86_64-linux-gnu/libpcl_io.so  
[120.677s] -- Found PCL_FEATURES: /usr/lib/x86_64-linux-gnu/libpcl_features.so  
[120.679s] -- Found PCL_ML: /usr/lib/x86_64-linux-gnu/libpcl_ml.so  
[120.680s] -- Found PCL_SEGMENTATION: /usr/lib/x86_64-linux-gnu/libpcl_segmentation.so  
[120.681s] -- Found PCL_VISUALIZATION: /usr/lib/x86_64-linux-gnu/libpcl_visualization.so  
[120.683s] -- Found PCL_SURFACE: /usr/lib/x86_64-linux-gnu/libpcl_surface.so  
[120.684s] -- Found PCL_REGISTRATION: /usr/lib/x86_64-linux-gnu/libpcl_registration.so  
[120.685s] -- Found PCL_KEYPOINTS: /usr/lib/x86_64-linux-gnu/libpcl_keypoints.so  
[120.687s] -- Found PCL_TRACKING: /usr/lib/x86_64-linux-gnu/libpcl_tracking.so  
[120.688s] -- Found PCL_RECOGNITION: /usr/lib/x86_64-linux-gnu/libpcl_recognition.so  
[120.689s] -- Found PCL_STEREO: /usr/lib/x86_64-linux-gnu/libpcl_stereo.so  
[120.691s] -- Found PCL_APPS: /usr/lib/x86_64-linux-gnu/libpcl_apps.so  
[120.692s] -- Found PCL_IN_HAND_SCANNER: /usr/include/pcl-1.14  
[120.692s] -- Found PCL_MODELER: /usr/include/pcl-1.14  
[120.693s] -- Found PCL_POINT_CLOUD_EDITOR: /usr/include/pcl-1.14  
[120.694s] -- Found PCL_OUTOFCORE: /usr/lib/x86_64-linux-gnu/libpcl_outofcore.so  
[120.695s] -- Found PCL_PEOPLE: /usr/lib/x86_64-linux-gnu/libpcl_people.so  
[120.702s] -- Found tf2_geometry_msgs: 0.36.20 (/opt/ros/jazzy/share/tf2_geometry_msgs/cmake)
[120.981s] -- Found eigen3_cmake_module: 0.3.0 (/opt/ros/jazzy/share/eigen3_cmake_module/cmake)
[120.983s] -- Found Eigen3: TRUE (found version "3.4.0") 
[120.983s] -- Ensuring Eigen3 include directory is part of orocos-kdl CMake target
[121.186s] -- Found Boost: /usr/lib/x86_64-linux-gnu/cmake/Boost-1.83.0/BoostConfig.cmake (found version "1.83.0") found components: system 
[121.186s] [33mCMake Warning (dev) at CMakeLists.txt:29 (find_package):
[121.187s]   Policy CMP0074 is not set: find_package uses <PackageName>_ROOT variables.
[121.187s]   Run "cmake --help-policy CMP0074" for policy details.  Use the cmake_policy
[121.187s]   command to set the policy and suppress this warning.
[121.187s] 
[121.187s]   CMake variable PCL_ROOT is set to:
[121.187s] 
[121.187s]     /usr
[121.187s] 
[121.187s]   For compatibility, CMake is ignoring the variable.
[121.187s] This warning is for project developers.  Use -Wno-dev to suppress it.
[121.187s] [0m
[121.214s] -- Found ament_lint_auto: 0.17.5 (/opt/ros/jazzy/share/ament_lint_auto/cmake)
[121.367s] -- Added test 'copyright' to check source files copyright and LICENSE
[121.371s] -- Added test 'cppcheck' to perform static code analysis on C / C++ code
[121.371s] -- Configured cppcheck include dirs: /home/rudrh/Autonomous-Wheelchair-System/Positioning/MapGeneration/Mapping/ros2_laser_scan_merger/include
[121.371s] -- Configured cppcheck exclude dirs and/or files: 
[121.375s] -- Added test 'cpplint' to check C / C++ code against the Google style
[121.375s] -- Configured cpplint exclude dirs and/or files: 
[121.377s] -- Added test 'flake8' to check Python code syntax and style conventions
[121.377s] -- Configured 'flake8' exclude dirs and/or files: 
[121.378s] -- Added test 'lint_cmake' to check CMake code style
[121.379s] -- Added test 'pep257' to check Python code against some of the docstring style conventions in PEP 257
[121.383s] -- Added test 'uncrustify' to check C / C++ code style
[121.383s] -- Configured uncrustify additional arguments: 
[121.385s] -- Added test 'xmllint' to check XML markup files
[121.388s] -- Configuring done (121.3s)
[121.435s] -- Generating done (0.0s)
[121.446s] -- Build files have been written to: /home/rudrh/Autonomous-Wheelchair-System/Positioning/MapGeneration/Mapping/build/ros2_laser_scan_merger
[121.473s] Invoked command in '/home/rudrh/Autonomous-Wheelchair-System/Positioning/MapGeneration/Mapping/build/ros2_laser_scan_merger' returned '0': CMAKE_PREFIX_PATH=${CMAKE_PREFIX_PATH}:/opt/ros/jazzy /usr/bin/cmake /home/rudrh/Autonomous-Wheelchair-System/Positioning/MapGeneration/Mapping/ros2_laser_scan_merger -DAMENT_CMAKE_SYMLINK_INSTALL=1 -DCMAKE_INSTALL_PREFIX=/home/rudrh/Autonomous-Wheelchair-System/Positioning/MapGeneration/Mapping/install/ros2_laser_scan_merger
[121.475s] Invoking command in '/home/rudrh/Autonomous-Wheelchair-System/Positioning/MapGeneration/Mapping/build/ros2_laser_scan_merger': CMAKE_PREFIX_PATH=${CMAKE_PREFIX_PATH}:/opt/ros/jazzy /usr/bin/cmake --build /home/rudrh/Autonomous-Wheelchair-System/Positioning/MapGeneration/Mapping/build/ros2_laser_scan_merger -- -j20 -l20
[121.543s] [ 50%] [32mBuilding CXX object CMakeFiles/ros2_laser_scan_merger.dir/src/main.cpp.o[0m
[127.703s] [01m[K/home/rudrh/Autonomous-Wheelchair-System/Positioning/MapGeneration/Mapping/ros2_laser_scan_merger/src/main.cpp:[m[K In member function ‘[01m[Kvoid scanMerger::[01;32m[Kupdate_point_cloud_rgb[m[K()[m[K’:
[127.703s] [01m[K/home/rudrh/Autonomous-Wheelchair-System/Positioning/MapGeneration/Mapping/ros2_laser_scan_merger/src/main.cpp:76:57:[m[K [01;35m[Kwarning: [m[Kcomparison of integer expressions of different signedness: ‘[01m[Kint[m[K’ and ‘[01m[Kstd::vector<float>::size_type[m[K’ {aka ‘[01m[Klong unsigned int[m[K’} [[01;35m[K]8;;https://gcc.gnu.org/onlinedocs/gcc/Warning-Options.html#index-Wsign-compare-Wsign-compare]8;;[m[K]
[127.703s]    76 |       for (float i = temp_min_; i <= temp_max_ && [01;35m[Kcount < laser1_->ranges.size()[m[K;
[127.704s]       |                                                   [01;35m[K~~~~~~^~~~~~~~~~~~~~~~~~~~~~~~[m[K
[127.705s] [01m[K/home/rudrh/Autonomous-Wheelchair-System/Positioning/MapGeneration/Mapping/ros2_laser_scan_merger/src/main.cpp:158:57:[m[K [01;35m[Kwarning: [m[Kcomparison of integer expressions of different signedness: ‘[01m[Kint[m[K’ and ‘[01m[Kstd::vector<float>::size_type[m[K’ {aka ‘[01m[Klong unsigned int[m[K’} [[01;35m[K]8;;https://gcc.gnu.org/onlinedocs/gcc/Warning-Options.html#index-Wsign-compare-Wsign-compare]8;;[m[K]
[127.705s]   158 |       for (float i = temp_min_; i <= temp_max_ && [01;35m[Kcount < laser2_->ranges.size()[m[K;
[127.705s]       |                                                   [01;35m[K~~~~~~^~~~~~~~~~~~~~~~~~~~~~~~[m[K
[136.022s] [100%] [32m[1mLinking CXX executable ros2_laser_scan_merger[0m
[137.039s] [100%] Built target ros2_laser_scan_merger
[137.053s] Invoked command in '/home/rudrh/Autonomous-Wheelchair-System/Positioning/MapGeneration/Mapping/build/ros2_laser_scan_merger' returned '0': CMAKE_PREFIX_PATH=${CMAKE_PREFIX_PATH}:/opt/ros/jazzy /usr/bin/cmake --build /home/rudrh/Autonomous-Wheelchair-System/Positioning/MapGeneration/Mapping/build/ros2_laser_scan_merger -- -j20 -l20
[137.055s] Invoking command in '/home/rudrh/Autonomous-Wheelchair-System/Positioning/MapGeneration/Mapping/build/ros2_laser_scan_merger': CMAKE_PREFIX_PATH=${CMAKE_PREFIX_PATH}:/opt/ros/jazzy /usr/bin/cmake --install /home/rudrh/Autonomous-Wheelchair-System/Positioning/MapGeneration/Mapping/build/ros2_laser_scan_merger
[137.065s] -- Install configuration: ""
[137.065s] -- Execute custom install script
[137.067s] -- Symlinking: /home/rudrh/Autonomous-Wheelchair-System/Positioning/MapGeneration/Mapping/install/ros2_laser_scan_merger/share/ros2_laser_scan_merger/launch/merge_2_scan.launch.py
[137.078s] -- Symlinking: /home/rudrh/Autonomous-Wheelchair-System/Positioning/MapGeneration/Mapping/install/ros2_laser_scan_merger/share/ros2_laser_scan_merger/launch/visualize_merge_2_scan.launch.py
[137.090s] -- Symlinking: /home/rudrh/Autonomous-Wheelchair-System/Positioning/MapGeneration/Mapping/install/ros2_laser_scan_merger/share/ros2_laser_scan_merger/config/params.yaml
[137.102s] -- Symlinking: /home/rudrh/Autonomous-Wheelchair-System/Positioning/MapGeneration/Mapping/install/ros2_laser_scan_merger/share/ros2_laser_scan_merger/rviz/ros2_laser_scan_merge.rviz
[137.116s] -- Symlinking: /home/rudrh/Autonomous-Wheelchair-System/Positioning/MapGeneration/Mapping/install/ros2_laser_scan_merger/lib/ros2_laser_scan_merger/ros2_laser_scan_merger
[137.128s] -- Symlinking: /home/rudrh/Autonomous-Wheelchair-System/Positioning/MapGeneration/Mapping/install/ros2_laser_scan_merger/share/ament_index/resource_index/package_run_dependencies/ros2_laser_scan_merger
[137.140s] -- Symlinking: /home/rudrh/Autonomous-Wheelchair-System/Positioning/MapGeneration/Mapping/install/ros2_laser_scan_merger/share/ament_index/resource_index/parent_prefix_path/ros2_laser_scan_merger
[137.152s] -- Symlinking: /home/rudrh/Autonomous-Wheelchair-System/Positioning/MapGeneration/Mapping/install/ros2_laser_scan_merger/share/ros2_laser_scan_merger/environment/ament_prefix_path.sh
[137.163s] -- Symlinking: /home/rudrh/Autonomous-Wheelchair-System/Positioning/MapGeneration/Mapping/install/ros2_laser_scan_merger/share/ros2_laser_scan_merger/environment/ament_prefix_path.dsv
[137.175s] -- Symlinking: /home/rudrh/Autonomous-Wheelchair-System/Positioning/MapGeneration/Mapping/install/ros2_laser_scan_merger/share/ros2_laser_scan_merger/environment/path.sh
[137.186s] -- Symlinking: /home/rudrh/Autonomous-Wheelchair-System/Positioning/MapGeneration/Mapping/install/ros2_laser_scan_merger/share/ros2_laser_scan_merger/environment/path.dsv
[137.199s] -- Symlinking: /home/rudrh/Autonomous-Wheelchair-System/Positioning/MapGeneration/Mapping/install/ros2_laser_scan_merger/share/ros2_laser_scan_merger/local_setup.bash
[137.210s] -- Symlinking: /home/rudrh/Autonomous-Wheelchair-System/Positioning/MapGeneration/Mapping/install/ros2_laser_scan_merger/share/ros2_laser_scan_merger/local_setup.sh
[137.221s] -- Symlinking: /home/rudrh/Autonomous-Wheelchair-System/Positioning/MapGeneration/Mapping/install/ros2_laser_scan_merger/share/ros2_laser_scan_merger/local_setup.zsh
[137.232s] -- Symlinking: /home/rudrh/Autonomous-Wheelchair-System/Positioning/MapGeneration/Mapping/install/ros2_laser_scan_merger/share/ros2_laser_scan_merger/local_setup.dsv
[137.244s] -- Symlinking: /home/rudrh/Autonomous-Wheelchair-System/Positioning/MapGeneration/Mapping/install/ros2_laser_scan_merger/share/ros2_laser_scan_merger/package.dsv
[137.256s] -- Symlinking: /home/rudrh/Autonomous-Wheelchair-System/Positioning/MapGeneration/Mapping/install/ros2_laser_scan_merger/share/ament_index/resource_index/packages/ros2_laser_scan_merger
[137.268s] -- Symlinking: /home/rudrh/Autonomous-Wheelchair-System/Positioning/MapGeneration/Mapping/install/ros2_laser_scan_merger/share/ros2_laser_scan_merger/cmake/ros2_laser_scan_mergerConfig.cmake
[137.290s] -- Symlinking: /home/rudrh/Autonomous-Wheelchair-System/Positioning/MapGeneration/Mapping/install/ros2_laser_scan_merger/share/ros2_laser_scan_merger/cmake/ros2_laser_scan_mergerConfig-version.cmake
[137.313s] -- Symlinking: /home/rudrh/Autonomous-Wheelchair-System/Positioning/MapGeneration/Mapping/install/ros2_laser_scan_merger/share/ros2_laser_scan_merger/package.xml
[137.331s] Invoked command in '/home/rudrh/Autonomous-Wheelchair-System/Positioning/MapGeneration/Mapping/build/ros2_laser_scan_merger' returned '0': CMAKE_PREFIX_PATH=${CMAKE_PREFIX_PATH}:/opt/ros/jazzy /usr/bin/cmake --install /home/rudrh/Autonomous-Wheelchair-System/Positioning/MapGeneration/Mapping/build/ros2_laser_scan_merger
