[1.682s] Invoking command in '/home/rudrh/Autonomous-Wheelchair-System/Navigation/Pathfinding/Navigation/build/navigation': PYTHONPATH=/home/rudrh/Autonomous-Wheelchair-System/Navigation/Pathfinding/Navigation/build/navigation/prefix_override:/usr/lib/python3/dist-packages/colcon_core/task/python/colcon_distutils_commands:/home/rudrh/Autonomous-Wheelchair-System/Navigation/Pathfinding/Navigation/install/navigation/lib/python3.12/site-packages:${PYTHONPATH} /usr/bin/python3 -W ignore:setup.py install is deprecated -W ignore:easy_install command is deprecated setup.py develop --editable --build-directory /home/rudrh/Autonomous-Wheelchair-System/Navigation/Pathfinding/Navigation/build/navigation/build --no-deps symlink_data
[2.039s] running develop
[2.274s] running egg_info
[2.274s] creating navigation.egg-info
[2.295s] writing navigation.egg-info/PKG-INFO
[2.295s] writing dependency_links to navigation.egg-info/dependency_links.txt
[2.295s] writing requirements to navigation.egg-info/requires.txt
[2.296s] writing top-level names to navigation.egg-info/top_level.txt
[2.296s] writing manifest file 'navigation.egg-info/SOURCES.txt'
[2.337s] reading manifest file 'navigation.egg-info/SOURCES.txt'
[2.338s] writing manifest file 'navigation.egg-info/SOURCES.txt'
[2.361s] running build_ext
[2.361s] Creating /home/rudrh/Autonomous-Wheelchair-System/Navigation/Pathfinding/Navigation/install/navigation/lib/python3.12/site-packages/navigation.egg-link (link to .)
[2.362s] 
[2.362s] Installed /home/rudrh/Autonomous-Wheelchair-System/Navigation/Pathfinding/Navigation/build/navigation
[2.362s] running symlink_data
[2.362s] creating /home/rudrh/Autonomous-Wheelchair-System/Navigation/Pathfinding/Navigation/install/navigation/share/ament_index
[2.363s] creating /home/rudrh/Autonomous-Wheelchair-System/Navigation/Pathfinding/Navigation/install/navigation/share/ament_index/resource_index
[2.363s] creating /home/rudrh/Autonomous-Wheelchair-System/Navigation/Pathfinding/Navigation/install/navigation/share/ament_index/resource_index/packages
[2.363s] symbolically linking /home/rudrh/Autonomous-Wheelchair-System/Navigation/Pathfinding/Navigation/build/navigation/resource/navigation -> /home/rudrh/Autonomous-Wheelchair-System/Navigation/Pathfinding/Navigation/install/navigation/share/ament_index/resource_index/packages
[2.364s] symbolically linking /home/rudrh/Autonomous-Wheelchair-System/Navigation/Pathfinding/Navigation/build/navigation/package.xml -> /home/rudrh/Autonomous-Wheelchair-System/Navigation/Pathfinding/Navigation/install/navigation/share/navigation
[2.364s] creating /home/rudrh/Autonomous-Wheelchair-System/Navigation/Pathfinding/Navigation/install/navigation/share/navigation/launch
[2.364s] symbolically linking /home/rudrh/Autonomous-Wheelchair-System/Navigation/Pathfinding/Navigation/build/navigation/launch/navigation.launch.py -> /home/rudrh/Autonomous-Wheelchair-System/Navigation/Pathfinding/Navigation/install/navigation/share/navigation/launch
[2.364s] creating /home/rudrh/Autonomous-Wheelchair-System/Navigation/Pathfinding/Navigation/install/navigation/share/navigation/config
[2.365s] symbolically linking /home/rudrh/Autonomous-Wheelchair-System/Navigation/Pathfinding/Navigation/build/navigation/config/nav2_params.yaml -> /home/rudrh/Autonomous-Wheelchair-System/Navigation/Pathfinding/Navigation/install/navigation/share/navigation/config
[2.365s] creating /home/rudrh/Autonomous-Wheelchair-System/Navigation/Pathfinding/Navigation/install/navigation/share/navigation/rviz
[2.365s] symbolically linking /home/rudrh/Autonomous-Wheelchair-System/Navigation/Pathfinding/Navigation/build/navigation/rviz/navigation.rviz -> /home/rudrh/Autonomous-Wheelchair-System/Navigation/Pathfinding/Navigation/install/navigation/share/navigation/rviz
[2.407s] Invoked command in '/home/rudrh/Autonomous-Wheelchair-System/Navigation/Pathfinding/Navigation/build/navigation' returned '0': PYTHONPATH=/home/rudrh/Autonomous-Wheelchair-System/Navigation/Pathfinding/Navigation/build/navigation/prefix_override:/usr/lib/python3/dist-packages/colcon_core/task/python/colcon_distutils_commands:/home/rudrh/Autonomous-Wheelchair-System/Navigation/Pathfinding/Navigation/install/navigation/lib/python3.12/site-packages:${PYTHONPATH} /usr/bin/python3 -W ignore:setup.py install is deprecated -W ignore:easy_install command is deprecated setup.py develop --editable --build-directory /home/rudrh/Autonomous-Wheelchair-System/Navigation/Pathfinding/Navigation/build/navigation/build --no-deps symlink_data
