[0.017s] Invoking command in '/home/rudrh/Autonomous-Wheelchair-System/Positioning/MapGeneration/Mapping/build/ros2_laser_scan_merger': CMAKE_PREFIX_PATH=${CMAKE_PREFIX_PATH}:/opt/ros/jazzy /usr/bin/cmake /home/rudrh/Autonomous-Wheelchair-System/Positioning/MapGeneration/Mapping/ros2_laser_scan_merger -DAMENT_CMAKE_SYMLINK_INSTALL=1 -DCMAKE_INSTALL_PREFIX=/home/rudrh/Autonomous-Wheelchair-System/Positioning/MapGeneration/Mapping/install/ros2_laser_scan_merger
[0.346s] -- The C compiler identification is GNU 13.3.0
[1.646s] -- The CXX compiler identification is GNU 13.3.0
[2.883s] -- Detecting C compiler ABI info
[3.298s] -- Detecting C compiler ABI info - done
[3.308s] -- Check for working C compiler: /usr/bin/cc - skipped
[3.308s] -- Detecting C compile features
[3.309s] -- Detecting C compile features - done
[3.502s] -- Detecting CXX compiler ABI info
[3.908s] -- Detecting CXX compiler ABI info - done
[3.916s] -- Check for working CXX compiler: /usr/bin/c++ - skipped
[3.917s] -- Detecting CXX compile features
[3.917s] -- Detecting CXX compile features - done
[3.947s] -- Found ament_cmake: 2.5.6 (/opt/ros/jazzy/share/ament_cmake/cmake)
[4.093s] -- Found Python3: /usr/bin/python3 (found version "3.12.3") found components: Interpreter 
[4.171s] -- Override CMake install command with custom implementation using symlinks instead of copying resources
[4.239s] -- Found rclcpp: 28.1.18 (/opt/ros/jazzy/share/rclcpp/cmake)
[4.532s] -- Found rosidl_generator_c: 4.6.7 (/opt/ros/jazzy/share/rosidl_generator_c/cmake)
[4.554s] -- Found rosidl_generator_cpp: 4.6.7 (/opt/ros/jazzy/share/rosidl_generator_cpp/cmake)
[4.582s] -- Using all available rosidl_typesupport_c: rosidl_typesupport_fastrtps_c;rosidl_typesupport_introspection_c
[4.611s] -- Using all available rosidl_typesupport_cpp: rosidl_typesupport_fastrtps_cpp;rosidl_typesupport_introspection_cpp
[4.727s] -- Found rmw_implementation_cmake: 7.3.3 (/opt/ros/jazzy/share/rmw_implementation_cmake/cmake)
[4.734s] -- Found rmw_fastrtps_cpp: 8.4.3 (/opt/ros/jazzy/share/rmw_fastrtps_cpp/cmake)
[4.834s] -- Found OpenSSL: /usr/lib/x86_64-linux-gnu/libcrypto.so (found version "3.0.13")  
[5.263s] -- Found FastRTPS: /opt/ros/jazzy/include (Required is at least version "2.13") 
[5.439s] -- Using RMW implementation 'rmw_fastrtps_cpp' as default
[5.849s] -- Found sensor_msgs: 5.3.7 (/opt/ros/jazzy/share/sensor_msgs/cmake)
[5.945s] -- Found pcl_conversions: 2.6.4 (/opt/ros/jazzy/share/pcl_conversions/cmake)
[6.062s] [33mCMake Warning (dev) at /usr/lib/x86_64-linux-gnu/cmake/pcl/Modules/FindFLANN.cmake:45 (find_package):
[6.062s]   Policy CMP0144 is not set: find_package uses upper-case <PACKAGENAME>_ROOT
[6.062s]   variables.  Run "cmake --help-policy CMP0144" for policy details.  Use the
[6.062s]   cmake_policy command to set the policy and suppress this warning.
[6.062s] 
[6.062s]   CMake variable FLANN_ROOT is set to:
[6.062s] 
[6.062s]     /usr
[6.062s] 
[6.062s]   For compatibility, find_package is ignoring the variable, but code in a
[6.062s]   .cmake module might still use it.
[6.062s] Call Stack (most recent call first):
[6.062s]   /usr/lib/x86_64-linux-gnu/cmake/pcl/PCLConfig.cmake:261 (find_package)
[6.062s]   /usr/lib/x86_64-linux-gnu/cmake/pcl/PCLConfig.cmake:306 (find_flann)
[6.062s]   /usr/lib/x86_64-linux-gnu/cmake/pcl/PCLConfig.cmake:570 (find_external_library)
[6.062s]   /opt/ros/jazzy/share/pcl_conversions/cmake/ament_cmake_export_dependencies-extras.cmake:21 (find_package)
[6.063s]   /opt/ros/jazzy/share/pcl_conversions/cmake/pcl_conversionsConfig.cmake:41 (include)
[6.063s]   CMakeLists.txt:23 (find_package)
[6.063s] This warning is for project developers.  Use -Wno-dev to suppress it.
[6.063s] [0m
[6.065s] -- Found flann version 1.9.2
[7.254s] -- Found OpenMP_CXX: -fopenmp (found version "4.5") 
[7.254s] -- Found OpenMP: TRUE (found version "4.5") found components: CXX 
[33.936s] -- Checking for module 'libusb-1.0'
[33.950s] --   Found libusb-1.0, version 1.0.27
[34.098s] -- Found libusb: /usr/lib/x86_64-linux-gnu/libusb-1.0.so  
[34.100s] -- OpenNI found (version: 1.5.4.0, include: /usr/include/ni, lib: /usr/lib/libOpenNI.so;libusb::libusb)
[34.459s] -- OpenNI2 found (version: 2.2.0.33, include: /usr/include/openni2, lib: /usr/lib/x86_64-linux-gnu/libOpenNI2.so;libusb::libusb)
[34.572s] -- Found Pcap: /usr/lib/x86_64-linux-gnu/libpcap.so  
[35.991s] -- Found ZLIB: /usr/lib/x86_64-linux-gnu/libz.so (found version "1.3")  
[37.014s] -- Found PNG: /usr/lib/x86_64-linux-gnu/libpng.so (found version "1.6.43") 
[55.627s] -- OpenNI found (version: 1.5.4.0, include: /usr/include/ni, lib: /usr/lib/libOpenNI.so;libusb::libusb)
[55.632s] -- OpenNI2 found (version: 2.2.0.33, include: /usr/include/openni2, lib: /usr/lib/x86_64-linux-gnu/libOpenNI2.so;libusb::libusb)
[74.402s] -- Found Qhull version 8.0.2
[91.772s] -- OpenNI found (version: 1.5.4.0, include: /usr/include/ni, lib: /usr/lib/libOpenNI.so;libusb::libusb)
[112.877s] -- Found PCL_COMMON: /usr/lib/x86_64-linux-gnu/libpcl_common.so  
[112.877s] -- Found PCL_KDTREE: /usr/lib/x86_64-linux-gnu/libpcl_kdtree.so  
[112.878s] -- Found PCL_OCTREE: /usr/lib/x86_64-linux-gnu/libpcl_octree.so  
[112.879s] -- Found PCL_SEARCH: /usr/lib/x86_64-linux-gnu/libpcl_search.so  
[112.880s] -- Found PCL_SAMPLE_CONSENSUS: /usr/lib/x86_64-linux-gnu/libpcl_sample_consensus.so  
[112.881s] -- Found PCL_FILTERS: /usr/lib/x86_64-linux-gnu/libpcl_filters.so  
[112.882s] -- Found PCL_2D: /usr/include/pcl-1.14  
[112.882s] -- Found PCL_GEOMETRY: /usr/include/pcl-1.14  
[112.883s] -- Found PCL_IO: /usr/lib/x86_64-linux-gnu/libpcl_io.so  
[112.885s] -- Found PCL_FEATURES: /usr/lib/x86_64-linux-gnu/libpcl_features.so  
[112.886s] -- Found PCL_ML: /usr/lib/x86_64-linux-gnu/libpcl_ml.so  
[112.887s] -- Found PCL_SEGMENTATION: /usr/lib/x86_64-linux-gnu/libpcl_segmentation.so  
[112.888s] -- Found PCL_VISUALIZATION: /usr/lib/x86_64-linux-gnu/libpcl_visualization.so  
[112.889s] -- Found PCL_SURFACE: /usr/lib/x86_64-linux-gnu/libpcl_surface.so  
[112.890s] -- Found PCL_REGISTRATION: /usr/lib/x86_64-linux-gnu/libpcl_registration.so  
[112.891s] -- Found PCL_KEYPOINTS: /usr/lib/x86_64-linux-gnu/libpcl_keypoints.so  
[112.892s] -- Found PCL_TRACKING: /usr/lib/x86_64-linux-gnu/libpcl_tracking.so  
[112.893s] -- Found PCL_RECOGNITION: /usr/lib/x86_64-linux-gnu/libpcl_recognition.so  
[112.894s] -- Found PCL_STEREO: /usr/lib/x86_64-linux-gnu/libpcl_stereo.so  
[112.895s] -- Found PCL_APPS: /usr/lib/x86_64-linux-gnu/libpcl_apps.so  
[112.896s] -- Found PCL_IN_HAND_SCANNER: /usr/include/pcl-1.14  
[112.897s] -- Found PCL_MODELER: /usr/include/pcl-1.14  
[112.897s] -- Found PCL_POINT_CLOUD_EDITOR: /usr/include/pcl-1.14  
[112.898s] -- Found PCL_OUTOFCORE: /usr/lib/x86_64-linux-gnu/libpcl_outofcore.so  
[112.899s] -- Found PCL_PEOPLE: /usr/lib/x86_64-linux-gnu/libpcl_people.so  
[112.907s] -- Found tf2_geometry_msgs: 0.36.20 (/opt/ros/jazzy/share/tf2_geometry_msgs/cmake)
[112.982s] -- Found eigen3_cmake_module: 0.3.0 (/opt/ros/jazzy/share/eigen3_cmake_module/cmake)
[112.984s] -- Found Eigen3: TRUE (found version "3.4.0") 
[112.984s] -- Ensuring Eigen3 include directory is part of orocos-kdl CMake target
[113.189s] -- Found Boost: /usr/lib/x86_64-linux-gnu/cmake/Boost-1.83.0/BoostConfig.cmake (found version "1.83.0") found components: system 
[113.190s] [33mCMake Warning (dev) at CMakeLists.txt:29 (find_package):
[113.190s]   Policy CMP0074 is not set: find_package uses <PackageName>_ROOT variables.
[113.190s]   Run "cmake --help-policy CMP0074" for policy details.  Use the cmake_policy
[113.190s]   command to set the policy and suppress this warning.
[113.190s] 
[113.190s]   CMake variable PCL_ROOT is set to:
[113.190s] 
[113.190s]     /usr
[113.190s] 
[113.190s]   For compatibility, CMake is ignoring the variable.
[113.190s] This warning is for project developers.  Use -Wno-dev to suppress it.
[113.190s] [0m
[113.212s] -- Found ament_lint_auto: 0.17.5 (/opt/ros/jazzy/share/ament_lint_auto/cmake)
[113.352s] -- Added test 'copyright' to check source files copyright and LICENSE
[113.359s] -- Added test 'cppcheck' to perform static code analysis on C / C++ code
[113.359s] -- Configured cppcheck include dirs: /home/rudrh/Autonomous-Wheelchair-System/Positioning/MapGeneration/Mapping/ros2_laser_scan_merger/include
[113.360s] -- Configured cppcheck exclude dirs and/or files: 
[113.362s] -- Added test 'cpplint' to check C / C++ code against the Google style
[113.362s] -- Configured cpplint exclude dirs and/or files: 
[113.364s] -- Added test 'flake8' to check Python code syntax and style conventions
[113.364s] -- Configured 'flake8' exclude dirs and/or files: 
[113.365s] -- Added test 'lint_cmake' to check CMake code style
[113.367s] -- Added test 'pep257' to check Python code against some of the docstring style conventions in PEP 257
[113.370s] -- Added test 'uncrustify' to check C / C++ code style
[113.370s] -- Configured uncrustify additional arguments: 
[113.371s] -- Added test 'xmllint' to check XML markup files
[113.373s] -- Configuring done (113.3s)
[113.448s] -- Generating done (0.1s)
[113.455s] -- Build files have been written to: /home/rudrh/Autonomous-Wheelchair-System/Positioning/MapGeneration/Mapping/build/ros2_laser_scan_merger
[113.477s] Invoked command in '/home/rudrh/Autonomous-Wheelchair-System/Positioning/MapGeneration/Mapping/build/ros2_laser_scan_merger' returned '0': CMAKE_PREFIX_PATH=${CMAKE_PREFIX_PATH}:/opt/ros/jazzy /usr/bin/cmake /home/rudrh/Autonomous-Wheelchair-System/Positioning/MapGeneration/Mapping/ros2_laser_scan_merger -DAMENT_CMAKE_SYMLINK_INSTALL=1 -DCMAKE_INSTALL_PREFIX=/home/rudrh/Autonomous-Wheelchair-System/Positioning/MapGeneration/Mapping/install/ros2_laser_scan_merger
[113.479s] Invoking command in '/home/rudrh/Autonomous-Wheelchair-System/Positioning/MapGeneration/Mapping/build/ros2_laser_scan_merger': CMAKE_PREFIX_PATH=${CMAKE_PREFIX_PATH}:/opt/ros/jazzy /usr/bin/cmake --build /home/rudrh/Autonomous-Wheelchair-System/Positioning/MapGeneration/Mapping/build/ros2_laser_scan_merger -- -j20 -l20
[113.531s] [ 50%] [32mBuilding CXX object CMakeFiles/ros2_laser_scan_merger.dir/src/main.cpp.o[0m
[118.618s] [01m[K/home/rudrh/Autonomous-Wheelchair-System/Positioning/MapGeneration/Mapping/ros2_laser_scan_merger/src/main.cpp:[m[K In member function ‘[01m[Kvoid scanMerger::[01;32m[Kupdate_point_cloud_rgb[m[K()[m[K’:
[118.618s] [01m[K/home/rudrh/Autonomous-Wheelchair-System/Positioning/MapGeneration/Mapping/ros2_laser_scan_merger/src/main.cpp:76:57:[m[K [01;35m[Kwarning: [m[Kcomparison of integer expressions of different signedness: ‘[01m[Kint[m[K’ and ‘[01m[Kstd::vector<float>::size_type[m[K’ {aka ‘[01m[Klong unsigned int[m[K’} [[01;35m[K]8;;https://gcc.gnu.org/onlinedocs/gcc/Warning-Options.html#index-Wsign-compare-Wsign-compare]8;;[m[K]
[118.618s]    76 |       for (float i = temp_min_; i <= temp_max_ && [01;35m[Kcount < laser1_->ranges.size()[m[K;
[118.618s]       |                                                   [01;35m[K~~~~~~^~~~~~~~~~~~~~~~~~~~~~~~[m[K
[118.619s] [01m[K/home/rudrh/Autonomous-Wheelchair-System/Positioning/MapGeneration/Mapping/ros2_laser_scan_merger/src/main.cpp:158:57:[m[K [01;35m[Kwarning: [m[Kcomparison of integer expressions of different signedness: ‘[01m[Kint[m[K’ and ‘[01m[Kstd::vector<float>::size_type[m[K’ {aka ‘[01m[Klong unsigned int[m[K’} [[01;35m[K]8;;https://gcc.gnu.org/onlinedocs/gcc/Warning-Options.html#index-Wsign-compare-Wsign-compare]8;;[m[K]
[118.619s]   158 |       for (float i = temp_min_; i <= temp_max_ && [01;35m[Kcount < laser2_->ranges.size()[m[K;
[118.619s]       |                                                   [01;35m[K~~~~~~^~~~~~~~~~~~~~~~~~~~~~~~[m[K
[124.951s] [100%] [32m[1mLinking CXX executable ros2_laser_scan_merger[0m
[125.710s] [100%] Built target ros2_laser_scan_merger
[125.723s] Invoked command in '/home/rudrh/Autonomous-Wheelchair-System/Positioning/MapGeneration/Mapping/build/ros2_laser_scan_merger' returned '0': CMAKE_PREFIX_PATH=${CMAKE_PREFIX_PATH}:/opt/ros/jazzy /usr/bin/cmake --build /home/rudrh/Autonomous-Wheelchair-System/Positioning/MapGeneration/Mapping/build/ros2_laser_scan_merger -- -j20 -l20
[125.723s] Invoking command in '/home/rudrh/Autonomous-Wheelchair-System/Positioning/MapGeneration/Mapping/build/ros2_laser_scan_merger': CMAKE_PREFIX_PATH=${CMAKE_PREFIX_PATH}:/opt/ros/jazzy /usr/bin/cmake --install /home/rudrh/Autonomous-Wheelchair-System/Positioning/MapGeneration/Mapping/build/ros2_laser_scan_merger
[125.730s] -- Install configuration: ""
[125.731s] -- Execute custom install script
[125.732s] -- Symlinking: /home/rudrh/Autonomous-Wheelchair-System/Positioning/MapGeneration/Mapping/install/ros2_laser_scan_merger/share/ros2_laser_scan_merger/launch/merge_2_scan.launch.py
[125.741s] -- Symlinking: /home/rudrh/Autonomous-Wheelchair-System/Positioning/MapGeneration/Mapping/install/ros2_laser_scan_merger/share/ros2_laser_scan_merger/launch/visualize_merge_2_scan.launch.py
[125.749s] -- Symlinking: /home/rudrh/Autonomous-Wheelchair-System/Positioning/MapGeneration/Mapping/install/ros2_laser_scan_merger/share/ros2_laser_scan_merger/config/params.yaml
[125.758s] -- Symlinking: /home/rudrh/Autonomous-Wheelchair-System/Positioning/MapGeneration/Mapping/install/ros2_laser_scan_merger/share/ros2_laser_scan_merger/rviz/ros2_laser_scan_merge.rviz
[125.767s] -- Symlinking: /home/rudrh/Autonomous-Wheelchair-System/Positioning/MapGeneration/Mapping/install/ros2_laser_scan_merger/lib/ros2_laser_scan_merger/ros2_laser_scan_merger
[125.778s] -- Symlinking: /home/rudrh/Autonomous-Wheelchair-System/Positioning/MapGeneration/Mapping/install/ros2_laser_scan_merger/share/ament_index/resource_index/package_run_dependencies/ros2_laser_scan_merger
[125.787s] -- Symlinking: /home/rudrh/Autonomous-Wheelchair-System/Positioning/MapGeneration/Mapping/install/ros2_laser_scan_merger/share/ament_index/resource_index/parent_prefix_path/ros2_laser_scan_merger
[125.795s] -- Symlinking: /home/rudrh/Autonomous-Wheelchair-System/Positioning/MapGeneration/Mapping/install/ros2_laser_scan_merger/share/ros2_laser_scan_merger/environment/ament_prefix_path.sh
[125.803s] -- Symlinking: /home/rudrh/Autonomous-Wheelchair-System/Positioning/MapGeneration/Mapping/install/ros2_laser_scan_merger/share/ros2_laser_scan_merger/environment/ament_prefix_path.dsv
[125.811s] -- Symlinking: /home/rudrh/Autonomous-Wheelchair-System/Positioning/MapGeneration/Mapping/install/ros2_laser_scan_merger/share/ros2_laser_scan_merger/environment/path.sh
[125.819s] -- Symlinking: /home/rudrh/Autonomous-Wheelchair-System/Positioning/MapGeneration/Mapping/install/ros2_laser_scan_merger/share/ros2_laser_scan_merger/environment/path.dsv
[125.827s] -- Symlinking: /home/rudrh/Autonomous-Wheelchair-System/Positioning/MapGeneration/Mapping/install/ros2_laser_scan_merger/share/ros2_laser_scan_merger/local_setup.bash
[125.835s] -- Symlinking: /home/rudrh/Autonomous-Wheelchair-System/Positioning/MapGeneration/Mapping/install/ros2_laser_scan_merger/share/ros2_laser_scan_merger/local_setup.sh
[125.842s] -- Symlinking: /home/rudrh/Autonomous-Wheelchair-System/Positioning/MapGeneration/Mapping/install/ros2_laser_scan_merger/share/ros2_laser_scan_merger/local_setup.zsh
[125.851s] -- Symlinking: /home/rudrh/Autonomous-Wheelchair-System/Positioning/MapGeneration/Mapping/install/ros2_laser_scan_merger/share/ros2_laser_scan_merger/local_setup.dsv
[125.859s] -- Symlinking: /home/rudrh/Autonomous-Wheelchair-System/Positioning/MapGeneration/Mapping/install/ros2_laser_scan_merger/share/ros2_laser_scan_merger/package.dsv
[125.868s] -- Symlinking: /home/rudrh/Autonomous-Wheelchair-System/Positioning/MapGeneration/Mapping/install/ros2_laser_scan_merger/share/ament_index/resource_index/packages/ros2_laser_scan_merger
[125.877s] -- Symlinking: /home/rudrh/Autonomous-Wheelchair-System/Positioning/MapGeneration/Mapping/install/ros2_laser_scan_merger/share/ros2_laser_scan_merger/cmake/ros2_laser_scan_mergerConfig.cmake
[125.885s] -- Symlinking: /home/rudrh/Autonomous-Wheelchair-System/Positioning/MapGeneration/Mapping/install/ros2_laser_scan_merger/share/ros2_laser_scan_merger/cmake/ros2_laser_scan_mergerConfig-version.cmake
[125.893s] -- Symlinking: /home/rudrh/Autonomous-Wheelchair-System/Positioning/MapGeneration/Mapping/install/ros2_laser_scan_merger/share/ros2_laser_scan_merger/package.xml
[125.903s] Invoked command in '/home/rudrh/Autonomous-Wheelchair-System/Positioning/MapGeneration/Mapping/build/ros2_laser_scan_merger' returned '0': CMAKE_PREFIX_PATH=${CMAKE_PREFIX_PATH}:/opt/ros/jazzy /usr/bin/cmake --install /home/rudrh/Autonomous-Wheelchair-System/Positioning/MapGeneration/Mapping/build/ros2_laser_scan_merger
