[0.333s] DEBUG:colcon:Command line arguments: ['/usr/bin/colcon', 'build', '--symlink-install', '--base-paths', '.', 'sllidar_ros2', 'ros2_laser_scan_merger']
[0.333s] DEBUG:colcon:Parsed command line arguments: Namespace(log_base=None, log_level=None, verb_name='build', build_base='build', install_base='install', merge_install=False, symlink_install=True, test_result_base=None, continue_on_error=False, executor='parallel', parallel_workers=20, event_handlers=None, ignore_user_meta=False, metas=['./colcon.meta'], base_paths=['.', 'sllidar_ros2', 'ros2_laser_scan_merger'], packages_ignore=None, packages_ignore_regex=None, paths=None, packages_up_to=None, packages_up_to_regex=None, packages_above=None, packages_above_and_dependencies=None, packages_above_depth=None, packages_select_by_dep=None, packages_skip_by_dep=None, packages_skip_up_to=None, packages_select_build_failed=False, packages_skip_build_finished=False, packages_select_test_failures=False, packages_skip_test_passed=False, packages_select=None, packages_skip=None, packages_select_regex=None, packages_skip_regex=None, packages_start=None, packages_end=None, allow_overriding=[], cmake_args=None, cmake_target=None, cmake_target_skip_unavailable=False, cmake_clean_cache=False, cmake_clean_first=False, cmake_force_configure=False, ament_cmake_args=None, catkin_cmake_args=None, catkin_skip_building_tests=False, verb_parser=<colcon_defaults.argument_parser.defaults.DefaultArgumentsDecorator object at 0x7c1893f883e0>, verb_extension=<colcon_core.verb.build.BuildVerb object at 0x7c1893f88260>, main=<bound method BuildVerb.main of <colcon_core.verb.build.BuildVerb object at 0x7c1893f88260>>)
[0.386s] Level 1:colcon.colcon_core.package_discovery:discover_packages(colcon_meta) check parameters
[0.386s] Level 1:colcon.colcon_core.package_discovery:discover_packages(recursive) check parameters
[0.386s] Level 1:colcon.colcon_core.package_discovery:discover_packages(ignore) check parameters
[0.386s] Level 1:colcon.colcon_core.package_discovery:discover_packages(path) check parameters
[0.386s] Level 1:colcon.colcon_core.package_discovery:discover_packages(recursive) discover
[0.386s] INFO:colcon.colcon_core.package_discovery:Crawling recursively for packages in '/home/rudrh/Autonomous-Wheelchair-System/Positioning/MapGeneration/Mapping', '/home/rudrh/Autonomous-Wheelchair-System/Positioning/MapGeneration/Mapping/sllidar_ros2', '/home/rudrh/Autonomous-Wheelchair-System/Positioning/MapGeneration/Mapping/ros2_laser_scan_merger'
[0.386s] Level 1:colcon.colcon_core.package_identification:_identify(.) by extensions ['ignore', 'ignore_ament_install']
[0.386s] Level 1:colcon.colcon_core.package_identification:_identify(.) by extension 'ignore'
[0.386s] Level 1:colcon.colcon_core.package_identification:_identify(.) by extension 'ignore_ament_install'
[0.386s] Level 1:colcon.colcon_core.package_identification:_identify(.) by extensions ['colcon_pkg']
[0.387s] Level 1:colcon.colcon_core.package_identification:_identify(.) by extension 'colcon_pkg'
[0.387s] Level 1:colcon.colcon_core.package_identification:_identify(.) by extensions ['colcon_meta']
[0.387s] Level 1:colcon.colcon_core.package_identification:_identify(.) by extension 'colcon_meta'
[0.387s] Level 1:colcon.colcon_core.package_identification:_identify(.) by extensions ['ros']
[0.387s] Level 1:colcon.colcon_core.package_identification:_identify(.) by extension 'ros'
[0.425s] DEBUG:colcon.colcon_core.package_identification:Package '.' with type 'ros.ament_python' and name 'map_generator'
[0.425s] Level 1:colcon.colcon_core.package_identification:_identify(sllidar_ros2) by extensions ['ignore', 'ignore_ament_install']
[0.425s] Level 1:colcon.colcon_core.package_identification:_identify(sllidar_ros2) by extension 'ignore'
[0.425s] Level 1:colcon.colcon_core.package_identification:_identify(sllidar_ros2) by extension 'ignore_ament_install'
[0.426s] Level 1:colcon.colcon_core.package_identification:_identify(sllidar_ros2) by extensions ['colcon_pkg']
[0.426s] Level 1:colcon.colcon_core.package_identification:_identify(sllidar_ros2) by extension 'colcon_pkg'
[0.426s] Level 1:colcon.colcon_core.package_identification:_identify(sllidar_ros2) by extensions ['colcon_meta']
[0.426s] Level 1:colcon.colcon_core.package_identification:_identify(sllidar_ros2) by extension 'colcon_meta'
[0.426s] Level 1:colcon.colcon_core.package_identification:_identify(sllidar_ros2) by extensions ['ros']
[0.426s] Level 1:colcon.colcon_core.package_identification:_identify(sllidar_ros2) by extension 'ros'
[0.427s] DEBUG:colcon.colcon_core.package_identification:Package 'sllidar_ros2' with type 'ros.ament_cmake' and name 'sllidar_ros2'
[0.427s] Level 1:colcon.colcon_core.package_identification:_identify(ros2_laser_scan_merger) by extensions ['ignore', 'ignore_ament_install']
[0.427s] Level 1:colcon.colcon_core.package_identification:_identify(ros2_laser_scan_merger) by extension 'ignore'
[0.427s] Level 1:colcon.colcon_core.package_identification:_identify(ros2_laser_scan_merger) by extension 'ignore_ament_install'
[0.427s] Level 1:colcon.colcon_core.package_identification:_identify(ros2_laser_scan_merger) by extensions ['colcon_pkg']
[0.427s] Level 1:colcon.colcon_core.package_identification:_identify(ros2_laser_scan_merger) by extension 'colcon_pkg'
[0.428s] Level 1:colcon.colcon_core.package_identification:_identify(ros2_laser_scan_merger) by extensions ['colcon_meta']
[0.428s] Level 1:colcon.colcon_core.package_identification:_identify(ros2_laser_scan_merger) by extension 'colcon_meta'
[0.428s] Level 1:colcon.colcon_core.package_identification:_identify(ros2_laser_scan_merger) by extensions ['ros']
[0.428s] Level 1:colcon.colcon_core.package_identification:_identify(ros2_laser_scan_merger) by extension 'ros'
[0.429s] DEBUG:colcon.colcon_core.package_identification:Package 'ros2_laser_scan_merger' with type 'ros.ament_cmake' and name 'ros2_laser_scan_merger'
[0.429s] Level 1:colcon.colcon_core.package_discovery:discover_packages(recursive) using defaults
[0.451s] Level 1:colcon.colcon_core.package_discovery:discover_packages(prefix_path) check parameters
[0.451s] Level 1:colcon.colcon_core.package_discovery:discover_packages(prefix_path) discover
[0.455s] DEBUG:colcon.colcon_installed_package_information.package_discovery:Found 439 installed packages in /opt/ros/jazzy
[0.456s] Level 1:colcon.colcon_core.package_discovery:discover_packages(prefix_path) using defaults
[0.526s] Level 5:colcon.colcon_core.verb:set package 'ros2_laser_scan_merger' build argument 'cmake_args' from command line to 'None'
[0.527s] Level 5:colcon.colcon_core.verb:set package 'ros2_laser_scan_merger' build argument 'cmake_target' from command line to 'None'
[0.527s] Level 5:colcon.colcon_core.verb:set package 'ros2_laser_scan_merger' build argument 'cmake_target_skip_unavailable' from command line to 'False'
[0.527s] Level 5:colcon.colcon_core.verb:set package 'ros2_laser_scan_merger' build argument 'cmake_clean_cache' from command line to 'False'
[0.527s] Level 5:colcon.colcon_core.verb:set package 'ros2_laser_scan_merger' build argument 'cmake_clean_first' from command line to 'False'
[0.527s] Level 5:colcon.colcon_core.verb:set package 'ros2_laser_scan_merger' build argument 'cmake_force_configure' from command line to 'False'
[0.527s] Level 5:colcon.colcon_core.verb:set package 'ros2_laser_scan_merger' build argument 'ament_cmake_args' from command line to 'None'
[0.527s] Level 5:colcon.colcon_core.verb:set package 'ros2_laser_scan_merger' build argument 'catkin_cmake_args' from command line to 'None'
[0.527s] Level 5:colcon.colcon_core.verb:set package 'ros2_laser_scan_merger' build argument 'catkin_skip_building_tests' from command line to 'False'
[0.527s] DEBUG:colcon.colcon_core.verb:Building package 'ros2_laser_scan_merger' with the following arguments: {'ament_cmake_args': None, 'build_base': '/home/rudrh/Autonomous-Wheelchair-System/Positioning/MapGeneration/Mapping/build/ros2_laser_scan_merger', 'catkin_cmake_args': None, 'catkin_skip_building_tests': False, 'cmake_args': None, 'cmake_clean_cache': False, 'cmake_clean_first': False, 'cmake_force_configure': False, 'cmake_target': None, 'cmake_target_skip_unavailable': False, 'install_base': '/home/rudrh/Autonomous-Wheelchair-System/Positioning/MapGeneration/Mapping/install/ros2_laser_scan_merger', 'merge_install': False, 'path': '/home/rudrh/Autonomous-Wheelchair-System/Positioning/MapGeneration/Mapping/ros2_laser_scan_merger', 'symlink_install': True, 'test_result_base': None}
[0.528s] Level 5:colcon.colcon_core.verb:set package 'sllidar_ros2' build argument 'cmake_args' from command line to 'None'
[0.528s] Level 5:colcon.colcon_core.verb:set package 'sllidar_ros2' build argument 'cmake_target' from command line to 'None'
[0.528s] Level 5:colcon.colcon_core.verb:set package 'sllidar_ros2' build argument 'cmake_target_skip_unavailable' from command line to 'False'
[0.528s] Level 5:colcon.colcon_core.verb:set package 'sllidar_ros2' build argument 'cmake_clean_cache' from command line to 'False'
[0.528s] Level 5:colcon.colcon_core.verb:set package 'sllidar_ros2' build argument 'cmake_clean_first' from command line to 'False'
[0.528s] Level 5:colcon.colcon_core.verb:set package 'sllidar_ros2' build argument 'cmake_force_configure' from command line to 'False'
[0.528s] Level 5:colcon.colcon_core.verb:set package 'sllidar_ros2' build argument 'ament_cmake_args' from command line to 'None'
[0.528s] Level 5:colcon.colcon_core.verb:set package 'sllidar_ros2' build argument 'catkin_cmake_args' from command line to 'None'
[0.528s] Level 5:colcon.colcon_core.verb:set package 'sllidar_ros2' build argument 'catkin_skip_building_tests' from command line to 'False'
[0.528s] DEBUG:colcon.colcon_core.verb:Building package 'sllidar_ros2' with the following arguments: {'ament_cmake_args': None, 'build_base': '/home/rudrh/Autonomous-Wheelchair-System/Positioning/MapGeneration/Mapping/build/sllidar_ros2', 'catkin_cmake_args': None, 'catkin_skip_building_tests': False, 'cmake_args': None, 'cmake_clean_cache': False, 'cmake_clean_first': False, 'cmake_force_configure': False, 'cmake_target': None, 'cmake_target_skip_unavailable': False, 'install_base': '/home/rudrh/Autonomous-Wheelchair-System/Positioning/MapGeneration/Mapping/install/sllidar_ros2', 'merge_install': False, 'path': '/home/rudrh/Autonomous-Wheelchair-System/Positioning/MapGeneration/Mapping/sllidar_ros2', 'symlink_install': True, 'test_result_base': None}
[0.528s] Level 5:colcon.colcon_core.verb:set package 'map_generator' build argument 'cmake_args' from command line to 'None'
[0.528s] Level 5:colcon.colcon_core.verb:set package 'map_generator' build argument 'cmake_target' from command line to 'None'
[0.528s] Level 5:colcon.colcon_core.verb:set package 'map_generator' build argument 'cmake_target_skip_unavailable' from command line to 'False'
[0.528s] Level 5:colcon.colcon_core.verb:set package 'map_generator' build argument 'cmake_clean_cache' from command line to 'False'
[0.528s] Level 5:colcon.colcon_core.verb:set package 'map_generator' build argument 'cmake_clean_first' from command line to 'False'
[0.528s] Level 5:colcon.colcon_core.verb:set package 'map_generator' build argument 'cmake_force_configure' from command line to 'False'
[0.528s] Level 5:colcon.colcon_core.verb:set package 'map_generator' build argument 'ament_cmake_args' from command line to 'None'
[0.528s] Level 5:colcon.colcon_core.verb:set package 'map_generator' build argument 'catkin_cmake_args' from command line to 'None'
[0.528s] Level 5:colcon.colcon_core.verb:set package 'map_generator' build argument 'catkin_skip_building_tests' from command line to 'False'
[0.528s] DEBUG:colcon.colcon_core.verb:Building package 'map_generator' with the following arguments: {'ament_cmake_args': None, 'build_base': '/home/rudrh/Autonomous-Wheelchair-System/Positioning/MapGeneration/Mapping/build/map_generator', 'catkin_cmake_args': None, 'catkin_skip_building_tests': False, 'cmake_args': None, 'cmake_clean_cache': False, 'cmake_clean_first': False, 'cmake_force_configure': False, 'cmake_target': None, 'cmake_target_skip_unavailable': False, 'install_base': '/home/rudrh/Autonomous-Wheelchair-System/Positioning/MapGeneration/Mapping/install/map_generator', 'merge_install': False, 'path': '/home/rudrh/Autonomous-Wheelchair-System/Positioning/MapGeneration/Mapping', 'symlink_install': True, 'test_result_base': None}
[0.529s] INFO:colcon.colcon_core.executor:Executing jobs using 'parallel' executor
[0.530s] DEBUG:colcon.colcon_parallel_executor.executor.parallel:run_until_complete
[0.531s] INFO:colcon.colcon_ros.task.ament_cmake.build:Building ROS package in '/home/rudrh/Autonomous-Wheelchair-System/Positioning/MapGeneration/Mapping/ros2_laser_scan_merger' with build type 'ament_cmake'
[0.531s] INFO:colcon.colcon_cmake.task.cmake.build:Building CMake package in '/home/rudrh/Autonomous-Wheelchair-System/Positioning/MapGeneration/Mapping/ros2_laser_scan_merger'
[0.534s] INFO:colcon.colcon_core.plugin_system:Skipping extension 'colcon_core.shell.bat': Not used on non-Windows systems
[0.534s] INFO:colcon.colcon_core.shell:Skip shell extension 'powershell' for command environment: Not usable outside of PowerShell
[0.534s] DEBUG:colcon.colcon_core.shell:Skip shell extension 'dsv' for command environment
[0.539s] INFO:colcon.colcon_ros.task.ament_cmake.build:Building ROS package in '/home/rudrh/Autonomous-Wheelchair-System/Positioning/MapGeneration/Mapping/sllidar_ros2' with build type 'ament_cmake'
[0.539s] INFO:colcon.colcon_cmake.task.cmake.build:Building CMake package in '/home/rudrh/Autonomous-Wheelchair-System/Positioning/MapGeneration/Mapping/sllidar_ros2'
[0.540s] INFO:colcon.colcon_core.shell:Skip shell extension 'powershell' for command environment: Not usable outside of PowerShell
[0.540s] DEBUG:colcon.colcon_core.shell:Skip shell extension 'dsv' for command environment
[0.552s] DEBUG:colcon.colcon_core.event_handler.log_command:Invoking command in '/home/rudrh/Autonomous-Wheelchair-System/Positioning/MapGeneration/Mapping/build/ros2_laser_scan_merger': CMAKE_PREFIX_PATH=${CMAKE_PREFIX_PATH}:/opt/ros/jazzy /usr/bin/cmake /home/rudrh/Autonomous-Wheelchair-System/Positioning/MapGeneration/Mapping/ros2_laser_scan_merger -DAMENT_CMAKE_SYMLINK_INSTALL=1 -DCMAKE_INSTALL_PREFIX=/home/rudrh/Autonomous-Wheelchair-System/Positioning/MapGeneration/Mapping/install/ros2_laser_scan_merger
[0.561s] DEBUG:colcon.colcon_core.event_handler.log_command:Invoking command in '/home/rudrh/Autonomous-Wheelchair-System/Positioning/MapGeneration/Mapping/build/sllidar_ros2': CMAKE_PREFIX_PATH=${CMAKE_PREFIX_PATH}:/opt/ros/jazzy /usr/bin/cmake /home/rudrh/Autonomous-Wheelchair-System/Positioning/MapGeneration/Mapping/sllidar_ros2 -DAMENT_CMAKE_SYMLINK_INSTALL=1 -DCMAKE_INSTALL_PREFIX=/home/rudrh/Autonomous-Wheelchair-System/Positioning/MapGeneration/Mapping/install/sllidar_ros2
[6.947s] DEBUG:colcon.colcon_core.event_handler.log_command:Invoked command in '/home/rudrh/Autonomous-Wheelchair-System/Positioning/MapGeneration/Mapping/build/sllidar_ros2' returned '0': CMAKE_PREFIX_PATH=${CMAKE_PREFIX_PATH}:/opt/ros/jazzy /usr/bin/cmake /home/rudrh/Autonomous-Wheelchair-System/Positioning/MapGeneration/Mapping/sllidar_ros2 -DAMENT_CMAKE_SYMLINK_INSTALL=1 -DCMAKE_INSTALL_PREFIX=/home/rudrh/Autonomous-Wheelchair-System/Positioning/MapGeneration/Mapping/install/sllidar_ros2
[6.948s] DEBUG:colcon.colcon_core.event_handler.log_command:Invoking command in '/home/rudrh/Autonomous-Wheelchair-System/Positioning/MapGeneration/Mapping/build/sllidar_ros2': CMAKE_PREFIX_PATH=${CMAKE_PREFIX_PATH}:/opt/ros/jazzy /usr/bin/cmake --build /home/rudrh/Autonomous-Wheelchair-System/Positioning/MapGeneration/Mapping/build/sllidar_ros2 -- -j20 -l20
[16.218s] DEBUG:colcon.colcon_core.event_handler.log_command:Invoked command in '/home/rudrh/Autonomous-Wheelchair-System/Positioning/MapGeneration/Mapping/build/sllidar_ros2' returned '0': CMAKE_PREFIX_PATH=${CMAKE_PREFIX_PATH}:/opt/ros/jazzy /usr/bin/cmake --build /home/rudrh/Autonomous-Wheelchair-System/Positioning/MapGeneration/Mapping/build/sllidar_ros2 -- -j20 -l20
[16.230s] DEBUG:colcon.colcon_core.event_handler.log_command:Invoking command in '/home/rudrh/Autonomous-Wheelchair-System/Positioning/MapGeneration/Mapping/build/sllidar_ros2': CMAKE_PREFIX_PATH=${CMAKE_PREFIX_PATH}:/opt/ros/jazzy /usr/bin/cmake --install /home/rudrh/Autonomous-Wheelchair-System/Positioning/MapGeneration/Mapping/build/sllidar_ros2
[16.746s] Level 1:colcon.colcon_core.environment:create_environment_scripts_only(sllidar_ros2)
[16.746s] DEBUG:colcon.colcon_core.event_handler.log_command:Invoked command in '/home/rudrh/Autonomous-Wheelchair-System/Positioning/MapGeneration/Mapping/build/sllidar_ros2' returned '0': CMAKE_PREFIX_PATH=${CMAKE_PREFIX_PATH}:/opt/ros/jazzy /usr/bin/cmake --install /home/rudrh/Autonomous-Wheelchair-System/Positioning/MapGeneration/Mapping/build/sllidar_ros2
[16.749s] Level 1:colcon.colcon_core.environment:checking '/home/rudrh/Autonomous-Wheelchair-System/Positioning/MapGeneration/Mapping/install/sllidar_ros2' for CMake module files
[16.749s] Level 1:colcon.colcon_core.environment:checking '/home/rudrh/Autonomous-Wheelchair-System/Positioning/MapGeneration/Mapping/install/sllidar_ros2' for CMake config files
[16.750s] Level 1:colcon.colcon_core.shell:create_environment_hook('sllidar_ros2', 'cmake_prefix_path')
[16.750s] INFO:colcon.colcon_core.shell:Creating environment hook '/home/rudrh/Autonomous-Wheelchair-System/Positioning/MapGeneration/Mapping/install/sllidar_ros2/share/sllidar_ros2/hook/cmake_prefix_path.ps1'
[16.751s] INFO:colcon.colcon_core.shell:Creating environment descriptor '/home/rudrh/Autonomous-Wheelchair-System/Positioning/MapGeneration/Mapping/install/sllidar_ros2/share/sllidar_ros2/hook/cmake_prefix_path.dsv'
[16.751s] INFO:colcon.colcon_core.shell:Creating environment hook '/home/rudrh/Autonomous-Wheelchair-System/Positioning/MapGeneration/Mapping/install/sllidar_ros2/share/sllidar_ros2/hook/cmake_prefix_path.sh'
[16.752s] Level 1:colcon.colcon_core.environment:checking '/home/rudrh/Autonomous-Wheelchair-System/Positioning/MapGeneration/Mapping/install/sllidar_ros2/lib'
[16.752s] Level 1:colcon.colcon_core.environment:checking '/home/rudrh/Autonomous-Wheelchair-System/Positioning/MapGeneration/Mapping/install/sllidar_ros2/bin'
[16.752s] Level 1:colcon.colcon_core.environment:checking '/home/rudrh/Autonomous-Wheelchair-System/Positioning/MapGeneration/Mapping/install/sllidar_ros2/lib/pkgconfig/sllidar_ros2.pc'
[16.752s] Level 1:colcon.colcon_core.environment:checking '/home/rudrh/Autonomous-Wheelchair-System/Positioning/MapGeneration/Mapping/install/sllidar_ros2/lib/python3.12/site-packages'
[16.753s] Level 1:colcon.colcon_core.environment:checking '/home/rudrh/Autonomous-Wheelchair-System/Positioning/MapGeneration/Mapping/install/sllidar_ros2/bin'
[16.753s] INFO:colcon.colcon_core.shell:Creating package script '/home/rudrh/Autonomous-Wheelchair-System/Positioning/MapGeneration/Mapping/install/sllidar_ros2/share/sllidar_ros2/package.ps1'
[16.754s] INFO:colcon.colcon_core.shell:Creating package descriptor '/home/rudrh/Autonomous-Wheelchair-System/Positioning/MapGeneration/Mapping/install/sllidar_ros2/share/sllidar_ros2/package.dsv'
[16.755s] INFO:colcon.colcon_core.shell:Creating package script '/home/rudrh/Autonomous-Wheelchair-System/Positioning/MapGeneration/Mapping/install/sllidar_ros2/share/sllidar_ros2/package.sh'
[16.755s] INFO:colcon.colcon_core.shell:Creating package script '/home/rudrh/Autonomous-Wheelchair-System/Positioning/MapGeneration/Mapping/install/sllidar_ros2/share/sllidar_ros2/package.bash'
[16.756s] INFO:colcon.colcon_core.shell:Creating package script '/home/rudrh/Autonomous-Wheelchair-System/Positioning/MapGeneration/Mapping/install/sllidar_ros2/share/sllidar_ros2/package.zsh'
[16.756s] Level 1:colcon.colcon_core.environment:create_file_with_runtime_dependencies(/home/rudrh/Autonomous-Wheelchair-System/Positioning/MapGeneration/Mapping/install/sllidar_ros2/share/colcon-core/packages/sllidar_ros2)
[16.758s] Level 1:colcon.colcon_core.environment:create_environment_scripts_only(sllidar_ros2)
[16.758s] Level 1:colcon.colcon_core.environment:checking '/home/rudrh/Autonomous-Wheelchair-System/Positioning/MapGeneration/Mapping/install/sllidar_ros2' for CMake module files
[16.758s] Level 1:colcon.colcon_core.environment:checking '/home/rudrh/Autonomous-Wheelchair-System/Positioning/MapGeneration/Mapping/install/sllidar_ros2' for CMake config files
[16.759s] Level 1:colcon.colcon_core.shell:create_environment_hook('sllidar_ros2', 'cmake_prefix_path')
[16.759s] INFO:colcon.colcon_core.shell:Creating environment hook '/home/rudrh/Autonomous-Wheelchair-System/Positioning/MapGeneration/Mapping/install/sllidar_ros2/share/sllidar_ros2/hook/cmake_prefix_path.ps1'
[16.759s] INFO:colcon.colcon_core.shell:Creating environment descriptor '/home/rudrh/Autonomous-Wheelchair-System/Positioning/MapGeneration/Mapping/install/sllidar_ros2/share/sllidar_ros2/hook/cmake_prefix_path.dsv'
[16.760s] INFO:colcon.colcon_core.shell:Creating environment hook '/home/rudrh/Autonomous-Wheelchair-System/Positioning/MapGeneration/Mapping/install/sllidar_ros2/share/sllidar_ros2/hook/cmake_prefix_path.sh'
[16.760s] Level 1:colcon.colcon_core.environment:checking '/home/rudrh/Autonomous-Wheelchair-System/Positioning/MapGeneration/Mapping/install/sllidar_ros2/lib'
[16.760s] Level 1:colcon.colcon_core.environment:checking '/home/rudrh/Autonomous-Wheelchair-System/Positioning/MapGeneration/Mapping/install/sllidar_ros2/bin'
[16.761s] Level 1:colcon.colcon_core.environment:checking '/home/rudrh/Autonomous-Wheelchair-System/Positioning/MapGeneration/Mapping/install/sllidar_ros2/lib/pkgconfig/sllidar_ros2.pc'
[16.761s] Level 1:colcon.colcon_core.environment:checking '/home/rudrh/Autonomous-Wheelchair-System/Positioning/MapGeneration/Mapping/install/sllidar_ros2/lib/python3.12/site-packages'
[16.761s] Level 1:colcon.colcon_core.environment:checking '/home/rudrh/Autonomous-Wheelchair-System/Positioning/MapGeneration/Mapping/install/sllidar_ros2/bin'
[16.761s] INFO:colcon.colcon_core.shell:Creating package script '/home/rudrh/Autonomous-Wheelchair-System/Positioning/MapGeneration/Mapping/install/sllidar_ros2/share/sllidar_ros2/package.ps1'
[16.762s] INFO:colcon.colcon_core.shell:Creating package descriptor '/home/rudrh/Autonomous-Wheelchair-System/Positioning/MapGeneration/Mapping/install/sllidar_ros2/share/sllidar_ros2/package.dsv'
[16.763s] INFO:colcon.colcon_core.shell:Creating package script '/home/rudrh/Autonomous-Wheelchair-System/Positioning/MapGeneration/Mapping/install/sllidar_ros2/share/sllidar_ros2/package.sh'
[16.763s] INFO:colcon.colcon_core.shell:Creating package script '/home/rudrh/Autonomous-Wheelchair-System/Positioning/MapGeneration/Mapping/install/sllidar_ros2/share/sllidar_ros2/package.bash'
[16.764s] INFO:colcon.colcon_core.shell:Creating package script '/home/rudrh/Autonomous-Wheelchair-System/Positioning/MapGeneration/Mapping/install/sllidar_ros2/share/sllidar_ros2/package.zsh'
[16.764s] Level 1:colcon.colcon_core.environment:create_file_with_runtime_dependencies(/home/rudrh/Autonomous-Wheelchair-System/Positioning/MapGeneration/Mapping/install/sllidar_ros2/share/colcon-core/packages/sllidar_ros2)
[127.512s] DEBUG:colcon.colcon_core.event_handler.log_command:Invoked command in '/home/rudrh/Autonomous-Wheelchair-System/Positioning/MapGeneration/Mapping/build/ros2_laser_scan_merger' returned '0': CMAKE_PREFIX_PATH=${CMAKE_PREFIX_PATH}:/opt/ros/jazzy /usr/bin/cmake /home/rudrh/Autonomous-Wheelchair-System/Positioning/MapGeneration/Mapping/ros2_laser_scan_merger -DAMENT_CMAKE_SYMLINK_INSTALL=1 -DCMAKE_INSTALL_PREFIX=/home/rudrh/Autonomous-Wheelchair-System/Positioning/MapGeneration/Mapping/install/ros2_laser_scan_merger
[127.515s] DEBUG:colcon.colcon_core.event_handler.log_command:Invoking command in '/home/rudrh/Autonomous-Wheelchair-System/Positioning/MapGeneration/Mapping/build/ros2_laser_scan_merger': CMAKE_PREFIX_PATH=${CMAKE_PREFIX_PATH}:/opt/ros/jazzy /usr/bin/cmake --build /home/rudrh/Autonomous-Wheelchair-System/Positioning/MapGeneration/Mapping/build/ros2_laser_scan_merger -- -j20 -l20
[144.959s] DEBUG:colcon.colcon_core.event_handler.log_command:Invoked command in '/home/rudrh/Autonomous-Wheelchair-System/Positioning/MapGeneration/Mapping/build/ros2_laser_scan_merger' returned '0': CMAKE_PREFIX_PATH=${CMAKE_PREFIX_PATH}:/opt/ros/jazzy /usr/bin/cmake --build /home/rudrh/Autonomous-Wheelchair-System/Positioning/MapGeneration/Mapping/build/ros2_laser_scan_merger -- -j20 -l20
[144.961s] DEBUG:colcon.colcon_core.event_handler.log_command:Invoking command in '/home/rudrh/Autonomous-Wheelchair-System/Positioning/MapGeneration/Mapping/build/ros2_laser_scan_merger': CMAKE_PREFIX_PATH=${CMAKE_PREFIX_PATH}:/opt/ros/jazzy /usr/bin/cmake --install /home/rudrh/Autonomous-Wheelchair-System/Positioning/MapGeneration/Mapping/build/ros2_laser_scan_merger
[145.235s] Level 1:colcon.colcon_core.environment:create_environment_scripts_only(ros2_laser_scan_merger)
[145.235s] Level 1:colcon.colcon_core.environment:checking '/home/rudrh/Autonomous-Wheelchair-System/Positioning/MapGeneration/Mapping/install/ros2_laser_scan_merger' for CMake module files
[145.236s] DEBUG:colcon.colcon_core.event_handler.log_command:Invoked command in '/home/rudrh/Autonomous-Wheelchair-System/Positioning/MapGeneration/Mapping/build/ros2_laser_scan_merger' returned '0': CMAKE_PREFIX_PATH=${CMAKE_PREFIX_PATH}:/opt/ros/jazzy /usr/bin/cmake --install /home/rudrh/Autonomous-Wheelchair-System/Positioning/MapGeneration/Mapping/build/ros2_laser_scan_merger
[145.237s] Level 1:colcon.colcon_core.environment:checking '/home/rudrh/Autonomous-Wheelchair-System/Positioning/MapGeneration/Mapping/install/ros2_laser_scan_merger' for CMake config files
[145.237s] Level 1:colcon.colcon_core.shell:create_environment_hook('ros2_laser_scan_merger', 'cmake_prefix_path')
[145.237s] INFO:colcon.colcon_core.shell:Creating environment hook '/home/rudrh/Autonomous-Wheelchair-System/Positioning/MapGeneration/Mapping/install/ros2_laser_scan_merger/share/ros2_laser_scan_merger/hook/cmake_prefix_path.ps1'
[145.238s] INFO:colcon.colcon_core.shell:Creating environment descriptor '/home/rudrh/Autonomous-Wheelchair-System/Positioning/MapGeneration/Mapping/install/ros2_laser_scan_merger/share/ros2_laser_scan_merger/hook/cmake_prefix_path.dsv'
[145.239s] INFO:colcon.colcon_core.shell:Creating environment hook '/home/rudrh/Autonomous-Wheelchair-System/Positioning/MapGeneration/Mapping/install/ros2_laser_scan_merger/share/ros2_laser_scan_merger/hook/cmake_prefix_path.sh'
[145.239s] Level 1:colcon.colcon_core.environment:checking '/home/rudrh/Autonomous-Wheelchair-System/Positioning/MapGeneration/Mapping/install/ros2_laser_scan_merger/lib'
[145.239s] Level 1:colcon.colcon_core.environment:checking '/home/rudrh/Autonomous-Wheelchair-System/Positioning/MapGeneration/Mapping/install/ros2_laser_scan_merger/bin'
[145.240s] Level 1:colcon.colcon_core.environment:checking '/home/rudrh/Autonomous-Wheelchair-System/Positioning/MapGeneration/Mapping/install/ros2_laser_scan_merger/lib/pkgconfig/ros2_laser_scan_merger.pc'
[145.240s] Level 1:colcon.colcon_core.environment:checking '/home/rudrh/Autonomous-Wheelchair-System/Positioning/MapGeneration/Mapping/install/ros2_laser_scan_merger/lib/python3.12/site-packages'
[145.240s] Level 1:colcon.colcon_core.environment:checking '/home/rudrh/Autonomous-Wheelchair-System/Positioning/MapGeneration/Mapping/install/ros2_laser_scan_merger/bin'
[145.240s] INFO:colcon.colcon_core.shell:Creating package script '/home/rudrh/Autonomous-Wheelchair-System/Positioning/MapGeneration/Mapping/install/ros2_laser_scan_merger/share/ros2_laser_scan_merger/package.ps1'
[145.241s] INFO:colcon.colcon_core.shell:Creating package descriptor '/home/rudrh/Autonomous-Wheelchair-System/Positioning/MapGeneration/Mapping/install/ros2_laser_scan_merger/share/ros2_laser_scan_merger/package.dsv'
[145.242s] INFO:colcon.colcon_core.shell:Creating package script '/home/rudrh/Autonomous-Wheelchair-System/Positioning/MapGeneration/Mapping/install/ros2_laser_scan_merger/share/ros2_laser_scan_merger/package.sh'
[145.242s] INFO:colcon.colcon_core.shell:Creating package script '/home/rudrh/Autonomous-Wheelchair-System/Positioning/MapGeneration/Mapping/install/ros2_laser_scan_merger/share/ros2_laser_scan_merger/package.bash'
[145.242s] INFO:colcon.colcon_core.shell:Creating package script '/home/rudrh/Autonomous-Wheelchair-System/Positioning/MapGeneration/Mapping/install/ros2_laser_scan_merger/share/ros2_laser_scan_merger/package.zsh'
[145.243s] Level 1:colcon.colcon_core.environment:create_file_with_runtime_dependencies(/home/rudrh/Autonomous-Wheelchair-System/Positioning/MapGeneration/Mapping/install/ros2_laser_scan_merger/share/colcon-core/packages/ros2_laser_scan_merger)
[145.244s] Level 1:colcon.colcon_core.environment:create_environment_scripts_only(ros2_laser_scan_merger)
[145.244s] Level 1:colcon.colcon_core.environment:checking '/home/rudrh/Autonomous-Wheelchair-System/Positioning/MapGeneration/Mapping/install/ros2_laser_scan_merger' for CMake module files
[145.244s] Level 1:colcon.colcon_core.environment:checking '/home/rudrh/Autonomous-Wheelchair-System/Positioning/MapGeneration/Mapping/install/ros2_laser_scan_merger' for CMake config files
[145.245s] Level 1:colcon.colcon_core.shell:create_environment_hook('ros2_laser_scan_merger', 'cmake_prefix_path')
[145.245s] INFO:colcon.colcon_core.shell:Creating environment hook '/home/rudrh/Autonomous-Wheelchair-System/Positioning/MapGeneration/Mapping/install/ros2_laser_scan_merger/share/ros2_laser_scan_merger/hook/cmake_prefix_path.ps1'
[145.246s] INFO:colcon.colcon_core.shell:Creating environment descriptor '/home/rudrh/Autonomous-Wheelchair-System/Positioning/MapGeneration/Mapping/install/ros2_laser_scan_merger/share/ros2_laser_scan_merger/hook/cmake_prefix_path.dsv'
[145.246s] INFO:colcon.colcon_core.shell:Creating environment hook '/home/rudrh/Autonomous-Wheelchair-System/Positioning/MapGeneration/Mapping/install/ros2_laser_scan_merger/share/ros2_laser_scan_merger/hook/cmake_prefix_path.sh'
[145.247s] Level 1:colcon.colcon_core.environment:checking '/home/rudrh/Autonomous-Wheelchair-System/Positioning/MapGeneration/Mapping/install/ros2_laser_scan_merger/lib'
[145.247s] Level 1:colcon.colcon_core.environment:checking '/home/rudrh/Autonomous-Wheelchair-System/Positioning/MapGeneration/Mapping/install/ros2_laser_scan_merger/bin'
[145.247s] Level 1:colcon.colcon_core.environment:checking '/home/rudrh/Autonomous-Wheelchair-System/Positioning/MapGeneration/Mapping/install/ros2_laser_scan_merger/lib/pkgconfig/ros2_laser_scan_merger.pc'
[145.247s] Level 1:colcon.colcon_core.environment:checking '/home/rudrh/Autonomous-Wheelchair-System/Positioning/MapGeneration/Mapping/install/ros2_laser_scan_merger/lib/python3.12/site-packages'
[145.248s] Level 1:colcon.colcon_core.environment:checking '/home/rudrh/Autonomous-Wheelchair-System/Positioning/MapGeneration/Mapping/install/ros2_laser_scan_merger/bin'
[145.248s] INFO:colcon.colcon_core.shell:Creating package script '/home/rudrh/Autonomous-Wheelchair-System/Positioning/MapGeneration/Mapping/install/ros2_laser_scan_merger/share/ros2_laser_scan_merger/package.ps1'
[145.249s] INFO:colcon.colcon_core.shell:Creating package descriptor '/home/rudrh/Autonomous-Wheelchair-System/Positioning/MapGeneration/Mapping/install/ros2_laser_scan_merger/share/ros2_laser_scan_merger/package.dsv'
[145.249s] INFO:colcon.colcon_core.shell:Creating package script '/home/rudrh/Autonomous-Wheelchair-System/Positioning/MapGeneration/Mapping/install/ros2_laser_scan_merger/share/ros2_laser_scan_merger/package.sh'
[145.250s] INFO:colcon.colcon_core.shell:Creating package script '/home/rudrh/Autonomous-Wheelchair-System/Positioning/MapGeneration/Mapping/install/ros2_laser_scan_merger/share/ros2_laser_scan_merger/package.bash'
[145.251s] INFO:colcon.colcon_core.shell:Creating package script '/home/rudrh/Autonomous-Wheelchair-System/Positioning/MapGeneration/Mapping/install/ros2_laser_scan_merger/share/ros2_laser_scan_merger/package.zsh'
[145.251s] Level 1:colcon.colcon_core.environment:create_file_with_runtime_dependencies(/home/rudrh/Autonomous-Wheelchair-System/Positioning/MapGeneration/Mapping/install/ros2_laser_scan_merger/share/colcon-core/packages/ros2_laser_scan_merger)
[145.252s] INFO:colcon.colcon_ros.task.ament_python.build:Building ROS package in '/home/rudrh/Autonomous-Wheelchair-System/Positioning/MapGeneration/Mapping' with build type 'ament_python'
[145.252s] Level 1:colcon.colcon_core.shell:create_environment_hook('map_generator', 'ament_prefix_path')
[145.252s] INFO:colcon.colcon_core.shell:Creating environment hook '/home/rudrh/Autonomous-Wheelchair-System/Positioning/MapGeneration/Mapping/install/map_generator/share/map_generator/hook/ament_prefix_path.ps1'
[145.255s] INFO:colcon.colcon_core.shell:Creating environment descriptor '/home/rudrh/Autonomous-Wheelchair-System/Positioning/MapGeneration/Mapping/install/map_generator/share/map_generator/hook/ament_prefix_path.dsv'
[145.256s] INFO:colcon.colcon_core.shell:Creating environment hook '/home/rudrh/Autonomous-Wheelchair-System/Positioning/MapGeneration/Mapping/install/map_generator/share/map_generator/hook/ament_prefix_path.sh'
[145.256s] INFO:colcon.colcon_core.shell:Skip shell extension 'powershell' for command environment: Not usable outside of PowerShell
[145.256s] DEBUG:colcon.colcon_core.shell:Skip shell extension 'dsv' for command environment
[145.917s] INFO:colcon.colcon_core.task.python.build:Building Python package in '/home/rudrh/Autonomous-Wheelchair-System/Positioning/MapGeneration/Mapping'
[145.918s] INFO:colcon.colcon_core.shell:Skip shell extension 'powershell' for command environment: Not usable outside of PowerShell
[145.918s] DEBUG:colcon.colcon_core.shell:Skip shell extension 'dsv' for command environment
[146.906s] DEBUG:colcon.colcon_core.event_handler.log_command:Invoking command in '/home/rudrh/Autonomous-Wheelchair-System/Positioning/MapGeneration/Mapping/build/map_generator': AMENT_PREFIX_PATH=/home/rudrh/Autonomous-Wheelchair-System/Positioning/MapGeneration/Mapping/install/sllidar_ros2:/home/rudrh/Autonomous-Wheelchair-System/Positioning/MapGeneration/Mapping/install/ros2_laser_scan_merger:${AMENT_PREFIX_PATH} CMAKE_PREFIX_PATH=/home/rudrh/Autonomous-Wheelchair-System/Positioning/MapGeneration/Mapping/install/sllidar_ros2:/home/rudrh/Autonomous-Wheelchair-System/Positioning/MapGeneration/Mapping/install/ros2_laser_scan_merger:${CMAKE_PREFIX_PATH} PYTHONPATH=/home/rudrh/Autonomous-Wheelchair-System/Positioning/MapGeneration/Mapping/build/map_generator/prefix_override:/usr/lib/python3/dist-packages/colcon_core/task/python/colcon_distutils_commands:/home/rudrh/Autonomous-Wheelchair-System/Positioning/MapGeneration/Mapping/install/map_generator/lib/python3.12/site-packages:${PYTHONPATH} /usr/bin/python3 -W ignore:setup.py install is deprecated -W ignore:easy_install command is deprecated setup.py develop --editable --build-directory /home/rudrh/Autonomous-Wheelchair-System/Positioning/MapGeneration/Mapping/build/map_generator/build --no-deps symlink_data
[147.596s] Level 1:colcon.colcon_core.shell:create_environment_hook('map_generator', 'pythonpath_develop')
[147.597s] INFO:colcon.colcon_core.shell:Creating environment hook '/home/rudrh/Autonomous-Wheelchair-System/Positioning/MapGeneration/Mapping/build/map_generator/share/map_generator/hook/pythonpath_develop.ps1'
[147.597s] DEBUG:colcon.colcon_core.event_handler.log_command:Invoked command in '/home/rudrh/Autonomous-Wheelchair-System/Positioning/MapGeneration/Mapping/build/map_generator' returned '0': AMENT_PREFIX_PATH=/home/rudrh/Autonomous-Wheelchair-System/Positioning/MapGeneration/Mapping/install/sllidar_ros2:/home/rudrh/Autonomous-Wheelchair-System/Positioning/MapGeneration/Mapping/install/ros2_laser_scan_merger:${AMENT_PREFIX_PATH} CMAKE_PREFIX_PATH=/home/rudrh/Autonomous-Wheelchair-System/Positioning/MapGeneration/Mapping/install/sllidar_ros2:/home/rudrh/Autonomous-Wheelchair-System/Positioning/MapGeneration/Mapping/install/ros2_laser_scan_merger:${CMAKE_PREFIX_PATH} PYTHONPATH=/home/rudrh/Autonomous-Wheelchair-System/Positioning/MapGeneration/Mapping/build/map_generator/prefix_override:/usr/lib/python3/dist-packages/colcon_core/task/python/colcon_distutils_commands:/home/rudrh/Autonomous-Wheelchair-System/Positioning/MapGeneration/Mapping/install/map_generator/lib/python3.12/site-packages:${PYTHONPATH} /usr/bin/python3 -W ignore:setup.py install is deprecated -W ignore:easy_install command is deprecated setup.py develop --editable --build-directory /home/rudrh/Autonomous-Wheelchair-System/Positioning/MapGeneration/Mapping/build/map_generator/build --no-deps symlink_data
[147.598s] INFO:colcon.colcon_core.shell:Creating environment descriptor '/home/rudrh/Autonomous-Wheelchair-System/Positioning/MapGeneration/Mapping/build/map_generator/share/map_generator/hook/pythonpath_develop.dsv'
[147.599s] INFO:colcon.colcon_core.shell:Creating environment hook '/home/rudrh/Autonomous-Wheelchair-System/Positioning/MapGeneration/Mapping/build/map_generator/share/map_generator/hook/pythonpath_develop.sh'
[147.600s] Level 1:colcon.colcon_core.environment:checking '/home/rudrh/Autonomous-Wheelchair-System/Positioning/MapGeneration/Mapping/install/map_generator' for CMake module files
[147.600s] Level 1:colcon.colcon_core.environment:checking '/home/rudrh/Autonomous-Wheelchair-System/Positioning/MapGeneration/Mapping/install/map_generator' for CMake config files
[147.601s] Level 1:colcon.colcon_core.environment:checking '/home/rudrh/Autonomous-Wheelchair-System/Positioning/MapGeneration/Mapping/install/map_generator/lib'
[147.601s] Level 1:colcon.colcon_core.environment:checking '/home/rudrh/Autonomous-Wheelchair-System/Positioning/MapGeneration/Mapping/install/map_generator/bin'
[147.601s] Level 1:colcon.colcon_core.environment:checking '/home/rudrh/Autonomous-Wheelchair-System/Positioning/MapGeneration/Mapping/install/map_generator/lib/pkgconfig/map_generator.pc'
[147.601s] Level 1:colcon.colcon_core.environment:checking '/home/rudrh/Autonomous-Wheelchair-System/Positioning/MapGeneration/Mapping/install/map_generator/lib/python3.12/site-packages'
[147.601s] Level 1:colcon.colcon_core.shell:create_environment_hook('map_generator', 'pythonpath')
[147.602s] INFO:colcon.colcon_core.shell:Creating environment hook '/home/rudrh/Autonomous-Wheelchair-System/Positioning/MapGeneration/Mapping/install/map_generator/share/map_generator/hook/pythonpath.ps1'
[147.602s] INFO:colcon.colcon_core.shell:Creating environment descriptor '/home/rudrh/Autonomous-Wheelchair-System/Positioning/MapGeneration/Mapping/install/map_generator/share/map_generator/hook/pythonpath.dsv'
[147.602s] INFO:colcon.colcon_core.shell:Creating environment hook '/home/rudrh/Autonomous-Wheelchair-System/Positioning/MapGeneration/Mapping/install/map_generator/share/map_generator/hook/pythonpath.sh'
[147.603s] Level 1:colcon.colcon_core.environment:checking '/home/rudrh/Autonomous-Wheelchair-System/Positioning/MapGeneration/Mapping/install/map_generator/bin'
[147.603s] Level 1:colcon.colcon_core.environment:create_environment_scripts_only(map_generator)
[147.604s] INFO:colcon.colcon_core.shell:Creating package script '/home/rudrh/Autonomous-Wheelchair-System/Positioning/MapGeneration/Mapping/install/map_generator/share/map_generator/package.ps1'
[147.604s] INFO:colcon.colcon_core.shell:Creating package descriptor '/home/rudrh/Autonomous-Wheelchair-System/Positioning/MapGeneration/Mapping/install/map_generator/share/map_generator/package.dsv'
[147.605s] INFO:colcon.colcon_core.shell:Creating package script '/home/rudrh/Autonomous-Wheelchair-System/Positioning/MapGeneration/Mapping/install/map_generator/share/map_generator/package.sh'
[147.605s] INFO:colcon.colcon_core.shell:Creating package script '/home/rudrh/Autonomous-Wheelchair-System/Positioning/MapGeneration/Mapping/install/map_generator/share/map_generator/package.bash'
[147.606s] INFO:colcon.colcon_core.shell:Creating package script '/home/rudrh/Autonomous-Wheelchair-System/Positioning/MapGeneration/Mapping/install/map_generator/share/map_generator/package.zsh'
[147.606s] Level 1:colcon.colcon_core.environment:create_file_with_runtime_dependencies(/home/rudrh/Autonomous-Wheelchair-System/Positioning/MapGeneration/Mapping/install/map_generator/share/colcon-core/packages/map_generator)
[147.607s] DEBUG:colcon.colcon_parallel_executor.executor.parallel:closing loop
[147.607s] DEBUG:colcon.colcon_parallel_executor.executor.parallel:loop closed
[147.607s] DEBUG:colcon.colcon_parallel_executor.executor.parallel:run_until_complete finished with '0'
[147.607s] DEBUG:colcon.colcon_core.event_reactor:joining thread
[147.768s] INFO:colcon.colcon_core.plugin_system:Skipping extension 'colcon_notification.desktop_notification.notify_send': Could not find 'notify-send'
[147.768s] INFO:colcon.colcon_core.plugin_system:Skipping extension 'colcon_notification.desktop_notification.terminal_notifier': Not used on non-Darwin systems
[147.768s] INFO:colcon.colcon_core.plugin_system:Skipping extension 'colcon_notification.desktop_notification.win32': Not used on non-Windows systems
[147.768s] INFO:colcon.colcon_notification.desktop_notification:Sending desktop notification using 'notify2'
[147.770s] DEBUG:colcon.colcon_notification.desktop_notification.notify2:Failed to initialize notify2: org.freedesktop.DBus.Error.ServiceUnknown: The name org.freedesktop.Notifications was not provided by any .service files
[147.770s] DEBUG:colcon.colcon_core.event_reactor:joined thread
[147.771s] INFO:colcon.colcon_core.shell:Creating prefix script '/home/rudrh/Autonomous-Wheelchair-System/Positioning/MapGeneration/Mapping/install/local_setup.ps1'
[147.771s] INFO:colcon.colcon_core.shell:Creating prefix util module '/home/rudrh/Autonomous-Wheelchair-System/Positioning/MapGeneration/Mapping/install/_local_setup_util_ps1.py'
[147.772s] INFO:colcon.colcon_core.shell:Creating prefix chain script '/home/rudrh/Autonomous-Wheelchair-System/Positioning/MapGeneration/Mapping/install/setup.ps1'
[147.773s] INFO:colcon.colcon_core.shell:Creating prefix script '/home/rudrh/Autonomous-Wheelchair-System/Positioning/MapGeneration/Mapping/install/local_setup.sh'
[147.774s] INFO:colcon.colcon_core.shell:Creating prefix util module '/home/rudrh/Autonomous-Wheelchair-System/Positioning/MapGeneration/Mapping/install/_local_setup_util_sh.py'
[147.774s] INFO:colcon.colcon_core.shell:Creating prefix chain script '/home/rudrh/Autonomous-Wheelchair-System/Positioning/MapGeneration/Mapping/install/setup.sh'
[147.775s] INFO:colcon.colcon_core.shell:Creating prefix script '/home/rudrh/Autonomous-Wheelchair-System/Positioning/MapGeneration/Mapping/install/local_setup.bash'
[147.776s] INFO:colcon.colcon_core.shell:Creating prefix chain script '/home/rudrh/Autonomous-Wheelchair-System/Positioning/MapGeneration/Mapping/install/setup.bash'
[147.776s] INFO:colcon.colcon_core.shell:Creating prefix script '/home/rudrh/Autonomous-Wheelchair-System/Positioning/MapGeneration/Mapping/install/local_setup.zsh'
[147.777s] INFO:colcon.colcon_core.shell:Creating prefix chain script '/home/rudrh/Autonomous-Wheelchair-System/Positioning/MapGeneration/Mapping/install/setup.zsh'
