[0.757s] Invoking command in '/home/rudrh/Autonomous-Wheelchair-System/Navigation/Pathfinding/Navigation/build/navigation': PYTHONPATH=/home/rudrh/Autonomous-Wheelchair-System/Navigation/Pathfinding/Navigation/build/navigation/prefix_override:/usr/lib/python3/dist-packages/colcon_core/task/python/colcon_distutils_commands:/home/rudrh/Autonomous-Wheelchair-System/Navigation/Pathfinding/Navigation/install/navigation/lib/python3.12/site-packages:${PYTHONPATH} /usr/bin/python3 -W ignore:setup.py install is deprecated -W ignore:easy_install command is deprecated setup.py develop --editable --build-directory /home/rudrh/Autonomous-Wheelchair-System/Navigation/Pathfinding/Navigation/build/navigation/build --no-deps symlink_data
[1.045s] running develop
[1.217s] running egg_info
[1.217s] creating navigation.egg-info
[1.233s] writing navigation.egg-info/PKG-INFO
[1.233s] writing dependency_links to navigation.egg-info/dependency_links.txt
[1.234s] writing entry points to navigation.egg-info/entry_points.txt
[1.234s] writing requirements to navigation.egg-info/requires.txt
[1.234s] writing top-level names to navigation.egg-info/top_level.txt
[1.234s] writing manifest file 'navigation.egg-info/SOURCES.txt'
[1.267s] reading manifest file 'navigation.egg-info/SOURCES.txt'
[1.268s] writing manifest file 'navigation.egg-info/SOURCES.txt'
[1.284s] running build_ext
[1.284s] Creating /home/rudrh/Autonomous-Wheelchair-System/Navigation/Pathfinding/Navigation/install/navigation/lib/python3.12/site-packages/navigation.egg-link (link to .)
[1.285s] Installing cmd_vel_to_joystick script to /home/rudrh/Autonomous-Wheelchair-System/Navigation/Pathfinding/Navigation/install/navigation/lib/navigation
[1.285s] 
[1.285s] Installed /home/rudrh/Autonomous-Wheelchair-System/Navigation/Pathfinding/Navigation/build/navigation
[1.285s] running symlink_data
[1.286s] creating /home/rudrh/Autonomous-Wheelchair-System/Navigation/Pathfinding/Navigation/install/navigation/share/ament_index
[1.286s] creating /home/rudrh/Autonomous-Wheelchair-System/Navigation/Pathfinding/Navigation/install/navigation/share/ament_index/resource_index
[1.286s] creating /home/rudrh/Autonomous-Wheelchair-System/Navigation/Pathfinding/Navigation/install/navigation/share/ament_index/resource_index/packages
[1.286s] symbolically linking /home/rudrh/Autonomous-Wheelchair-System/Navigation/Pathfinding/Navigation/build/navigation/resource/navigation -> /home/rudrh/Autonomous-Wheelchair-System/Navigation/Pathfinding/Navigation/install/navigation/share/ament_index/resource_index/packages
[1.286s] symbolically linking /home/rudrh/Autonomous-Wheelchair-System/Navigation/Pathfinding/Navigation/build/navigation/package.xml -> /home/rudrh/Autonomous-Wheelchair-System/Navigation/Pathfinding/Navigation/install/navigation/share/navigation
[1.286s] creating /home/rudrh/Autonomous-Wheelchair-System/Navigation/Pathfinding/Navigation/install/navigation/share/navigation/launch
[1.287s] symbolically linking /home/rudrh/Autonomous-Wheelchair-System/Navigation/Pathfinding/Navigation/build/navigation/launch/navigation.launch.py -> /home/rudrh/Autonomous-Wheelchair-System/Navigation/Pathfinding/Navigation/install/navigation/share/navigation/launch
[1.287s] creating /home/rudrh/Autonomous-Wheelchair-System/Navigation/Pathfinding/Navigation/install/navigation/share/navigation/config
[1.287s] symbolically linking /home/rudrh/Autonomous-Wheelchair-System/Navigation/Pathfinding/Navigation/build/navigation/config/nav2_params.yaml -> /home/rudrh/Autonomous-Wheelchair-System/Navigation/Pathfinding/Navigation/install/navigation/share/navigation/config
[1.287s] creating /home/rudrh/Autonomous-Wheelchair-System/Navigation/Pathfinding/Navigation/install/navigation/share/navigation/rviz
[1.287s] symbolically linking /home/rudrh/Autonomous-Wheelchair-System/Navigation/Pathfinding/Navigation/build/navigation/rviz/navigation.rviz -> /home/rudrh/Autonomous-Wheelchair-System/Navigation/Pathfinding/Navigation/install/navigation/share/navigation/rviz
[1.315s] Invoked command in '/home/rudrh/Autonomous-Wheelchair-System/Navigation/Pathfinding/Navigation/build/navigation' returned '0': PYTHONPATH=/home/rudrh/Autonomous-Wheelchair-System/Navigation/Pathfinding/Navigation/build/navigation/prefix_override:/usr/lib/python3/dist-packages/colcon_core/task/python/colcon_distutils_commands:/home/rudrh/Autonomous-Wheelchair-System/Navigation/Pathfinding/Navigation/install/navigation/lib/python3.12/site-packages:${PYTHONPATH} /usr/bin/python3 -W ignore:setup.py install is deprecated -W ignore:easy_install command is deprecated setup.py develop --editable --build-directory /home/rudrh/Autonomous-Wheelchair-System/Navigation/Pathfinding/Navigation/build/navigation/build --no-deps symlink_data
