[0.529s] DEBUG:colcon:Command line arguments: ['/usr/bin/colcon', 'build', '--symlink-install', '--base-paths', '.', 'sllidar_ros2', 'ros2_laser_scan_merger']
[0.529s] DEBUG:colcon:Parsed command line arguments: Namespace(log_base=None, log_level=None, verb_name='build', build_base='build', install_base='install', merge_install=False, symlink_install=True, test_result_base=None, continue_on_error=False, executor='parallel', parallel_workers=20, event_handlers=None, ignore_user_meta=False, metas=['./colcon.meta'], base_paths=['.', 'sllidar_ros2', 'ros2_laser_scan_merger'], packages_ignore=None, packages_ignore_regex=None, paths=None, packages_up_to=None, packages_up_to_regex=None, packages_above=None, packages_above_and_dependencies=None, packages_above_depth=None, packages_select_by_dep=None, packages_skip_by_dep=None, packages_skip_up_to=None, packages_select_build_failed=False, packages_skip_build_finished=False, packages_select_test_failures=False, packages_skip_test_passed=False, packages_select=None, packages_skip=None, packages_select_regex=None, packages_skip_regex=None, packages_start=None, packages_end=None, allow_overriding=[], cmake_args=None, cmake_target=None, cmake_target_skip_unavailable=False, cmake_clean_cache=False, cmake_clean_first=False, cmake_force_configure=False, ament_cmake_args=None, catkin_cmake_args=None, catkin_skip_building_tests=False, verb_parser=<colcon_defaults.argument_parser.defaults.DefaultArgumentsDecorator object at 0x70958aa707a0>, verb_extension=<colcon_core.verb.build.BuildVerb object at 0x70958aa70620>, main=<bound method BuildVerb.main of <colcon_core.verb.build.BuildVerb object at 0x70958aa70620>>)
[0.627s] Level 1:colcon.colcon_core.package_discovery:discover_packages(colcon_meta) check parameters
[0.627s] Level 1:colcon.colcon_core.package_discovery:discover_packages(recursive) check parameters
[0.627s] Level 1:colcon.colcon_core.package_discovery:discover_packages(ignore) check parameters
[0.627s] Level 1:colcon.colcon_core.package_discovery:discover_packages(path) check parameters
[0.627s] Level 1:colcon.colcon_core.package_discovery:discover_packages(recursive) discover
[0.627s] INFO:colcon.colcon_core.package_discovery:Crawling recursively for packages in '/home/rudrh/Autonomous-Wheelchair-System/Positioning/MapGeneration/Mapping', '/home/rudrh/Autonomous-Wheelchair-System/Positioning/MapGeneration/Mapping/sllidar_ros2', '/home/rudrh/Autonomous-Wheelchair-System/Positioning/MapGeneration/Mapping/ros2_laser_scan_merger'
[0.628s] Level 1:colcon.colcon_core.package_identification:_identify(.) by extensions ['ignore', 'ignore_ament_install']
[0.628s] Level 1:colcon.colcon_core.package_identification:_identify(.) by extension 'ignore'
[0.628s] Level 1:colcon.colcon_core.package_identification:_identify(.) by extension 'ignore_ament_install'
[0.628s] Level 1:colcon.colcon_core.package_identification:_identify(.) by extensions ['colcon_pkg']
[0.628s] Level 1:colcon.colcon_core.package_identification:_identify(.) by extension 'colcon_pkg'
[0.628s] Level 1:colcon.colcon_core.package_identification:_identify(.) by extensions ['colcon_meta']
[0.628s] Level 1:colcon.colcon_core.package_identification:_identify(.) by extension 'colcon_meta'
[0.628s] Level 1:colcon.colcon_core.package_identification:_identify(.) by extensions ['ros']
[0.628s] Level 1:colcon.colcon_core.package_identification:_identify(.) by extension 'ros'
[0.678s] DEBUG:colcon.colcon_core.package_identification:Package '.' with type 'ros.ament_python' and name 'map_generator'
[0.678s] Level 1:colcon.colcon_core.package_identification:_identify(sllidar_ros2) by extensions ['ignore', 'ignore_ament_install']
[0.678s] Level 1:colcon.colcon_core.package_identification:_identify(sllidar_ros2) by extension 'ignore'
[0.678s] Level 1:colcon.colcon_core.package_identification:_identify(sllidar_ros2) by extension 'ignore_ament_install'
[0.679s] Level 1:colcon.colcon_core.package_identification:_identify(sllidar_ros2) by extensions ['colcon_pkg']
[0.679s] Level 1:colcon.colcon_core.package_identification:_identify(sllidar_ros2) by extension 'colcon_pkg'
[0.679s] Level 1:colcon.colcon_core.package_identification:_identify(sllidar_ros2) by extensions ['colcon_meta']
[0.679s] Level 1:colcon.colcon_core.package_identification:_identify(sllidar_ros2) by extension 'colcon_meta'
[0.679s] Level 1:colcon.colcon_core.package_identification:_identify(sllidar_ros2) by extensions ['ros']
[0.679s] Level 1:colcon.colcon_core.package_identification:_identify(sllidar_ros2) by extension 'ros'
[0.680s] DEBUG:colcon.colcon_core.package_identification:Package 'sllidar_ros2' with type 'ros.ament_cmake' and name 'sllidar_ros2'
[0.681s] Level 1:colcon.colcon_core.package_identification:_identify(ros2_laser_scan_merger) by extensions ['ignore', 'ignore_ament_install']
[0.681s] Level 1:colcon.colcon_core.package_identification:_identify(ros2_laser_scan_merger) by extension 'ignore'
[0.681s] Level 1:colcon.colcon_core.package_identification:_identify(ros2_laser_scan_merger) by extension 'ignore_ament_install'
[0.681s] Level 1:colcon.colcon_core.package_identification:_identify(ros2_laser_scan_merger) by extensions ['colcon_pkg']
[0.681s] Level 1:colcon.colcon_core.package_identification:_identify(ros2_laser_scan_merger) by extension 'colcon_pkg'
[0.681s] Level 1:colcon.colcon_core.package_identification:_identify(ros2_laser_scan_merger) by extensions ['colcon_meta']
[0.681s] Level 1:colcon.colcon_core.package_identification:_identify(ros2_laser_scan_merger) by extension 'colcon_meta'
[0.681s] Level 1:colcon.colcon_core.package_identification:_identify(ros2_laser_scan_merger) by extensions ['ros']
[0.681s] Level 1:colcon.colcon_core.package_identification:_identify(ros2_laser_scan_merger) by extension 'ros'
[0.682s] DEBUG:colcon.colcon_core.package_identification:Package 'ros2_laser_scan_merger' with type 'ros.ament_cmake' and name 'ros2_laser_scan_merger'
[0.683s] Level 1:colcon.colcon_core.package_discovery:discover_packages(recursive) using defaults
[0.724s] Level 1:colcon.colcon_core.package_discovery:discover_packages(prefix_path) check parameters
[0.725s] Level 1:colcon.colcon_core.package_discovery:discover_packages(prefix_path) discover
[0.733s] DEBUG:colcon.colcon_installed_package_information.package_discovery:Found 439 installed packages in /opt/ros/jazzy
[0.734s] Level 1:colcon.colcon_core.package_discovery:discover_packages(prefix_path) using defaults
[0.783s] Level 5:colcon.colcon_core.verb:set package 'ros2_laser_scan_merger' build argument 'cmake_args' from command line to 'None'
[0.783s] Level 5:colcon.colcon_core.verb:set package 'ros2_laser_scan_merger' build argument 'cmake_target' from command line to 'None'
[0.783s] Level 5:colcon.colcon_core.verb:set package 'ros2_laser_scan_merger' build argument 'cmake_target_skip_unavailable' from command line to 'False'
[0.783s] Level 5:colcon.colcon_core.verb:set package 'ros2_laser_scan_merger' build argument 'cmake_clean_cache' from command line to 'False'
[0.784s] Level 5:colcon.colcon_core.verb:set package 'ros2_laser_scan_merger' build argument 'cmake_clean_first' from command line to 'False'
[0.784s] Level 5:colcon.colcon_core.verb:set package 'ros2_laser_scan_merger' build argument 'cmake_force_configure' from command line to 'False'
[0.784s] Level 5:colcon.colcon_core.verb:set package 'ros2_laser_scan_merger' build argument 'ament_cmake_args' from command line to 'None'
[0.784s] Level 5:colcon.colcon_core.verb:set package 'ros2_laser_scan_merger' build argument 'catkin_cmake_args' from command line to 'None'
[0.784s] Level 5:colcon.colcon_core.verb:set package 'ros2_laser_scan_merger' build argument 'catkin_skip_building_tests' from command line to 'False'
[0.784s] DEBUG:colcon.colcon_core.verb:Building package 'ros2_laser_scan_merger' with the following arguments: {'ament_cmake_args': None, 'build_base': '/home/rudrh/Autonomous-Wheelchair-System/Positioning/MapGeneration/Mapping/build/ros2_laser_scan_merger', 'catkin_cmake_args': None, 'catkin_skip_building_tests': False, 'cmake_args': None, 'cmake_clean_cache': False, 'cmake_clean_first': False, 'cmake_force_configure': False, 'cmake_target': None, 'cmake_target_skip_unavailable': False, 'install_base': '/home/rudrh/Autonomous-Wheelchair-System/Positioning/MapGeneration/Mapping/install/ros2_laser_scan_merger', 'merge_install': False, 'path': '/home/rudrh/Autonomous-Wheelchair-System/Positioning/MapGeneration/Mapping/ros2_laser_scan_merger', 'symlink_install': True, 'test_result_base': None}
[0.784s] Level 5:colcon.colcon_core.verb:set package 'sllidar_ros2' build argument 'cmake_args' from command line to 'None'
[0.784s] Level 5:colcon.colcon_core.verb:set package 'sllidar_ros2' build argument 'cmake_target' from command line to 'None'
[0.784s] Level 5:colcon.colcon_core.verb:set package 'sllidar_ros2' build argument 'cmake_target_skip_unavailable' from command line to 'False'
[0.784s] Level 5:colcon.colcon_core.verb:set package 'sllidar_ros2' build argument 'cmake_clean_cache' from command line to 'False'
[0.784s] Level 5:colcon.colcon_core.verb:set package 'sllidar_ros2' build argument 'cmake_clean_first' from command line to 'False'
[0.784s] Level 5:colcon.colcon_core.verb:set package 'sllidar_ros2' build argument 'cmake_force_configure' from command line to 'False'
[0.784s] Level 5:colcon.colcon_core.verb:set package 'sllidar_ros2' build argument 'ament_cmake_args' from command line to 'None'
[0.784s] Level 5:colcon.colcon_core.verb:set package 'sllidar_ros2' build argument 'catkin_cmake_args' from command line to 'None'
[0.784s] Level 5:colcon.colcon_core.verb:set package 'sllidar_ros2' build argument 'catkin_skip_building_tests' from command line to 'False'
[0.784s] DEBUG:colcon.colcon_core.verb:Building package 'sllidar_ros2' with the following arguments: {'ament_cmake_args': None, 'build_base': '/home/rudrh/Autonomous-Wheelchair-System/Positioning/MapGeneration/Mapping/build/sllidar_ros2', 'catkin_cmake_args': None, 'catkin_skip_building_tests': False, 'cmake_args': None, 'cmake_clean_cache': False, 'cmake_clean_first': False, 'cmake_force_configure': False, 'cmake_target': None, 'cmake_target_skip_unavailable': False, 'install_base': '/home/rudrh/Autonomous-Wheelchair-System/Positioning/MapGeneration/Mapping/install/sllidar_ros2', 'merge_install': False, 'path': '/home/rudrh/Autonomous-Wheelchair-System/Positioning/MapGeneration/Mapping/sllidar_ros2', 'symlink_install': True, 'test_result_base': None}
[0.784s] Level 5:colcon.colcon_core.verb:set package 'map_generator' build argument 'cmake_args' from command line to 'None'
[0.784s] Level 5:colcon.colcon_core.verb:set package 'map_generator' build argument 'cmake_target' from command line to 'None'
[0.784s] Level 5:colcon.colcon_core.verb:set package 'map_generator' build argument 'cmake_target_skip_unavailable' from command line to 'False'
[0.785s] Level 5:colcon.colcon_core.verb:set package 'map_generator' build argument 'cmake_clean_cache' from command line to 'False'
[0.785s] Level 5:colcon.colcon_core.verb:set package 'map_generator' build argument 'cmake_clean_first' from command line to 'False'
[0.785s] Level 5:colcon.colcon_core.verb:set package 'map_generator' build argument 'cmake_force_configure' from command line to 'False'
[0.785s] Level 5:colcon.colcon_core.verb:set package 'map_generator' build argument 'ament_cmake_args' from command line to 'None'
[0.785s] Level 5:colcon.colcon_core.verb:set package 'map_generator' build argument 'catkin_cmake_args' from command line to 'None'
[0.785s] Level 5:colcon.colcon_core.verb:set package 'map_generator' build argument 'catkin_skip_building_tests' from command line to 'False'
[0.785s] DEBUG:colcon.colcon_core.verb:Building package 'map_generator' with the following arguments: {'ament_cmake_args': None, 'build_base': '/home/rudrh/Autonomous-Wheelchair-System/Positioning/MapGeneration/Mapping/build/map_generator', 'catkin_cmake_args': None, 'catkin_skip_building_tests': False, 'cmake_args': None, 'cmake_clean_cache': False, 'cmake_clean_first': False, 'cmake_force_configure': False, 'cmake_target': None, 'cmake_target_skip_unavailable': False, 'install_base': '/home/rudrh/Autonomous-Wheelchair-System/Positioning/MapGeneration/Mapping/install/map_generator', 'merge_install': False, 'path': '/home/rudrh/Autonomous-Wheelchair-System/Positioning/MapGeneration/Mapping', 'symlink_install': True, 'test_result_base': None}
[0.785s] INFO:colcon.colcon_core.executor:Executing jobs using 'parallel' executor
[0.786s] DEBUG:colcon.colcon_parallel_executor.executor.parallel:run_until_complete
[0.786s] INFO:colcon.colcon_ros.task.ament_cmake.build:Building ROS package in '/home/rudrh/Autonomous-Wheelchair-System/Positioning/MapGeneration/Mapping/ros2_laser_scan_merger' with build type 'ament_cmake'
[0.786s] INFO:colcon.colcon_cmake.task.cmake.build:Building CMake package in '/home/rudrh/Autonomous-Wheelchair-System/Positioning/MapGeneration/Mapping/ros2_laser_scan_merger'
[0.792s] INFO:colcon.colcon_core.plugin_system:Skipping extension 'colcon_core.shell.bat': Not used on non-Windows systems
[0.792s] INFO:colcon.colcon_core.shell:Skip shell extension 'powershell' for command environment: Not usable outside of PowerShell
[0.792s] DEBUG:colcon.colcon_core.shell:Skip shell extension 'dsv' for command environment
[0.797s] INFO:colcon.colcon_ros.task.ament_cmake.build:Building ROS package in '/home/rudrh/Autonomous-Wheelchair-System/Positioning/MapGeneration/Mapping/sllidar_ros2' with build type 'ament_cmake'
[0.797s] INFO:colcon.colcon_cmake.task.cmake.build:Building CMake package in '/home/rudrh/Autonomous-Wheelchair-System/Positioning/MapGeneration/Mapping/sllidar_ros2'
[0.797s] INFO:colcon.colcon_core.shell:Skip shell extension 'powershell' for command environment: Not usable outside of PowerShell
[0.797s] DEBUG:colcon.colcon_core.shell:Skip shell extension 'dsv' for command environment
[0.809s] DEBUG:colcon.colcon_core.event_handler.log_command:Invoking command in '/home/rudrh/Autonomous-Wheelchair-System/Positioning/MapGeneration/Mapping/build/ros2_laser_scan_merger': CMAKE_PREFIX_PATH=${CMAKE_PREFIX_PATH}:/opt/ros/jazzy /usr/bin/cmake --build /home/rudrh/Autonomous-Wheelchair-System/Positioning/MapGeneration/Mapping/build/ros2_laser_scan_merger -- -j20 -l20
[0.816s] DEBUG:colcon.colcon_core.event_handler.log_command:Invoking command in '/home/rudrh/Autonomous-Wheelchair-System/Positioning/MapGeneration/Mapping/build/sllidar_ros2': CMAKE_PREFIX_PATH=${CMAKE_PREFIX_PATH}:/opt/ros/jazzy /usr/bin/cmake --build /home/rudrh/Autonomous-Wheelchair-System/Positioning/MapGeneration/Mapping/build/sllidar_ros2 -- -j20 -l20
[1.027s] DEBUG:colcon.colcon_core.event_handler.log_command:Invoked command in '/home/rudrh/Autonomous-Wheelchair-System/Positioning/MapGeneration/Mapping/build/sllidar_ros2' returned '0': CMAKE_PREFIX_PATH=${CMAKE_PREFIX_PATH}:/opt/ros/jazzy /usr/bin/cmake --build /home/rudrh/Autonomous-Wheelchair-System/Positioning/MapGeneration/Mapping/build/sllidar_ros2 -- -j20 -l20
[1.038s] DEBUG:colcon.colcon_core.event_handler.log_command:Invoking command in '/home/rudrh/Autonomous-Wheelchair-System/Positioning/MapGeneration/Mapping/build/sllidar_ros2': CMAKE_PREFIX_PATH=${CMAKE_PREFIX_PATH}:/opt/ros/jazzy /usr/bin/cmake --install /home/rudrh/Autonomous-Wheelchair-System/Positioning/MapGeneration/Mapping/build/sllidar_ros2
[1.051s] DEBUG:colcon.colcon_core.event_handler.log_command:Invoked command in '/home/rudrh/Autonomous-Wheelchair-System/Positioning/MapGeneration/Mapping/build/ros2_laser_scan_merger' returned '0': CMAKE_PREFIX_PATH=${CMAKE_PREFIX_PATH}:/opt/ros/jazzy /usr/bin/cmake --build /home/rudrh/Autonomous-Wheelchair-System/Positioning/MapGeneration/Mapping/build/ros2_laser_scan_merger -- -j20 -l20
[1.057s] DEBUG:colcon.colcon_core.event_handler.log_command:Invoking command in '/home/rudrh/Autonomous-Wheelchair-System/Positioning/MapGeneration/Mapping/build/ros2_laser_scan_merger': CMAKE_PREFIX_PATH=${CMAKE_PREFIX_PATH}:/opt/ros/jazzy /usr/bin/cmake --install /home/rudrh/Autonomous-Wheelchair-System/Positioning/MapGeneration/Mapping/build/ros2_laser_scan_merger
[1.068s] Level 1:colcon.colcon_core.environment:create_environment_scripts_only(sllidar_ros2)
[1.071s] DEBUG:colcon.colcon_core.event_handler.log_command:Invoked command in '/home/rudrh/Autonomous-Wheelchair-System/Positioning/MapGeneration/Mapping/build/sllidar_ros2' returned '0': CMAKE_PREFIX_PATH=${CMAKE_PREFIX_PATH}:/opt/ros/jazzy /usr/bin/cmake --install /home/rudrh/Autonomous-Wheelchair-System/Positioning/MapGeneration/Mapping/build/sllidar_ros2
[1.075s] Level 1:colcon.colcon_core.environment:checking '/home/rudrh/Autonomous-Wheelchair-System/Positioning/MapGeneration/Mapping/install/sllidar_ros2' for CMake module files
[1.076s] Level 1:colcon.colcon_core.environment:checking '/home/rudrh/Autonomous-Wheelchair-System/Positioning/MapGeneration/Mapping/install/sllidar_ros2' for CMake config files
[1.078s] Level 1:colcon.colcon_core.shell:create_environment_hook('sllidar_ros2', 'cmake_prefix_path')
[1.078s] INFO:colcon.colcon_core.shell:Creating environment hook '/home/rudrh/Autonomous-Wheelchair-System/Positioning/MapGeneration/Mapping/install/sllidar_ros2/share/sllidar_ros2/hook/cmake_prefix_path.ps1'
[1.079s] INFO:colcon.colcon_core.shell:Creating environment descriptor '/home/rudrh/Autonomous-Wheelchair-System/Positioning/MapGeneration/Mapping/install/sllidar_ros2/share/sllidar_ros2/hook/cmake_prefix_path.dsv'
[1.079s] INFO:colcon.colcon_core.shell:Creating environment hook '/home/rudrh/Autonomous-Wheelchair-System/Positioning/MapGeneration/Mapping/install/sllidar_ros2/share/sllidar_ros2/hook/cmake_prefix_path.sh'
[1.080s] Level 1:colcon.colcon_core.environment:checking '/home/rudrh/Autonomous-Wheelchair-System/Positioning/MapGeneration/Mapping/install/sllidar_ros2/lib'
[1.081s] Level 1:colcon.colcon_core.environment:checking '/home/rudrh/Autonomous-Wheelchair-System/Positioning/MapGeneration/Mapping/install/sllidar_ros2/bin'
[1.081s] Level 1:colcon.colcon_core.environment:checking '/home/rudrh/Autonomous-Wheelchair-System/Positioning/MapGeneration/Mapping/install/sllidar_ros2/lib/pkgconfig/sllidar_ros2.pc'
[1.081s] Level 1:colcon.colcon_core.environment:checking '/home/rudrh/Autonomous-Wheelchair-System/Positioning/MapGeneration/Mapping/install/sllidar_ros2/lib/python3.12/site-packages'
[1.081s] Level 1:colcon.colcon_core.environment:checking '/home/rudrh/Autonomous-Wheelchair-System/Positioning/MapGeneration/Mapping/install/sllidar_ros2/bin'
[1.081s] INFO:colcon.colcon_core.shell:Creating package script '/home/rudrh/Autonomous-Wheelchair-System/Positioning/MapGeneration/Mapping/install/sllidar_ros2/share/sllidar_ros2/package.ps1'
[1.083s] INFO:colcon.colcon_core.shell:Creating package descriptor '/home/rudrh/Autonomous-Wheelchair-System/Positioning/MapGeneration/Mapping/install/sllidar_ros2/share/sllidar_ros2/package.dsv'
[1.084s] INFO:colcon.colcon_core.shell:Creating package script '/home/rudrh/Autonomous-Wheelchair-System/Positioning/MapGeneration/Mapping/install/sllidar_ros2/share/sllidar_ros2/package.sh'
[1.085s] INFO:colcon.colcon_core.shell:Creating package script '/home/rudrh/Autonomous-Wheelchair-System/Positioning/MapGeneration/Mapping/install/sllidar_ros2/share/sllidar_ros2/package.bash'
[1.085s] INFO:colcon.colcon_core.shell:Creating package script '/home/rudrh/Autonomous-Wheelchair-System/Positioning/MapGeneration/Mapping/install/sllidar_ros2/share/sllidar_ros2/package.zsh'
[1.087s] Level 1:colcon.colcon_core.environment:create_file_with_runtime_dependencies(/home/rudrh/Autonomous-Wheelchair-System/Positioning/MapGeneration/Mapping/install/sllidar_ros2/share/colcon-core/packages/sllidar_ros2)
[1.088s] Level 1:colcon.colcon_core.environment:create_environment_scripts_only(sllidar_ros2)
[1.088s] Level 1:colcon.colcon_core.environment:checking '/home/rudrh/Autonomous-Wheelchair-System/Positioning/MapGeneration/Mapping/install/sllidar_ros2' for CMake module files
[1.089s] Level 1:colcon.colcon_core.environment:checking '/home/rudrh/Autonomous-Wheelchair-System/Positioning/MapGeneration/Mapping/install/sllidar_ros2' for CMake config files
[1.089s] Level 1:colcon.colcon_core.shell:create_environment_hook('sllidar_ros2', 'cmake_prefix_path')
[1.089s] INFO:colcon.colcon_core.shell:Creating environment hook '/home/rudrh/Autonomous-Wheelchair-System/Positioning/MapGeneration/Mapping/install/sllidar_ros2/share/sllidar_ros2/hook/cmake_prefix_path.ps1'
[1.090s] INFO:colcon.colcon_core.shell:Creating environment descriptor '/home/rudrh/Autonomous-Wheelchair-System/Positioning/MapGeneration/Mapping/install/sllidar_ros2/share/sllidar_ros2/hook/cmake_prefix_path.dsv'
[1.090s] INFO:colcon.colcon_core.shell:Creating environment hook '/home/rudrh/Autonomous-Wheelchair-System/Positioning/MapGeneration/Mapping/install/sllidar_ros2/share/sllidar_ros2/hook/cmake_prefix_path.sh'
[1.091s] Level 1:colcon.colcon_core.environment:checking '/home/rudrh/Autonomous-Wheelchair-System/Positioning/MapGeneration/Mapping/install/sllidar_ros2/lib'
[1.091s] Level 1:colcon.colcon_core.environment:checking '/home/rudrh/Autonomous-Wheelchair-System/Positioning/MapGeneration/Mapping/install/sllidar_ros2/bin'
[1.091s] Level 1:colcon.colcon_core.environment:checking '/home/rudrh/Autonomous-Wheelchair-System/Positioning/MapGeneration/Mapping/install/sllidar_ros2/lib/pkgconfig/sllidar_ros2.pc'
[1.091s] Level 1:colcon.colcon_core.environment:checking '/home/rudrh/Autonomous-Wheelchair-System/Positioning/MapGeneration/Mapping/install/sllidar_ros2/lib/python3.12/site-packages'
[1.091s] Level 1:colcon.colcon_core.environment:checking '/home/rudrh/Autonomous-Wheelchair-System/Positioning/MapGeneration/Mapping/install/sllidar_ros2/bin'
[1.092s] INFO:colcon.colcon_core.shell:Creating package script '/home/rudrh/Autonomous-Wheelchair-System/Positioning/MapGeneration/Mapping/install/sllidar_ros2/share/sllidar_ros2/package.ps1'
[1.092s] INFO:colcon.colcon_core.shell:Creating package descriptor '/home/rudrh/Autonomous-Wheelchair-System/Positioning/MapGeneration/Mapping/install/sllidar_ros2/share/sllidar_ros2/package.dsv'
[1.093s] INFO:colcon.colcon_core.shell:Creating package script '/home/rudrh/Autonomous-Wheelchair-System/Positioning/MapGeneration/Mapping/install/sllidar_ros2/share/sllidar_ros2/package.sh'
[1.093s] INFO:colcon.colcon_core.shell:Creating package script '/home/rudrh/Autonomous-Wheelchair-System/Positioning/MapGeneration/Mapping/install/sllidar_ros2/share/sllidar_ros2/package.bash'
[1.093s] INFO:colcon.colcon_core.shell:Creating package script '/home/rudrh/Autonomous-Wheelchair-System/Positioning/MapGeneration/Mapping/install/sllidar_ros2/share/sllidar_ros2/package.zsh'
[1.094s] Level 1:colcon.colcon_core.environment:create_file_with_runtime_dependencies(/home/rudrh/Autonomous-Wheelchair-System/Positioning/MapGeneration/Mapping/install/sllidar_ros2/share/colcon-core/packages/sllidar_ros2)
[1.096s] Level 1:colcon.colcon_core.environment:create_environment_scripts_only(ros2_laser_scan_merger)
[1.096s] Level 1:colcon.colcon_core.environment:checking '/home/rudrh/Autonomous-Wheelchair-System/Positioning/MapGeneration/Mapping/install/ros2_laser_scan_merger' for CMake module files
[1.097s] DEBUG:colcon.colcon_core.event_handler.log_command:Invoked command in '/home/rudrh/Autonomous-Wheelchair-System/Positioning/MapGeneration/Mapping/build/ros2_laser_scan_merger' returned '0': CMAKE_PREFIX_PATH=${CMAKE_PREFIX_PATH}:/opt/ros/jazzy /usr/bin/cmake --install /home/rudrh/Autonomous-Wheelchair-System/Positioning/MapGeneration/Mapping/build/ros2_laser_scan_merger
[1.097s] Level 1:colcon.colcon_core.environment:checking '/home/rudrh/Autonomous-Wheelchair-System/Positioning/MapGeneration/Mapping/install/ros2_laser_scan_merger' for CMake config files
[1.097s] Level 1:colcon.colcon_core.shell:create_environment_hook('ros2_laser_scan_merger', 'cmake_prefix_path')
[1.098s] INFO:colcon.colcon_core.shell:Creating environment hook '/home/rudrh/Autonomous-Wheelchair-System/Positioning/MapGeneration/Mapping/install/ros2_laser_scan_merger/share/ros2_laser_scan_merger/hook/cmake_prefix_path.ps1'
[1.098s] INFO:colcon.colcon_core.shell:Creating environment descriptor '/home/rudrh/Autonomous-Wheelchair-System/Positioning/MapGeneration/Mapping/install/ros2_laser_scan_merger/share/ros2_laser_scan_merger/hook/cmake_prefix_path.dsv'
[1.099s] INFO:colcon.colcon_core.shell:Creating environment hook '/home/rudrh/Autonomous-Wheelchair-System/Positioning/MapGeneration/Mapping/install/ros2_laser_scan_merger/share/ros2_laser_scan_merger/hook/cmake_prefix_path.sh'
[1.099s] Level 1:colcon.colcon_core.environment:checking '/home/rudrh/Autonomous-Wheelchair-System/Positioning/MapGeneration/Mapping/install/ros2_laser_scan_merger/lib'
[1.100s] Level 1:colcon.colcon_core.environment:checking '/home/rudrh/Autonomous-Wheelchair-System/Positioning/MapGeneration/Mapping/install/ros2_laser_scan_merger/bin'
[1.100s] Level 1:colcon.colcon_core.environment:checking '/home/rudrh/Autonomous-Wheelchair-System/Positioning/MapGeneration/Mapping/install/ros2_laser_scan_merger/lib/pkgconfig/ros2_laser_scan_merger.pc'
[1.100s] Level 1:colcon.colcon_core.environment:checking '/home/rudrh/Autonomous-Wheelchair-System/Positioning/MapGeneration/Mapping/install/ros2_laser_scan_merger/lib/python3.12/site-packages'
[1.100s] Level 1:colcon.colcon_core.environment:checking '/home/rudrh/Autonomous-Wheelchair-System/Positioning/MapGeneration/Mapping/install/ros2_laser_scan_merger/bin'
[1.100s] INFO:colcon.colcon_core.shell:Creating package script '/home/rudrh/Autonomous-Wheelchair-System/Positioning/MapGeneration/Mapping/install/ros2_laser_scan_merger/share/ros2_laser_scan_merger/package.ps1'
[1.101s] INFO:colcon.colcon_core.shell:Creating package descriptor '/home/rudrh/Autonomous-Wheelchair-System/Positioning/MapGeneration/Mapping/install/ros2_laser_scan_merger/share/ros2_laser_scan_merger/package.dsv'
[1.101s] INFO:colcon.colcon_core.shell:Creating package script '/home/rudrh/Autonomous-Wheelchair-System/Positioning/MapGeneration/Mapping/install/ros2_laser_scan_merger/share/ros2_laser_scan_merger/package.sh'
[1.102s] INFO:colcon.colcon_core.shell:Creating package script '/home/rudrh/Autonomous-Wheelchair-System/Positioning/MapGeneration/Mapping/install/ros2_laser_scan_merger/share/ros2_laser_scan_merger/package.bash'
[1.102s] INFO:colcon.colcon_core.shell:Creating package script '/home/rudrh/Autonomous-Wheelchair-System/Positioning/MapGeneration/Mapping/install/ros2_laser_scan_merger/share/ros2_laser_scan_merger/package.zsh'
[1.102s] Level 1:colcon.colcon_core.environment:create_file_with_runtime_dependencies(/home/rudrh/Autonomous-Wheelchair-System/Positioning/MapGeneration/Mapping/install/ros2_laser_scan_merger/share/colcon-core/packages/ros2_laser_scan_merger)
[1.103s] Level 1:colcon.colcon_core.environment:create_environment_scripts_only(ros2_laser_scan_merger)
[1.103s] Level 1:colcon.colcon_core.environment:checking '/home/rudrh/Autonomous-Wheelchair-System/Positioning/MapGeneration/Mapping/install/ros2_laser_scan_merger' for CMake module files
[1.103s] Level 1:colcon.colcon_core.environment:checking '/home/rudrh/Autonomous-Wheelchair-System/Positioning/MapGeneration/Mapping/install/ros2_laser_scan_merger' for CMake config files
[1.104s] Level 1:colcon.colcon_core.shell:create_environment_hook('ros2_laser_scan_merger', 'cmake_prefix_path')
[1.104s] INFO:colcon.colcon_core.shell:Creating environment hook '/home/rudrh/Autonomous-Wheelchair-System/Positioning/MapGeneration/Mapping/install/ros2_laser_scan_merger/share/ros2_laser_scan_merger/hook/cmake_prefix_path.ps1'
[1.104s] INFO:colcon.colcon_core.shell:Creating environment descriptor '/home/rudrh/Autonomous-Wheelchair-System/Positioning/MapGeneration/Mapping/install/ros2_laser_scan_merger/share/ros2_laser_scan_merger/hook/cmake_prefix_path.dsv'
[1.105s] INFO:colcon.colcon_core.shell:Creating environment hook '/home/rudrh/Autonomous-Wheelchair-System/Positioning/MapGeneration/Mapping/install/ros2_laser_scan_merger/share/ros2_laser_scan_merger/hook/cmake_prefix_path.sh'
[1.105s] Level 1:colcon.colcon_core.environment:checking '/home/rudrh/Autonomous-Wheelchair-System/Positioning/MapGeneration/Mapping/install/ros2_laser_scan_merger/lib'
[1.105s] Level 1:colcon.colcon_core.environment:checking '/home/rudrh/Autonomous-Wheelchair-System/Positioning/MapGeneration/Mapping/install/ros2_laser_scan_merger/bin'
[1.105s] Level 1:colcon.colcon_core.environment:checking '/home/rudrh/Autonomous-Wheelchair-System/Positioning/MapGeneration/Mapping/install/ros2_laser_scan_merger/lib/pkgconfig/ros2_laser_scan_merger.pc'
[1.106s] Level 1:colcon.colcon_core.environment:checking '/home/rudrh/Autonomous-Wheelchair-System/Positioning/MapGeneration/Mapping/install/ros2_laser_scan_merger/lib/python3.12/site-packages'
[1.106s] Level 1:colcon.colcon_core.environment:checking '/home/rudrh/Autonomous-Wheelchair-System/Positioning/MapGeneration/Mapping/install/ros2_laser_scan_merger/bin'
[1.106s] INFO:colcon.colcon_core.shell:Creating package script '/home/rudrh/Autonomous-Wheelchair-System/Positioning/MapGeneration/Mapping/install/ros2_laser_scan_merger/share/ros2_laser_scan_merger/package.ps1'
[1.107s] INFO:colcon.colcon_core.shell:Creating package descriptor '/home/rudrh/Autonomous-Wheelchair-System/Positioning/MapGeneration/Mapping/install/ros2_laser_scan_merger/share/ros2_laser_scan_merger/package.dsv'
[1.107s] INFO:colcon.colcon_core.shell:Creating package script '/home/rudrh/Autonomous-Wheelchair-System/Positioning/MapGeneration/Mapping/install/ros2_laser_scan_merger/share/ros2_laser_scan_merger/package.sh'
[1.108s] INFO:colcon.colcon_core.shell:Creating package script '/home/rudrh/Autonomous-Wheelchair-System/Positioning/MapGeneration/Mapping/install/ros2_laser_scan_merger/share/ros2_laser_scan_merger/package.bash'
[1.108s] INFO:colcon.colcon_core.shell:Creating package script '/home/rudrh/Autonomous-Wheelchair-System/Positioning/MapGeneration/Mapping/install/ros2_laser_scan_merger/share/ros2_laser_scan_merger/package.zsh'
[1.109s] Level 1:colcon.colcon_core.environment:create_file_with_runtime_dependencies(/home/rudrh/Autonomous-Wheelchair-System/Positioning/MapGeneration/Mapping/install/ros2_laser_scan_merger/share/colcon-core/packages/ros2_laser_scan_merger)
[1.110s] INFO:colcon.colcon_ros.task.ament_python.build:Building ROS package in '/home/rudrh/Autonomous-Wheelchair-System/Positioning/MapGeneration/Mapping' with build type 'ament_python'
[1.110s] Level 1:colcon.colcon_core.shell:create_environment_hook('map_generator', 'ament_prefix_path')
[1.110s] INFO:colcon.colcon_core.shell:Creating environment hook '/home/rudrh/Autonomous-Wheelchair-System/Positioning/MapGeneration/Mapping/install/map_generator/share/map_generator/hook/ament_prefix_path.ps1'
[1.111s] INFO:colcon.colcon_core.shell:Creating environment descriptor '/home/rudrh/Autonomous-Wheelchair-System/Positioning/MapGeneration/Mapping/install/map_generator/share/map_generator/hook/ament_prefix_path.dsv'
[1.112s] INFO:colcon.colcon_core.shell:Creating environment hook '/home/rudrh/Autonomous-Wheelchair-System/Positioning/MapGeneration/Mapping/install/map_generator/share/map_generator/hook/ament_prefix_path.sh'
[1.112s] INFO:colcon.colcon_core.shell:Skip shell extension 'powershell' for command environment: Not usable outside of PowerShell
[1.112s] DEBUG:colcon.colcon_core.shell:Skip shell extension 'dsv' for command environment
[1.533s] INFO:colcon.colcon_core.task.python.build:Building Python package in '/home/rudrh/Autonomous-Wheelchair-System/Positioning/MapGeneration/Mapping'
[1.533s] INFO:colcon.colcon_core.shell:Skip shell extension 'powershell' for command environment: Not usable outside of PowerShell
[1.533s] DEBUG:colcon.colcon_core.shell:Skip shell extension 'dsv' for command environment
[2.542s] DEBUG:colcon.colcon_core.event_handler.log_command:Invoking command in '/home/rudrh/Autonomous-Wheelchair-System/Positioning/MapGeneration/Mapping/build/map_generator': AMENT_PREFIX_PATH=/home/rudrh/Autonomous-Wheelchair-System/Positioning/MapGeneration/Mapping/install/sllidar_ros2:/home/rudrh/Autonomous-Wheelchair-System/Positioning/MapGeneration/Mapping/install/ros2_laser_scan_merger:${AMENT_PREFIX_PATH} CMAKE_PREFIX_PATH=/home/rudrh/Autonomous-Wheelchair-System/Positioning/MapGeneration/Mapping/install/sllidar_ros2:/home/rudrh/Autonomous-Wheelchair-System/Positioning/MapGeneration/Mapping/install/ros2_laser_scan_merger:${CMAKE_PREFIX_PATH} PYTHONPATH=/home/rudrh/Autonomous-Wheelchair-System/Positioning/MapGeneration/Mapping/build/map_generator/prefix_override:/usr/lib/python3/dist-packages/colcon_core/task/python/colcon_distutils_commands:/home/rudrh/Autonomous-Wheelchair-System/Positioning/MapGeneration/Mapping/install/map_generator/lib/python3.12/site-packages:${PYTHONPATH} /usr/bin/python3 -W ignore:setup.py install is deprecated -W ignore:easy_install command is deprecated setup.py develop --editable --build-directory /home/rudrh/Autonomous-Wheelchair-System/Positioning/MapGeneration/Mapping/build/map_generator/build --no-deps symlink_data
[3.090s] Level 1:colcon.colcon_core.shell:create_environment_hook('map_generator', 'pythonpath_develop')
[3.091s] INFO:colcon.colcon_core.shell:Creating environment hook '/home/rudrh/Autonomous-Wheelchair-System/Positioning/MapGeneration/Mapping/build/map_generator/share/map_generator/hook/pythonpath_develop.ps1'
[3.091s] DEBUG:colcon.colcon_core.event_handler.log_command:Invoked command in '/home/rudrh/Autonomous-Wheelchair-System/Positioning/MapGeneration/Mapping/build/map_generator' returned '0': AMENT_PREFIX_PATH=/home/rudrh/Autonomous-Wheelchair-System/Positioning/MapGeneration/Mapping/install/sllidar_ros2:/home/rudrh/Autonomous-Wheelchair-System/Positioning/MapGeneration/Mapping/install/ros2_laser_scan_merger:${AMENT_PREFIX_PATH} CMAKE_PREFIX_PATH=/home/rudrh/Autonomous-Wheelchair-System/Positioning/MapGeneration/Mapping/install/sllidar_ros2:/home/rudrh/Autonomous-Wheelchair-System/Positioning/MapGeneration/Mapping/install/ros2_laser_scan_merger:${CMAKE_PREFIX_PATH} PYTHONPATH=/home/rudrh/Autonomous-Wheelchair-System/Positioning/MapGeneration/Mapping/build/map_generator/prefix_override:/usr/lib/python3/dist-packages/colcon_core/task/python/colcon_distutils_commands:/home/rudrh/Autonomous-Wheelchair-System/Positioning/MapGeneration/Mapping/install/map_generator/lib/python3.12/site-packages:${PYTHONPATH} /usr/bin/python3 -W ignore:setup.py install is deprecated -W ignore:easy_install command is deprecated setup.py develop --editable --build-directory /home/rudrh/Autonomous-Wheelchair-System/Positioning/MapGeneration/Mapping/build/map_generator/build --no-deps symlink_data
[3.092s] INFO:colcon.colcon_core.shell:Creating environment descriptor '/home/rudrh/Autonomous-Wheelchair-System/Positioning/MapGeneration/Mapping/build/map_generator/share/map_generator/hook/pythonpath_develop.dsv'
[3.093s] INFO:colcon.colcon_core.shell:Creating environment hook '/home/rudrh/Autonomous-Wheelchair-System/Positioning/MapGeneration/Mapping/build/map_generator/share/map_generator/hook/pythonpath_develop.sh'
[3.093s] Level 1:colcon.colcon_core.environment:checking '/home/rudrh/Autonomous-Wheelchair-System/Positioning/MapGeneration/Mapping/install/map_generator' for CMake module files
[3.094s] Level 1:colcon.colcon_core.environment:checking '/home/rudrh/Autonomous-Wheelchair-System/Positioning/MapGeneration/Mapping/install/map_generator' for CMake config files
[3.094s] Level 1:colcon.colcon_core.environment:checking '/home/rudrh/Autonomous-Wheelchair-System/Positioning/MapGeneration/Mapping/install/map_generator/lib'
[3.095s] Level 1:colcon.colcon_core.environment:checking '/home/rudrh/Autonomous-Wheelchair-System/Positioning/MapGeneration/Mapping/install/map_generator/bin'
[3.095s] Level 1:colcon.colcon_core.environment:checking '/home/rudrh/Autonomous-Wheelchair-System/Positioning/MapGeneration/Mapping/install/map_generator/lib/pkgconfig/map_generator.pc'
[3.095s] Level 1:colcon.colcon_core.environment:checking '/home/rudrh/Autonomous-Wheelchair-System/Positioning/MapGeneration/Mapping/install/map_generator/lib/python3.12/site-packages'
[3.095s] Level 1:colcon.colcon_core.shell:create_environment_hook('map_generator', 'pythonpath')
[3.095s] INFO:colcon.colcon_core.shell:Creating environment hook '/home/rudrh/Autonomous-Wheelchair-System/Positioning/MapGeneration/Mapping/install/map_generator/share/map_generator/hook/pythonpath.ps1'
[3.096s] INFO:colcon.colcon_core.shell:Creating environment descriptor '/home/rudrh/Autonomous-Wheelchair-System/Positioning/MapGeneration/Mapping/install/map_generator/share/map_generator/hook/pythonpath.dsv'
[3.096s] INFO:colcon.colcon_core.shell:Creating environment hook '/home/rudrh/Autonomous-Wheelchair-System/Positioning/MapGeneration/Mapping/install/map_generator/share/map_generator/hook/pythonpath.sh'
[3.097s] Level 1:colcon.colcon_core.environment:checking '/home/rudrh/Autonomous-Wheelchair-System/Positioning/MapGeneration/Mapping/install/map_generator/bin'
[3.097s] Level 1:colcon.colcon_core.environment:create_environment_scripts_only(map_generator)
[3.097s] INFO:colcon.colcon_core.shell:Creating package script '/home/rudrh/Autonomous-Wheelchair-System/Positioning/MapGeneration/Mapping/install/map_generator/share/map_generator/package.ps1'
[3.098s] INFO:colcon.colcon_core.shell:Creating package descriptor '/home/rudrh/Autonomous-Wheelchair-System/Positioning/MapGeneration/Mapping/install/map_generator/share/map_generator/package.dsv'
[3.098s] INFO:colcon.colcon_core.shell:Creating package script '/home/rudrh/Autonomous-Wheelchair-System/Positioning/MapGeneration/Mapping/install/map_generator/share/map_generator/package.sh'
[3.099s] INFO:colcon.colcon_core.shell:Creating package script '/home/rudrh/Autonomous-Wheelchair-System/Positioning/MapGeneration/Mapping/install/map_generator/share/map_generator/package.bash'
[3.099s] INFO:colcon.colcon_core.shell:Creating package script '/home/rudrh/Autonomous-Wheelchair-System/Positioning/MapGeneration/Mapping/install/map_generator/share/map_generator/package.zsh'
[3.100s] Level 1:colcon.colcon_core.environment:create_file_with_runtime_dependencies(/home/rudrh/Autonomous-Wheelchair-System/Positioning/MapGeneration/Mapping/install/map_generator/share/colcon-core/packages/map_generator)
[3.100s] DEBUG:colcon.colcon_parallel_executor.executor.parallel:closing loop
[3.101s] DEBUG:colcon.colcon_parallel_executor.executor.parallel:loop closed
[3.101s] DEBUG:colcon.colcon_parallel_executor.executor.parallel:run_until_complete finished with '0'
[3.101s] DEBUG:colcon.colcon_core.event_reactor:joining thread
[3.235s] INFO:colcon.colcon_core.plugin_system:Skipping extension 'colcon_notification.desktop_notification.notify_send': Could not find 'notify-send'
[3.236s] INFO:colcon.colcon_core.plugin_system:Skipping extension 'colcon_notification.desktop_notification.terminal_notifier': Not used on non-Darwin systems
[3.236s] INFO:colcon.colcon_core.plugin_system:Skipping extension 'colcon_notification.desktop_notification.win32': Not used on non-Windows systems
[3.236s] INFO:colcon.colcon_notification.desktop_notification:Sending desktop notification using 'notify2'
[3.271s] DEBUG:colcon.colcon_notification.desktop_notification.notify2:Failed to initialize notify2: org.freedesktop.DBus.Error.ServiceUnknown: The name org.freedesktop.Notifications was not provided by any .service files
[3.272s] DEBUG:colcon.colcon_core.event_reactor:joined thread
[3.272s] INFO:colcon.colcon_core.shell:Creating prefix script '/home/rudrh/Autonomous-Wheelchair-System/Positioning/MapGeneration/Mapping/install/local_setup.ps1'
[3.273s] INFO:colcon.colcon_core.shell:Creating prefix util module '/home/rudrh/Autonomous-Wheelchair-System/Positioning/MapGeneration/Mapping/install/_local_setup_util_ps1.py'
[3.274s] INFO:colcon.colcon_core.shell:Creating prefix chain script '/home/rudrh/Autonomous-Wheelchair-System/Positioning/MapGeneration/Mapping/install/setup.ps1'
[3.275s] INFO:colcon.colcon_core.shell:Creating prefix script '/home/rudrh/Autonomous-Wheelchair-System/Positioning/MapGeneration/Mapping/install/local_setup.sh'
[3.276s] INFO:colcon.colcon_core.shell:Creating prefix util module '/home/rudrh/Autonomous-Wheelchair-System/Positioning/MapGeneration/Mapping/install/_local_setup_util_sh.py'
[3.276s] INFO:colcon.colcon_core.shell:Creating prefix chain script '/home/rudrh/Autonomous-Wheelchair-System/Positioning/MapGeneration/Mapping/install/setup.sh'
[3.278s] INFO:colcon.colcon_core.shell:Creating prefix script '/home/rudrh/Autonomous-Wheelchair-System/Positioning/MapGeneration/Mapping/install/local_setup.bash'
[3.278s] INFO:colcon.colcon_core.shell:Creating prefix chain script '/home/rudrh/Autonomous-Wheelchair-System/Positioning/MapGeneration/Mapping/install/setup.bash'
[3.279s] INFO:colcon.colcon_core.shell:Creating prefix script '/home/rudrh/Autonomous-Wheelchair-System/Positioning/MapGeneration/Mapping/install/local_setup.zsh'
[3.280s] INFO:colcon.colcon_core.shell:Creating prefix chain script '/home/rudrh/Autonomous-Wheelchair-System/Positioning/MapGeneration/Mapping/install/setup.zsh'
